[2022-05-12T17:51:37+08:00][sql] CONNECT:[ UseTime:0.023990s ] mysql:host=127.0.0.1;port=3306;dbname=tp;charset=utf8
[2022-05-12T17:51:37+08:00][sql] SHOW FULL COLUMNS FROM `index_user` [ RunTime:0.000609s ]
[2022-05-12T17:51:37+08:00][sql] SELECT `role_id` FROM `index_user` `u` INNER JOIN `index_user_role` `c` ON `u`.`user_id`=`c`.`user_id` WHERE  ( u.user_id=2 ) LIMIT 1 [ RunTime:0.000373s ]
[2022-05-12T17:51:37+08:00][sql] SELECT * FROM `index_user` `u` INNER JOIN `index_user_role` `c` ON `u`.`user_id`=`c`.`user_id` WHERE  ( u.user_id=2 ) [ RunTime:0.000532s ]
[2022-05-12T17:51:37+08:00][sql] SHOW FULL COLUMNS FROM `index_rule_role` [ RunTime:0.000471s ]
[2022-05-12T17:51:37+08:00][sql] SELECT * FROM `index_rule_role` WHERE  `role_id` IN (2,0)  AND ( rule_id=1 ) [ RunTime:0.000175s ]
[2022-05-12T17:51:37+08:00][sql] SHOW FULL COLUMNS FROM `index_admin_classify` [ RunTime:0.000341s ]
[2022-05-12T17:51:37+08:00][sql] SELECT * FROM `index_admin_classify` WHERE  ( classify_pid=1 ) [ RunTime:0.000141s ]
[2022-05-12T17:51:37+08:00][sql] SELECT `admin_classify_id` FROM `index_admin_classify` WHERE  ( classify_pid=2 ) [ RunTime:0.000117s ]
[2022-05-12T17:51:37+08:00][sql] SELECT * FROM `index_admin_classify` WHERE  0 = 1 [ RunTime:0.000103s ]
[2022-05-12T17:51:37+08:00][sql] SELECT `admin_classify_id` FROM `index_admin_classify` WHERE  ( classify_pid=3 ) [ RunTime:0.000110s ]
[2022-05-12T17:51:37+08:00][sql] SHOW FULL COLUMNS FROM `index_classify` [ RunTime:0.000328s ]
[2022-05-12T17:51:37+08:00][sql] SELECT * FROM `index_classify` WHERE  `classify_id` = 2  AND ( classify_pid=1 ) [ RunTime:0.000161s ]
[2022-05-12T17:51:37+08:00][sql] SELECT `admin_classify_id` FROM `index_admin_classify` WHERE  ( classify_pid=4 ) [ RunTime:0.000117s ]
[2022-05-12T17:51:37+08:00][sql] SELECT `admin_classify_id` FROM `index_admin_classify` WHERE  ( classify_pid=5 ) [ RunTime:0.000111s ]
[2022-05-12T17:51:37+08:00][sql] SELECT `admin_classify_id` FROM `index_admin_classify` WHERE  ( classify_pid=6 ) [ RunTime:0.000107s ]
[2022-05-12T17:51:37+08:00][sql] SELECT `admin_classify_id` FROM `index_admin_classify` WHERE  ( classify_pid=7 ) [ RunTime:0.000108s ]
[2022-05-12T17:51:37+08:00][sql] SELECT `admin_classify_id` FROM `index_admin_classify` WHERE  ( classify_pid=10 ) [ RunTime:0.000131s ]
[2022-05-12T17:51:37+08:00][sql] SELECT `admin_classify_id` FROM `index_admin_classify` WHERE  ( classify_pid=11 ) [ RunTime:0.000118s ]
[2022-05-12T17:51:37+08:00][sql] SELECT `admin_classify_id` FROM `index_admin_classify` WHERE  ( classify_pid=12 ) [ RunTime:0.000108s ]
[2022-05-12T17:51:38+08:00][sql] CONNECT:[ UseTime:0.000847s ] mysql:host=127.0.0.1;port=3306;dbname=tp;charset=utf8
[2022-05-12T17:51:38+08:00][sql] select version() as ver [ RunTime:0.000211s ]
[2022-05-12T17:51:38+08:00][sql] CONNECT:[ UseTime:0.020233s ] mysql:host=127.0.0.1;port=3306;dbname=tp;charset=utf8
[2022-05-12T17:51:38+08:00][sql] SHOW FULL COLUMNS FROM `index_input` [ RunTime:0.000631s ]
[2022-05-12T17:51:38+08:00][sql] SELECT * FROM `index_input` WHERE  `type_id` = 2  AND `edit_switch` = 2  AND `input_pid` IS NULL ORDER BY `date` ASC [ RunTime:0.000307s ]
[2022-05-12T17:51:38+08:00][sql] SHOW FULL COLUMNS FROM `index_site` [ RunTime:0.000414s ]
[2022-05-12T17:51:38+08:00][sql] SELECT * FROM `index_site` WHERE  ( version_id=1 ) LIMIT 1 [ RunTime:0.000162s ]
[2022-05-12T17:51:38+08:00][sql] SELECT * FROM `index_input` WHERE  ( input_pid=3 ) [ RunTime:0.000196s ]
[2022-05-12T17:51:38+08:00][sql] SELECT * FROM `index_input` WHERE  ( input_pid=4 ) [ RunTime:0.000167s ]
[2022-05-12T17:51:38+08:00][sql] SELECT * FROM `index_input` WHERE  ( input_pid=5 ) [ RunTime:0.000167s ]
[2022-05-12T17:51:38+08:00][sql] CONNECT:[ UseTime:0.012690s ] mysql:host=127.0.0.1;port=3306;dbname=tp;charset=utf8
[2022-05-12T17:51:38+08:00][sql] SHOW FULL COLUMNS FROM `index_classify` [ RunTime:0.000737s ]
[2022-05-12T17:51:38+08:00][sql] SELECT * FROM `index_classify` WHERE  ( classify_id=2 ) LIMIT 1 [ RunTime:0.000242s ]
[2022-05-12T17:51:38+08:00][sql] SELECT COUNT(*) AS think_count FROM `index_classify` WHERE  ( classify_pid=2 ) LIMIT 1 [ RunTime:0.000168s ]
[2022-05-12T17:51:38+08:00][sql] SHOW FULL COLUMNS FROM `index_classify_type` [ RunTime:0.000575s ]
[2022-05-12T17:51:38+08:00][sql] SELECT `type_name` FROM `index_classify_type` WHERE  ( type_id=1 ) LIMIT 1 [ RunTime:0.000154s ]
[2022-05-12T17:51:38+08:00][sql] SELECT * FROM `index_classify` [ RunTime:0.000163s ]
[2022-05-12T17:51:38+08:00][sql] SELECT COUNT(*) AS think_count FROM `index_classify` WHERE  ( classify_pid=1 ) LIMIT 1 [ RunTime:0.000173s ]
[2022-05-12T17:51:38+08:00][sql] SELECT `type_name` FROM `index_classify_type` WHERE  ( type_id=1 ) LIMIT 1 [ RunTime:0.000160s ]
[2022-05-12T17:51:38+08:00][sql] SELECT COUNT(*) AS think_count FROM `index_classify` WHERE  ( classify_pid=2 ) LIMIT 1 [ RunTime:0.000132s ]
[2022-05-12T17:51:38+08:00][sql] SELECT `type_name` FROM `index_classify_type` WHERE  ( type_id=1 ) LIMIT 1 [ RunTime:0.000138s ]
[2022-05-12T17:51:38+08:00][sql] SELECT COUNT(*) AS think_count FROM `index_classify` WHERE  ( classify_pid=3 ) LIMIT 1 [ RunTime:0.000150s ]
[2022-05-12T17:51:38+08:00][sql] SELECT `type_name` FROM `index_classify_type` WHERE  ( type_id=5 ) LIMIT 1 [ RunTime:0.000134s ]
[2022-05-12T17:51:38+08:00][sql] SELECT COUNT(*) AS think_count FROM `index_classify` WHERE  ( classify_pid=5 ) LIMIT 1 [ RunTime:0.000213s ]
[2022-05-12T17:51:38+08:00][sql] SELECT `type_name` FROM `index_classify_type` WHERE  ( type_id=1 ) LIMIT 1 [ RunTime:0.000351s ]
[2022-05-12T17:51:38+08:00][sql] SELECT COUNT(*) AS think_count FROM `index_classify` WHERE  ( classify_pid=6 ) LIMIT 1 [ RunTime:0.000292s ]
[2022-05-12T17:51:38+08:00][sql] SELECT `type_name` FROM `index_classify_type` WHERE  ( type_id=1 ) LIMIT 1 [ RunTime:0.000436s ]
[2022-05-12T17:51:38+08:00][sql] SELECT COUNT(*) AS think_count FROM `index_classify` WHERE  ( classify_pid=7 ) LIMIT 1 [ RunTime:0.000472s ]
[2022-05-12T17:51:38+08:00][sql] SELECT `type_name` FROM `index_classify_type` WHERE  ( type_id=1 ) LIMIT 1 [ RunTime:0.000433s ]
[2022-05-12T17:52:19+08:00][sql] CONNECT:[ UseTime:0.000646s ] mysql:host=127.0.0.1;port=3306;dbname=tp;charset=utf8
[2022-05-12T17:52:19+08:00][sql] SHOW FULL COLUMNS FROM `index_user` [ RunTime:0.000587s ]
[2022-05-12T17:52:19+08:00][sql] SELECT * FROM `index_user` WHERE  `username` = 'admin' LIMIT 1 [ RunTime:0.000251s ]
[2022-05-12T17:52:19+08:00][sql] UPDATE `index_user`  SET `date` = 1652349139 , `secret` = 115963 , `password` = 'ce052ea1f56666961a3fb13f9ef6661b'  WHERE  `user_id` = 1 [ RunTime:0.000233s ]
[2022-05-12T17:52:19+08:00][sql] CONNECT:[ UseTime:0.000684s ] mysql:host=127.0.0.1;port=3306;dbname=tp;charset=utf8
[2022-05-12T17:52:19+08:00][sql] SHOW FULL COLUMNS FROM `index_user` [ RunTime:0.000464s ]
[2022-05-12T17:52:19+08:00][sql] SELECT `role_id` FROM `index_user` `u` INNER JOIN `index_user_role` `c` ON `u`.`user_id`=`c`.`user_id` WHERE  ( u.user_id=1 ) LIMIT 1 [ RunTime:0.000195s ]
[2022-05-12T17:52:19+08:00][sql] SHOW FULL COLUMNS FROM `index_admin_classify` [ RunTime:0.000325s ]
[2022-05-12T17:52:19+08:00][sql] SELECT * FROM `index_admin_classify` WHERE  ( classify_pid=1 ) [ RunTime:0.000160s ]
[2022-05-12T17:52:19+08:00][sql] SELECT * FROM `index_admin_classify` WHERE  ( classify_pid=2 ) [ RunTime:0.000180s ]
[2022-05-12T17:52:19+08:00][sql] SELECT * FROM `index_admin_classify` WHERE  ( classify_pid=3 ) [ RunTime:0.000172s ]
[2022-05-12T17:52:19+08:00][sql] SELECT * FROM `index_admin_classify` WHERE  ( classify_pid=4 ) [ RunTime:0.000171s ]
[2022-05-12T17:52:19+08:00][sql] SELECT * FROM `index_admin_classify` WHERE  ( classify_pid=5 ) [ RunTime:0.000136s ]
[2022-05-12T17:52:19+08:00][sql] SELECT * FROM `index_admin_classify` WHERE  ( classify_pid=6 ) [ RunTime:0.000135s ]
[2022-05-12T17:52:19+08:00][sql] SELECT * FROM `index_admin_classify` WHERE  ( classify_pid=7 ) [ RunTime:0.000198s ]
[2022-05-12T17:52:19+08:00][sql] SELECT * FROM `index_admin_classify` WHERE  ( classify_pid=10 ) [ RunTime:0.000182s ]
[2022-05-12T17:52:19+08:00][sql] SELECT * FROM `index_admin_classify` WHERE  ( classify_pid=11 ) [ RunTime:0.000222s ]
[2022-05-12T17:52:19+08:00][sql] SELECT * FROM `index_admin_classify` WHERE  ( classify_pid=12 ) [ RunTime:0.000215s ]
[2022-05-12T17:52:19+08:00][sql] SHOW FULL COLUMNS FROM `index_classify` [ RunTime:0.000428s ]
[2022-05-12T17:52:19+08:00][sql] SELECT * FROM `index_classify` WHERE  ( classify_pid=1 ) [ RunTime:0.000158s ]
[2022-05-12T17:52:19+08:00][sql] CONNECT:[ UseTime:0.000594s ] mysql:host=127.0.0.1;port=3306;dbname=tp;charset=utf8
[2022-05-12T17:52:19+08:00][sql] select version() as ver [ RunTime:0.000351s ]
[2022-05-12T17:52:19+08:00][sql] CONNECT:[ UseTime:0.000661s ] mysql:host=127.0.0.1;port=3306;dbname=tp;charset=utf8
[2022-05-12T17:52:19+08:00][sql] SHOW FULL COLUMNS FROM `index_member` [ RunTime:0.000517s ]
[2022-05-12T17:52:19+08:00][sql] SELECT COUNT(*) AS think_count FROM `index_member` LIMIT 1 [ RunTime:0.000173s ]
[2022-05-12T17:52:19+08:00][sql] SELECT * FROM `index_member` LIMIT 0,20 [ RunTime:0.000199s ]
[2022-05-12T17:52:19+08:00][sql] SHOW FULL COLUMNS FROM `index_input` [ RunTime:0.000595s ]
[2022-05-12T17:52:19+08:00][sql] SELECT * FROM `index_input` WHERE  `type_id` = 8  AND `list_switch` = 2 [ RunTime:0.000239s ]
[2022-05-12T17:52:20+08:00][sql] CONNECT:[ UseTime:0.022654s ] mysql:host=127.0.0.1;port=3306;dbname=tp;charset=utf8
[2022-05-12T17:52:20+08:00][sql] SHOW FULL COLUMNS FROM `index_user` [ RunTime:0.000483s ]
[2022-05-12T17:52:20+08:00][sql] SELECT COUNT(*) AS think_count FROM `index_user` WHERE  `user_id` > 1 LIMIT 1 [ RunTime:0.000216s ]
[2022-05-12T17:52:20+08:00][sql] SELECT * FROM `index_user` WHERE  `user_id` > 1 LIMIT 0,20 [ RunTime:0.000172s ]
[2022-05-12T17:52:20+08:00][sql] SHOW FULL COLUMNS FROM `index_user_role` [ RunTime:0.000385s ]
[2022-05-12T17:52:20+08:00][sql] SELECT `role_id` FROM `index_user_role` WHERE  ( user_id=2 ) [ RunTime:0.000160s ]
[2022-05-12T17:52:20+08:00][sql] SHOW FULL COLUMNS FROM `index_role` [ RunTime:0.000314s ]
[2022-05-12T17:52:20+08:00][sql] SELECT `role_name` FROM `index_role` WHERE  ( role_id=2 ) LIMIT 1 [ RunTime:0.000235s ]
[2022-05-12T17:52:20+08:00][sql] SELECT `role_id` FROM `index_user_role` WHERE  ( user_id=4 ) [ RunTime:0.000248s ]
[2022-05-12T17:52:20+08:00][sql] SELECT `role_name` FROM `index_role` WHERE  ( role_id=1 ) LIMIT 1 [ RunTime:0.000236s ]
[2022-05-12T17:52:20+08:00][sql] CONNECT:[ UseTime:0.022012s ] mysql:host=127.0.0.1;port=3306;dbname=tp;charset=utf8
[2022-05-12T17:52:20+08:00][sql] SHOW FULL COLUMNS FROM `index_input` [ RunTime:0.000544s ]
[2022-05-12T17:52:20+08:00][sql] SELECT * FROM `index_input` WHERE  `type_id` = 11  AND `list_switch` = 2 [ RunTime:0.000258s ]
[2022-05-12T17:52:20+08:00][sql] SELECT * FROM `index_input` WHERE  ( input_pid=56 ) [ RunTime:0.000233s ]
[2022-05-12T17:52:20+08:00][sql] SELECT * FROM `index_input` WHERE  ( input_pid=56 ) [ RunTime:0.000184s ]
[2022-05-12T17:52:20+08:00][sql] SHOW FULL COLUMNS FROM `index_order` [ RunTime:0.000384s ]
[2022-05-12T17:52:20+08:00][sql] SELECT COUNT(*) AS think_count FROM `index_order` LIMIT 1 [ RunTime:0.000143s ]
[2022-05-12T17:52:20+08:00][sql] SELECT * FROM `index_order` LIMIT 0,20 [ RunTime:0.000227s ]
[2022-05-12T17:52:20+08:00][sql] SHOW FULL COLUMNS FROM `index_member` [ RunTime:0.000523s ]
[2022-05-12T17:52:20+08:00][sql] SELECT `username` FROM `index_member` WHERE  ( member_id=1 ) LIMIT 1 [ RunTime:0.000205s ]
[2022-05-12T17:52:20+08:00][sql] SELECT `input_name` FROM `index_input` WHERE  ( input_pid=56 and input_value=1 ) LIMIT 1 [ RunTime:0.000197s ]
[2022-05-12T17:52:20+08:00][sql] CONNECT:[ UseTime:0.022827s ] mysql:host=127.0.0.1;port=3306;dbname=tp;charset=utf8
[2022-05-12T17:52:20+08:00][sql] SHOW FULL COLUMNS FROM `index_role` [ RunTime:0.000485s ]
[2022-05-12T17:52:20+08:00][sql] SELECT COUNT(*) AS think_count FROM `index_role` LIMIT 1 [ RunTime:0.000126s ]
[2022-05-12T17:52:20+08:00][sql] SELECT * FROM `index_role` LIMIT 0,20 [ RunTime:0.000201s ]
[2022-05-12T17:52:20+08:00][sql] SHOW FULL COLUMNS FROM `index_user_role` [ RunTime:0.000454s ]
[2022-05-12T17:52:20+08:00][sql] SELECT `user_id` FROM `index_user_role` WHERE  ( role_id=1 ) [ RunTime:0.000175s ]
[2022-05-12T17:52:20+08:00][sql] SHOW FULL COLUMNS FROM `index_user` [ RunTime:0.000323s ]
[2022-05-12T17:52:20+08:00][sql] SELECT `name` FROM `index_user` WHERE  ( user_id=4 ) LIMIT 1 [ RunTime:0.000185s ]
[2022-05-12T17:52:20+08:00][sql] SELECT `name` FROM `index_user` WHERE  ( user_id=1 ) LIMIT 1 [ RunTime:0.000174s ]
[2022-05-12T17:52:20+08:00][sql] SELECT `user_id` FROM `index_user_role` WHERE  ( role_id=2 ) [ RunTime:0.000115s ]
[2022-05-12T17:52:20+08:00][sql] SELECT `name` FROM `index_user` WHERE  ( user_id=2 ) LIMIT 1 [ RunTime:0.000115s ]
[2022-05-12T17:52:22+08:00][sql] CONNECT:[ UseTime:0.018756s ] mysql:host=127.0.0.1;port=3306;dbname=tp;charset=utf8
[2022-05-12T17:52:22+08:00][sql] SHOW FULL COLUMNS FROM `index_role` [ RunTime:0.000554s ]
[2022-05-12T17:52:22+08:00][sql] SELECT * FROM `index_role` WHERE  ( role_id=2 ) LIMIT 1 [ RunTime:0.000209s ]
[2022-05-12T17:52:22+08:00][sql] SHOW FULL COLUMNS FROM `index_admin_classify` [ RunTime:0.000366s ]
[2022-05-12T17:52:22+08:00][sql] SELECT * FROM `index_admin_classify` WHERE  ( classify_pid=1 ) ORDER BY `date` ASC [ RunTime:0.000211s ]
[2022-05-12T17:52:22+08:00][sql] SELECT * FROM `index_admin_classify` WHERE  ( classify_pid=2 ) ORDER BY `date` ASC [ RunTime:0.000242s ]
[2022-05-12T17:52:22+08:00][sql] SHOW FULL COLUMNS FROM `index_rule_role` [ RunTime:0.000349s ]
[2022-05-12T17:52:22+08:00][sql] SELECT `rule_id` FROM `index_rule_role` WHERE  `role_id` = 2  AND `admin_classify_id` = 2 [ RunTime:0.000218s ]
[2022-05-12T17:52:22+08:00][sql] SHOW FULL COLUMNS FROM `index_classify` [ RunTime:0.000478s ]
[2022-05-12T17:52:22+08:00][sql] SELECT * FROM `index_classify` WHERE  ( classify_pid=1 ) ORDER BY `date` ASC [ RunTime:0.000230s ]
[2022-05-12T17:52:22+08:00][sql] SELECT `rule_id` FROM `index_rule_role` WHERE  `role_id` = 2  AND `classify_id` = 2 [ RunTime:0.000225s ]
[2022-05-12T17:52:22+08:00][sql] SELECT `rule_id` FROM `index_rule_role` WHERE  `role_id` = 2  AND `classify_id` = 5 [ RunTime:0.000151s ]
[2022-05-12T17:52:22+08:00][sql] SELECT * FROM `index_admin_classify` WHERE  ( classify_pid=4 ) ORDER BY `date` ASC [ RunTime:0.000210s ]
[2022-05-12T17:52:22+08:00][sql] SELECT `rule_id` FROM `index_rule_role` WHERE  `role_id` = 2  AND `admin_classify_id` = 4 [ RunTime:0.000153s ]
[2022-05-12T17:52:22+08:00][sql] SELECT * FROM `index_admin_classify` WHERE  ( classify_pid=5 ) ORDER BY `date` ASC [ RunTime:0.000224s ]
[2022-05-12T17:52:22+08:00][sql] SELECT `rule_id` FROM `index_rule_role` WHERE  `role_id` = 2  AND `admin_classify_id` = 5 [ RunTime:0.000148s ]
[2022-05-12T17:52:22+08:00][sql] SELECT * FROM `index_admin_classify` WHERE  ( classify_pid=6 ) ORDER BY `date` ASC [ RunTime:0.000184s ]
[2022-05-12T17:52:22+08:00][sql] SELECT `rule_id` FROM `index_rule_role` WHERE  `role_id` = 2  AND `admin_classify_id` = 6 [ RunTime:0.000179s ]
[2022-05-12T17:52:22+08:00][sql] SELECT * FROM `index_admin_classify` WHERE  ( classify_pid=7 ) ORDER BY `date` ASC [ RunTime:0.000152s ]
[2022-05-12T17:52:22+08:00][sql] SELECT `rule_id` FROM `index_rule_role` WHERE  `role_id` = 2  AND `admin_classify_id` = 8 [ RunTime:0.000120s ]
[2022-05-12T17:52:22+08:00][sql] SELECT `rule_id` FROM `index_rule_role` WHERE  `role_id` = 2  AND `admin_classify_id` = 9 [ RunTime:0.000118s ]
[2022-05-12T17:52:22+08:00][sql] SELECT * FROM `index_admin_classify` WHERE  ( classify_pid=10 ) ORDER BY `date` ASC [ RunTime:0.000125s ]
[2022-05-12T17:52:22+08:00][sql] SELECT `rule_id` FROM `index_rule_role` WHERE  `role_id` = 2  AND `admin_classify_id` = 10 [ RunTime:0.000119s ]
[2022-05-12T17:52:22+08:00][sql] SELECT * FROM `index_admin_classify` WHERE  ( classify_pid=11 ) ORDER BY `date` ASC [ RunTime:0.000124s ]
[2022-05-12T17:52:22+08:00][sql] SELECT `rule_id` FROM `index_rule_role` WHERE  `role_id` = 2  AND `admin_classify_id` = 11 [ RunTime:0.000119s ]
[2022-05-12T17:52:22+08:00][sql] SELECT * FROM `index_admin_classify` WHERE  ( classify_pid=12 ) ORDER BY `date` ASC [ RunTime:0.000123s ]
[2022-05-12T17:52:22+08:00][sql] SELECT `rule_id` FROM `index_rule_role` WHERE  `role_id` = 2  AND `admin_classify_id` = 12 [ RunTime:0.000118s ]
[2022-05-12T17:52:22+08:00][sql] SHOW FULL COLUMNS FROM `index_rule` [ RunTime:0.000392s ]
[2022-05-12T17:52:22+08:00][sql] SELECT * FROM `index_rule` [ RunTime:0.000110s ]
[2022-05-12T17:52:26+08:00][sql] CONNECT:[ UseTime:0.000862s ] mysql:host=127.0.0.1;port=3306;dbname=tp;charset=utf8
[2022-05-12T17:52:26+08:00][sql] SHOW FULL COLUMNS FROM `index_user` [ RunTime:0.000586s ]
[2022-05-12T17:52:26+08:00][sql] SELECT `role_id` FROM `index_user` `u` INNER JOIN `index_user_role` `c` ON `u`.`user_id`=`c`.`user_id` WHERE  ( u.user_id=2 ) LIMIT 1 [ RunTime:0.000274s ]
[2022-05-12T17:52:26+08:00][sql] SELECT * FROM `index_user` `u` INNER JOIN `index_user_role` `c` ON `u`.`user_id`=`c`.`user_id` WHERE  ( u.user_id=2 ) [ RunTime:0.000253s ]
[2022-05-12T17:52:26+08:00][sql] SHOW FULL COLUMNS FROM `index_rule_role` [ RunTime:0.000377s ]
[2022-05-12T17:52:26+08:00][sql] SELECT * FROM `index_rule_role` WHERE  `role_id` IN (2,0)  AND ( rule_id=1 ) [ RunTime:0.000203s ]
[2022-05-12T17:52:26+08:00][sql] SHOW FULL COLUMNS FROM `index_admin_classify` [ RunTime:0.000365s ]
[2022-05-12T17:52:26+08:00][sql] SELECT * FROM `index_admin_classify` WHERE  ( classify_pid=1 ) [ RunTime:0.000193s ]
[2022-05-12T17:52:26+08:00][sql] SELECT `admin_classify_id` FROM `index_admin_classify` WHERE  ( classify_pid=2 ) [ RunTime:0.000194s ]
[2022-05-12T17:52:26+08:00][sql] SELECT * FROM `index_admin_classify` WHERE  0 = 1 [ RunTime:0.000219s ]
[2022-05-12T17:52:26+08:00][sql] SELECT `admin_classify_id` FROM `index_admin_classify` WHERE  ( classify_pid=3 ) [ RunTime:0.000222s ]
[2022-05-12T17:52:26+08:00][sql] SHOW FULL COLUMNS FROM `index_classify` [ RunTime:0.000591s ]
[2022-05-12T17:52:26+08:00][sql] SELECT * FROM `index_classify` WHERE  `classify_id` IN (5,2)  AND ( classify_pid=1 ) [ RunTime:0.000354s ]
[2022-05-12T17:52:26+08:00][sql] SELECT `admin_classify_id` FROM `index_admin_classify` WHERE  ( classify_pid=4 ) [ RunTime:0.000240s ]
[2022-05-12T17:52:26+08:00][sql] SELECT `admin_classify_id` FROM `index_admin_classify` WHERE  ( classify_pid=5 ) [ RunTime:0.000215s ]
[2022-05-12T17:52:26+08:00][sql] SELECT `admin_classify_id` FROM `index_admin_classify` WHERE  ( classify_pid=6 ) [ RunTime:0.000206s ]
[2022-05-12T17:52:26+08:00][sql] SELECT `admin_classify_id` FROM `index_admin_classify` WHERE  ( classify_pid=7 ) [ RunTime:0.000204s ]
[2022-05-12T17:52:26+08:00][sql] SELECT `admin_classify_id` FROM `index_admin_classify` WHERE  ( classify_pid=10 ) [ RunTime:0.000192s ]
[2022-05-12T17:52:26+08:00][sql] SELECT `admin_classify_id` FROM `index_admin_classify` WHERE  ( classify_pid=11 ) [ RunTime:0.000133s ]
[2022-05-12T17:52:26+08:00][sql] SELECT `admin_classify_id` FROM `index_admin_classify` WHERE  ( classify_pid=12 ) [ RunTime:0.000133s ]
[2022-05-12T17:52:26+08:00][sql] CONNECT:[ UseTime:0.025160s ] mysql:host=127.0.0.1;port=3306;dbname=tp;charset=utf8
[2022-05-12T17:52:26+08:00][sql] select version() as ver [ RunTime:0.000282s ]
[2022-05-12T17:52:26+08:00][sql] CONNECT:[ UseTime:0.020614s ] mysql:host=127.0.0.1;port=3306;dbname=tp;charset=utf8
[2022-05-12T17:52:26+08:00][sql] SHOW FULL COLUMNS FROM `index_input` [ RunTime:0.000849s ]
[2022-05-12T17:52:26+08:00][sql] SELECT * FROM `index_input` WHERE  `type_id` = 2  AND `edit_switch` = 2  AND `input_pid` IS NULL ORDER BY `date` ASC [ RunTime:0.000300s ]
[2022-05-12T17:52:26+08:00][sql] SHOW FULL COLUMNS FROM `index_site` [ RunTime:0.000633s ]
[2022-05-12T17:52:26+08:00][sql] SELECT * FROM `index_site` WHERE  ( version_id=1 ) LIMIT 1 [ RunTime:0.000185s ]
[2022-05-12T17:52:26+08:00][sql] SELECT * FROM `index_input` WHERE  ( input_pid=3 ) [ RunTime:0.000169s ]
[2022-05-12T17:52:26+08:00][sql] SELECT * FROM `index_input` WHERE  ( input_pid=4 ) [ RunTime:0.000175s ]
[2022-05-12T17:52:26+08:00][sql] SELECT * FROM `index_input` WHERE  ( input_pid=5 ) [ RunTime:0.000184s ]
[2022-05-12T17:52:26+08:00][sql] CONNECT:[ UseTime:0.013835s ] mysql:host=127.0.0.1;port=3306;dbname=tp;charset=utf8
[2022-05-12T17:52:26+08:00][sql] SHOW FULL COLUMNS FROM `index_classify` [ RunTime:0.000785s ]
[2022-05-12T17:52:26+08:00][sql] SELECT * FROM `index_classify` WHERE  ( classify_id=2 ) LIMIT 1 [ RunTime:0.000287s ]
[2022-05-12T17:52:26+08:00][sql] SELECT COUNT(*) AS think_count FROM `index_classify` WHERE  ( classify_pid=2 ) LIMIT 1 [ RunTime:0.000197s ]
[2022-05-12T17:52:26+08:00][sql] SHOW FULL COLUMNS FROM `index_classify_type` [ RunTime:0.000665s ]
[2022-05-12T17:52:26+08:00][sql] SELECT `type_name` FROM `index_classify_type` WHERE  ( type_id=1 ) LIMIT 1 [ RunTime:0.000182s ]
[2022-05-12T17:52:26+08:00][sql] SELECT * FROM `index_classify` [ RunTime:0.000230s ]
[2022-05-12T17:52:26+08:00][sql] SELECT COUNT(*) AS think_count FROM `index_classify` WHERE  ( classify_pid=1 ) LIMIT 1 [ RunTime:0.000151s ]
[2022-05-12T17:52:26+08:00][sql] SELECT `type_name` FROM `index_classify_type` WHERE  ( type_id=1 ) LIMIT 1 [ RunTime:0.000163s ]
[2022-05-12T17:52:26+08:00][sql] SELECT COUNT(*) AS think_count FROM `index_classify` WHERE  ( classify_pid=2 ) LIMIT 1 [ RunTime:0.000152s ]
[2022-05-12T17:52:26+08:00][sql] SELECT `type_name` FROM `index_classify_type` WHERE  ( type_id=1 ) LIMIT 1 [ RunTime:0.000147s ]
[2022-05-12T17:52:26+08:00][sql] SELECT COUNT(*) AS think_count FROM `index_classify` WHERE  ( classify_pid=3 ) LIMIT 1 [ RunTime:0.000162s ]
[2022-05-12T17:52:26+08:00][sql] SELECT `type_name` FROM `index_classify_type` WHERE  ( type_id=5 ) LIMIT 1 [ RunTime:0.000139s ]
[2022-05-12T17:52:26+08:00][sql] SELECT COUNT(*) AS think_count FROM `index_classify` WHERE  ( classify_pid=5 ) LIMIT 1 [ RunTime:0.000180s ]
[2022-05-12T17:52:26+08:00][sql] SELECT `type_name` FROM `index_classify_type` WHERE  ( type_id=1 ) LIMIT 1 [ RunTime:0.000122s ]
[2022-05-12T17:52:26+08:00][sql] SELECT COUNT(*) AS think_count FROM `index_classify` WHERE  ( classify_pid=6 ) LIMIT 1 [ RunTime:0.000155s ]
[2022-05-12T17:52:26+08:00][sql] SELECT `type_name` FROM `index_classify_type` WHERE  ( type_id=1 ) LIMIT 1 [ RunTime:0.000147s ]
[2022-05-12T17:52:26+08:00][sql] SELECT COUNT(*) AS think_count FROM `index_classify` WHERE  ( classify_pid=7 ) LIMIT 1 [ RunTime:0.000183s ]
[2022-05-12T17:52:26+08:00][sql] SELECT `type_name` FROM `index_classify_type` WHERE  ( type_id=1 ) LIMIT 1 [ RunTime:0.000152s ]
[2022-05-12T17:52:28+08:00][sql] CONNECT:[ UseTime:0.025128s ] mysql:host=127.0.0.1;port=3306;dbname=tp;charset=utf8
[2022-05-12T17:52:28+08:00][sql] SHOW FULL COLUMNS FROM `index_classify` [ RunTime:0.000724s ]
[2022-05-12T17:52:28+08:00][sql] SELECT * FROM `index_classify` WHERE  ( classify_id=5 ) LIMIT 1 [ RunTime:0.000277s ]
[2022-05-12T17:52:28+08:00][sql] SELECT COUNT(*) AS think_count FROM `index_classify` WHERE  ( classify_pid=5 ) LIMIT 1 [ RunTime:0.000198s ]
[2022-05-12T17:52:28+08:00][sql] SHOW FULL COLUMNS FROM `index_classify_type` [ RunTime:0.000630s ]
[2022-05-12T17:52:28+08:00][sql] SELECT `type_name` FROM `index_classify_type` WHERE  ( type_id=1 ) LIMIT 1 [ RunTime:0.000185s ]
[2022-05-12T17:52:28+08:00][sql] SELECT * FROM `index_classify` [ RunTime:0.000189s ]
[2022-05-12T17:52:28+08:00][sql] SELECT COUNT(*) AS think_count FROM `index_classify` WHERE  ( classify_pid=1 ) LIMIT 1 [ RunTime:0.000176s ]
[2022-05-12T17:52:28+08:00][sql] SELECT `type_name` FROM `index_classify_type` WHERE  ( type_id=1 ) LIMIT 1 [ RunTime:0.000186s ]
[2022-05-12T17:52:28+08:00][sql] SELECT COUNT(*) AS think_count FROM `index_classify` WHERE  ( classify_pid=2 ) LIMIT 1 [ RunTime:0.000212s ]
[2022-05-12T17:52:28+08:00][sql] SELECT `type_name` FROM `index_classify_type` WHERE  ( type_id=1 ) LIMIT 1 [ RunTime:0.000223s ]
[2022-05-12T17:52:28+08:00][sql] SELECT COUNT(*) AS think_count FROM `index_classify` WHERE  ( classify_pid=3 ) LIMIT 1 [ RunTime:0.000213s ]
[2022-05-12T17:52:28+08:00][sql] SELECT `type_name` FROM `index_classify_type` WHERE  ( type_id=5 ) LIMIT 1 [ RunTime:0.000220s ]
[2022-05-12T17:52:28+08:00][sql] SELECT COUNT(*) AS think_count FROM `index_classify` WHERE  ( classify_pid=5 ) LIMIT 1 [ RunTime:0.000265s ]
[2022-05-12T17:52:28+08:00][sql] SELECT `type_name` FROM `index_classify_type` WHERE  ( type_id=1 ) LIMIT 1 [ RunTime:0.000308s ]
[2022-05-12T17:52:28+08:00][sql] SELECT COUNT(*) AS think_count FROM `index_classify` WHERE  ( classify_pid=6 ) LIMIT 1 [ RunTime:0.000285s ]
[2022-05-12T17:52:28+08:00][sql] SELECT `type_name` FROM `index_classify_type` WHERE  ( type_id=1 ) LIMIT 1 [ RunTime:0.000226s ]
[2022-05-12T17:52:28+08:00][sql] SELECT COUNT(*) AS think_count FROM `index_classify` WHERE  ( classify_pid=7 ) LIMIT 1 [ RunTime:0.000272s ]
[2022-05-12T17:52:28+08:00][sql] SELECT `type_name` FROM `index_classify_type` WHERE  ( type_id=1 ) LIMIT 1 [ RunTime:0.000189s ]
