[2022-05-14T16:32:46+08:00][sql] CONNECT:[ UseTime:0.008210s ] mysql:host=127.0.0.1;port=3306;dbname=tp;charset=utf8
[2022-05-14T16:32:46+08:00][sql] SHOW FULL COLUMNS FROM `index_user` [ RunTime:0.018702s ]
[2022-05-14T16:32:46+08:00][sql] SELECT * FROM `index_user` WHERE  `username` = 'admin' LIMIT 1 [ RunTime:0.004400s ]
[2022-05-14T16:32:46+08:00][sql] UPDATE `index_user`  SET `date` = 1652517166 , `secret` = 336047 , `password` = '44d4b035a0d90bf87b8ae485b7743fd8'  WHERE  `user_id` = 1 [ RunTime:0.002507s ]
[2022-05-14T16:32:46+08:00][sql] CONNECT:[ UseTime:0.000603s ] mysql:host=127.0.0.1;port=3306;dbname=tp;charset=utf8
[2022-05-14T16:32:46+08:00][sql] SHOW FULL COLUMNS FROM `index_user` [ RunTime:0.000682s ]
[2022-05-14T16:32:46+08:00][sql] SELECT `role_id` FROM `index_user` `u` INNER JOIN `index_user_role` `c` ON `u`.`user_id`=`c`.`user_id` WHERE  ( u.user_id=1 ) LIMIT 1 [ RunTime:0.003784s ]
[2022-05-14T16:32:46+08:00][sql] SHOW FULL COLUMNS FROM `index_admin_classify` [ RunTime:0.002618s ]
[2022-05-14T16:32:46+08:00][sql] SELECT * FROM `index_admin_classify` WHERE  ( classify_pid=1 ) [ RunTime:0.000728s ]
[2022-05-14T16:32:46+08:00][sql] SELECT * FROM `index_admin_classify` WHERE  ( classify_pid=2 ) [ RunTime:0.000226s ]
[2022-05-14T16:32:46+08:00][sql] SELECT * FROM `index_admin_classify` WHERE  ( classify_pid=3 ) [ RunTime:0.000215s ]
[2022-05-14T16:32:46+08:00][sql] SELECT * FROM `index_admin_classify` WHERE  ( classify_pid=4 ) [ RunTime:0.000214s ]
[2022-05-14T16:32:46+08:00][sql] SELECT * FROM `index_admin_classify` WHERE  ( classify_pid=5 ) [ RunTime:0.000194s ]
[2022-05-14T16:32:46+08:00][sql] SELECT * FROM `index_admin_classify` WHERE  ( classify_pid=6 ) [ RunTime:0.000208s ]
[2022-05-14T16:32:46+08:00][sql] SELECT * FROM `index_admin_classify` WHERE  ( classify_pid=7 ) [ RunTime:0.000209s ]
[2022-05-14T16:32:46+08:00][sql] SELECT * FROM `index_admin_classify` WHERE  ( classify_pid=10 ) [ RunTime:0.000209s ]
[2022-05-14T16:32:46+08:00][sql] SELECT * FROM `index_admin_classify` WHERE  ( classify_pid=11 ) [ RunTime:0.000187s ]
[2022-05-14T16:32:46+08:00][sql] SELECT * FROM `index_admin_classify` WHERE  ( classify_pid=12 ) [ RunTime:0.000209s ]
[2022-05-14T16:32:46+08:00][sql] SHOW FULL COLUMNS FROM `index_classify` [ RunTime:0.006290s ]
[2022-05-14T16:32:46+08:00][sql] SELECT * FROM `index_classify` WHERE  ( classify_pid=1 ) [ RunTime:0.000307s ]
[2022-05-14T16:32:46+08:00][sql] CONNECT:[ UseTime:0.000562s ] mysql:host=127.0.0.1;port=3306;dbname=tp;charset=utf8
[2022-05-14T16:32:46+08:00][sql] select version() as ver [ RunTime:0.002160s ]
[2022-05-14T16:32:47+08:00][sql] CONNECT:[ UseTime:0.000656s ] mysql:host=127.0.0.1;port=3306;dbname=tp;charset=utf8
[2022-05-14T16:32:47+08:00][sql] SHOW FULL COLUMNS FROM `index_role` [ RunTime:0.002451s ]
[2022-05-14T16:32:47+08:00][sql] SELECT COUNT(*) AS think_count FROM `index_role` LIMIT 1 [ RunTime:0.001075s ]
[2022-05-14T16:32:47+08:00][sql] SELECT * FROM `index_role` LIMIT 0,20 [ RunTime:0.000269s ]
[2022-05-14T16:32:47+08:00][sql] SHOW FULL COLUMNS FROM `index_user_role` [ RunTime:0.000769s ]
[2022-05-14T16:32:47+08:00][sql] SELECT `user_id` FROM `index_user_role` WHERE  ( role_id=1 ) [ RunTime:0.000239s ]
[2022-05-14T16:32:47+08:00][sql] SHOW FULL COLUMNS FROM `index_user` [ RunTime:0.000658s ]
[2022-05-14T16:32:47+08:00][sql] SELECT `name` FROM `index_user` WHERE  ( user_id=4 ) LIMIT 1 [ RunTime:0.000247s ]
[2022-05-14T16:32:47+08:00][sql] SELECT `name` FROM `index_user` WHERE  ( user_id=1 ) LIMIT 1 [ RunTime:0.000215s ]
[2022-05-14T16:32:47+08:00][sql] SELECT `user_id` FROM `index_user_role` WHERE  ( role_id=2 ) [ RunTime:0.000214s ]
[2022-05-14T16:32:47+08:00][sql] SELECT `name` FROM `index_user` WHERE  ( user_id=2 ) LIMIT 1 [ RunTime:0.000131s ]
[2022-05-14T16:32:47+08:00][sql] CONNECT:[ UseTime:0.000997s ] mysql:host=127.0.0.1;port=3306;dbname=tp;charset=utf8
[2022-05-14T16:32:47+08:00][sql] SHOW FULL COLUMNS FROM `index_user` [ RunTime:0.000767s ]
[2022-05-14T16:32:47+08:00][sql] SELECT COUNT(*) AS think_count FROM `index_user` WHERE  `user_id` > 1 LIMIT 1 [ RunTime:0.001086s ]
[2022-05-14T16:32:47+08:00][sql] SELECT * FROM `index_user` WHERE  `user_id` > 1 LIMIT 0,20 [ RunTime:0.000271s ]
[2022-05-14T16:32:47+08:00][sql] SHOW FULL COLUMNS FROM `index_user_role` [ RunTime:0.000697s ]
[2022-05-14T16:32:47+08:00][sql] SELECT `role_id` FROM `index_user_role` WHERE  ( user_id=2 ) [ RunTime:0.000263s ]
[2022-05-14T16:32:47+08:00][sql] SHOW FULL COLUMNS FROM `index_role` [ RunTime:0.000686s ]
[2022-05-14T16:32:47+08:00][sql] SELECT `role_name` FROM `index_role` WHERE  ( role_id=2 ) LIMIT 1 [ RunTime:0.000218s ]
[2022-05-14T16:32:47+08:00][sql] SELECT `role_id` FROM `index_user_role` WHERE  ( user_id=4 ) [ RunTime:0.000175s ]
[2022-05-14T16:32:47+08:00][sql] SELECT `role_name` FROM `index_role` WHERE  ( role_id=1 ) LIMIT 1 [ RunTime:0.000211s ]
[2022-05-14T16:32:47+08:00][sql] CONNECT:[ UseTime:0.000933s ] mysql:host=127.0.0.1;port=3306;dbname=tp;charset=utf8
[2022-05-14T16:32:47+08:00][sql] SHOW FULL COLUMNS FROM `index_input` [ RunTime:0.002216s ]
[2022-05-14T16:32:47+08:00][sql] SELECT * FROM `index_input` WHERE  `type_id` = 11  AND `list_switch` = 2 [ RunTime:0.000929s ]
[2022-05-14T16:32:47+08:00][sql] SELECT * FROM `index_input` WHERE  ( input_pid=56 ) [ RunTime:0.000276s ]
[2022-05-14T16:32:47+08:00][sql] SELECT * FROM `index_input` WHERE  ( input_pid=56 ) [ RunTime:0.000215s ]
[2022-05-14T16:32:47+08:00][sql] SHOW FULL COLUMNS FROM `index_order` [ RunTime:0.004036s ]
[2022-05-14T16:32:47+08:00][sql] SELECT COUNT(*) AS think_count FROM `index_order` LIMIT 1 [ RunTime:0.000265s ]
[2022-05-14T16:32:47+08:00][sql] SELECT * FROM `index_order` LIMIT 0,20 [ RunTime:0.000194s ]
[2022-05-14T16:32:47+08:00][sql] SHOW FULL COLUMNS FROM `index_member` [ RunTime:0.003976s ]
[2022-05-14T16:32:47+08:00][sql] SELECT `username` FROM `index_member` WHERE  ( member_id=1 ) LIMIT 1 [ RunTime:0.000278s ]
[2022-05-14T16:32:47+08:00][sql] SELECT `input_name` FROM `index_input` WHERE  ( input_pid=56 and input_value=1 ) LIMIT 1 [ RunTime:0.000599s ]
[2022-05-14T16:32:47+08:00][sql] CONNECT:[ UseTime:0.024056s ] mysql:host=127.0.0.1;port=3306;dbname=tp;charset=utf8
[2022-05-14T16:32:47+08:00][sql] SHOW FULL COLUMNS FROM `index_member` [ RunTime:0.001122s ]
[2022-05-14T16:32:47+08:00][sql] SELECT COUNT(*) AS think_count FROM `index_member` LIMIT 1 [ RunTime:0.000189s ]
[2022-05-14T16:32:47+08:00][sql] SELECT * FROM `index_member` LIMIT 0,20 [ RunTime:0.000220s ]
[2022-05-14T16:32:47+08:00][sql] SHOW FULL COLUMNS FROM `index_input` [ RunTime:0.000640s ]
[2022-05-14T16:32:47+08:00][sql] SELECT * FROM `index_input` WHERE  `type_id` = 8  AND `list_switch` = 2 [ RunTime:0.000251s ]
[2022-05-14T16:32:52+08:00][sql] CONNECT:[ UseTime:0.011386s ] mysql:host=127.0.0.1;port=3306;dbname=tp;charset=utf8
[2022-05-14T16:32:52+08:00][sql] SHOW FULL COLUMNS FROM `index_role` [ RunTime:0.000684s ]
[2022-05-14T16:32:52+08:00][sql] SELECT * FROM `index_role` WHERE  ( role_id=1 ) LIMIT 1 [ RunTime:0.000194s ]
[2022-05-14T16:32:52+08:00][sql] SHOW FULL COLUMNS FROM `index_admin_classify` [ RunTime:0.000512s ]
[2022-05-14T16:32:52+08:00][sql] SELECT * FROM `index_admin_classify` WHERE  ( classify_pid=1 ) ORDER BY `date` ASC [ RunTime:0.000189s ]
[2022-05-14T16:32:52+08:00][sql] SELECT * FROM `index_admin_classify` WHERE  ( classify_pid=2 ) ORDER BY `date` ASC [ RunTime:0.000144s ]
[2022-05-14T16:32:52+08:00][sql] SHOW FULL COLUMNS FROM `index_rule_role` [ RunTime:0.002445s ]
[2022-05-14T16:32:52+08:00][sql] SELECT `rule_id` FROM `index_rule_role` WHERE  `role_id` = 1  AND `admin_classify_id` = 2 [ RunTime:0.000529s ]
[2022-05-14T16:32:52+08:00][sql] SHOW FULL COLUMNS FROM `index_classify` [ RunTime:0.001201s ]
[2022-05-14T16:32:52+08:00][sql] SELECT * FROM `index_classify` WHERE  ( classify_pid=1 ) ORDER BY `date` ASC [ RunTime:0.000505s ]
[2022-05-14T16:32:52+08:00][sql] SELECT `rule_id` FROM `index_rule_role` WHERE  `role_id` = 1  AND `classify_id` = 2 [ RunTime:0.000338s ]
[2022-05-14T16:32:52+08:00][sql] SELECT `rule_id` FROM `index_rule_role` WHERE  `role_id` = 1  AND `classify_id` = 5 [ RunTime:0.000217s ]
[2022-05-14T16:32:52+08:00][sql] SELECT * FROM `index_admin_classify` WHERE  ( classify_pid=4 ) ORDER BY `date` ASC [ RunTime:0.000216s ]
[2022-05-14T16:32:52+08:00][sql] SELECT `rule_id` FROM `index_rule_role` WHERE  `role_id` = 1  AND `admin_classify_id` = 4 [ RunTime:0.000179s ]
[2022-05-14T16:32:52+08:00][sql] SELECT * FROM `index_admin_classify` WHERE  ( classify_pid=5 ) ORDER BY `date` ASC [ RunTime:0.000186s ]
[2022-05-14T16:32:52+08:00][sql] SELECT `rule_id` FROM `index_rule_role` WHERE  `role_id` = 1  AND `admin_classify_id` = 5 [ RunTime:0.000170s ]
[2022-05-14T16:32:52+08:00][sql] SELECT * FROM `index_admin_classify` WHERE  ( classify_pid=6 ) ORDER BY `date` ASC [ RunTime:0.000177s ]
[2022-05-14T16:32:52+08:00][sql] SELECT `rule_id` FROM `index_rule_role` WHERE  `role_id` = 1  AND `admin_classify_id` = 6 [ RunTime:0.000169s ]
[2022-05-14T16:32:52+08:00][sql] SELECT * FROM `index_admin_classify` WHERE  ( classify_pid=7 ) ORDER BY `date` ASC [ RunTime:0.000129s ]
[2022-05-14T16:32:52+08:00][sql] SELECT `rule_id` FROM `index_rule_role` WHERE  `role_id` = 1  AND `admin_classify_id` = 8 [ RunTime:0.000121s ]
[2022-05-14T16:32:52+08:00][sql] SELECT `rule_id` FROM `index_rule_role` WHERE  `role_id` = 1  AND `admin_classify_id` = 9 [ RunTime:0.000119s ]
[2022-05-14T16:32:52+08:00][sql] SELECT * FROM `index_admin_classify` WHERE  ( classify_pid=10 ) ORDER BY `date` ASC [ RunTime:0.000125s ]
[2022-05-14T16:32:52+08:00][sql] SELECT `rule_id` FROM `index_rule_role` WHERE  `role_id` = 1  AND `admin_classify_id` = 10 [ RunTime:0.000118s ]
[2022-05-14T16:32:52+08:00][sql] SELECT * FROM `index_admin_classify` WHERE  ( classify_pid=11 ) ORDER BY `date` ASC [ RunTime:0.000157s ]
[2022-05-14T16:32:52+08:00][sql] SELECT `rule_id` FROM `index_rule_role` WHERE  `role_id` = 1  AND `admin_classify_id` = 11 [ RunTime:0.000126s ]
[2022-05-14T16:32:52+08:00][sql] SELECT * FROM `index_admin_classify` WHERE  ( classify_pid=12 ) ORDER BY `date` ASC [ RunTime:0.000131s ]
[2022-05-14T16:32:52+08:00][sql] SELECT `rule_id` FROM `index_rule_role` WHERE  `role_id` = 1  AND `admin_classify_id` = 12 [ RunTime:0.000119s ]
[2022-05-14T16:32:52+08:00][sql] SHOW FULL COLUMNS FROM `index_rule` [ RunTime:0.001651s ]
[2022-05-14T16:32:52+08:00][sql] SELECT * FROM `index_rule` [ RunTime:0.000138s ]
