[2022-05-16T17:40:38+08:00][sql] CONNECT:[ UseTime:0.011001s ] mysql:host=127.0.0.1;port=3306;dbname=tp;charset=utf8
[2022-05-16T17:40:38+08:00][sql] SHOW FULL COLUMNS FROM `index_user` [ RunTime:0.032007s ]
[2022-05-16T17:40:38+08:00][sql] SELECT * FROM `index_user` WHERE  `username` = 'admin' LIMIT 1 [ RunTime:0.006159s ]
[2022-05-16T17:40:38+08:00][sql] UPDATE `index_user`  SET `date` = 1652694037 , `secret` = 173389 , `password` = '4701a5ae0efd3a1a31493273b4a2096c'  WHERE  `user_id` = 1 [ RunTime:0.004048s ]
[2022-05-16T17:40:38+08:00][sql] CONNECT:[ UseTime:0.011641s ] mysql:host=127.0.0.1;port=3306;dbname=tp;charset=utf8
[2022-05-16T17:40:38+08:00][sql] SHOW FULL COLUMNS FROM `index_user` [ RunTime:0.000819s ]
[2022-05-16T17:40:38+08:00][sql] SELECT `role_id` FROM `index_user` `u` INNER JOIN `index_user_role` `c` ON `u`.`user_id`=`c`.`user_id` WHERE  ( u.user_id=1 ) LIMIT 1 [ RunTime:0.005047s ]
[2022-05-16T17:40:38+08:00][sql] SHOW FULL COLUMNS FROM `index_admin_classify` [ RunTime:0.002974s ]
[2022-05-16T17:40:38+08:00][sql] SELECT * FROM `index_admin_classify` WHERE  ( classify_pid=1 ) [ RunTime:0.000716s ]
[2022-05-16T17:40:38+08:00][sql] SELECT * FROM `index_admin_classify` WHERE  ( classify_pid=2 ) [ RunTime:0.000226s ]
[2022-05-16T17:40:38+08:00][sql] SELECT * FROM `index_admin_classify` WHERE  ( classify_pid=3 ) [ RunTime:0.000213s ]
[2022-05-16T17:40:38+08:00][sql] SELECT * FROM `index_admin_classify` WHERE  ( classify_pid=4 ) [ RunTime:0.000211s ]
[2022-05-16T17:40:38+08:00][sql] SELECT * FROM `index_admin_classify` WHERE  ( classify_pid=5 ) [ RunTime:0.000210s ]
[2022-05-16T17:40:38+08:00][sql] SELECT * FROM `index_admin_classify` WHERE  ( classify_pid=6 ) [ RunTime:0.000209s ]
[2022-05-16T17:40:38+08:00][sql] SELECT * FROM `index_admin_classify` WHERE  ( classify_pid=7 ) [ RunTime:0.000207s ]
[2022-05-16T17:40:38+08:00][sql] SELECT * FROM `index_admin_classify` WHERE  ( classify_pid=10 ) [ RunTime:0.000208s ]
[2022-05-16T17:40:38+08:00][sql] SELECT * FROM `index_admin_classify` WHERE  ( classify_pid=11 ) [ RunTime:0.000216s ]
[2022-05-16T17:40:38+08:00][sql] SELECT * FROM `index_admin_classify` WHERE  ( classify_pid=12 ) [ RunTime:0.000115s ]
[2022-05-16T17:40:38+08:00][sql] SHOW FULL COLUMNS FROM `index_classify` [ RunTime:0.004634s ]
[2022-05-16T17:40:38+08:00][sql] SELECT * FROM `index_classify` WHERE  ( classify_pid=1 ) [ RunTime:0.000253s ]
[2022-05-16T17:40:38+08:00][sql] CONNECT:[ UseTime:0.012194s ] mysql:host=127.0.0.1;port=3306;dbname=tp;charset=utf8
[2022-05-16T17:40:38+08:00][sql] select version() as ver [ RunTime:0.002469s ]
[2022-05-16T17:40:41+08:00][sql] CONNECT:[ UseTime:0.013813s ] mysql:host=127.0.0.1;port=3306;dbname=tp;charset=utf8
[2022-05-16T17:40:41+08:00][sql] SHOW FULL COLUMNS FROM `index_role` [ RunTime:0.002624s ]
[2022-05-16T17:40:41+08:00][sql] SELECT COUNT(*) AS think_count FROM `index_role` LIMIT 1 [ RunTime:0.001274s ]
[2022-05-16T17:40:41+08:00][sql] SELECT * FROM `index_role` LIMIT 0,20 [ RunTime:0.000317s ]
[2022-05-16T17:40:41+08:00][sql] SHOW FULL COLUMNS FROM `index_user_role` [ RunTime:0.000580s ]
[2022-05-16T17:40:41+08:00][sql] SELECT `user_id` FROM `index_user_role` WHERE  ( role_id=1 ) [ RunTime:0.000191s ]
[2022-05-16T17:40:41+08:00][sql] SHOW FULL COLUMNS FROM `index_user` [ RunTime:0.000461s ]
[2022-05-16T17:40:41+08:00][sql] SELECT `name` FROM `index_user` WHERE  ( user_id=4 ) LIMIT 1 [ RunTime:0.000669s ]
[2022-05-16T17:40:41+08:00][sql] SELECT `name` FROM `index_user` WHERE  ( user_id=1 ) LIMIT 1 [ RunTime:0.000217s ]
[2022-05-16T17:40:41+08:00][sql] SELECT `user_id` FROM `index_user_role` WHERE  ( role_id=2 ) [ RunTime:0.000211s ]
[2022-05-16T17:40:41+08:00][sql] SELECT `name` FROM `index_user` WHERE  ( user_id=2 ) LIMIT 1 [ RunTime:0.000161s ]
[2022-05-16T17:40:43+08:00][sql] CONNECT:[ UseTime:0.024045s ] mysql:host=127.0.0.1;port=3306;dbname=tp;charset=utf8
[2022-05-16T17:40:43+08:00][sql] SHOW FULL COLUMNS FROM `index_role` [ RunTime:0.000763s ]
[2022-05-16T17:40:43+08:00][sql] SELECT * FROM `index_role` WHERE  ( role_id=2 ) LIMIT 1 [ RunTime:0.000421s ]
[2022-05-16T17:40:43+08:00][sql] SHOW FULL COLUMNS FROM `index_admin_classify` [ RunTime:0.000728s ]
[2022-05-16T17:40:43+08:00][sql] SELECT * FROM `index_admin_classify` WHERE  ( classify_pid=1 ) ORDER BY `date` ASC [ RunTime:0.001155s ]
[2022-05-16T17:40:43+08:00][sql] SELECT * FROM `index_admin_classify` WHERE  ( classify_pid=2 ) ORDER BY `date` ASC [ RunTime:0.000233s ]
[2022-05-16T17:40:43+08:00][sql] SHOW FULL COLUMNS FROM `index_rule_role` [ RunTime:0.003172s ]
[2022-05-16T17:40:43+08:00][sql] SELECT `rule_id` FROM `index_rule_role` WHERE  `role_id` = 2  AND `admin_classify_id` = 2 [ RunTime:0.001696s ]
[2022-05-16T17:40:43+08:00][sql] SHOW FULL COLUMNS FROM `index_classify` [ RunTime:0.000922s ]
[2022-05-16T17:40:43+08:00][sql] SELECT * FROM `index_classify` WHERE  ( classify_pid=1 ) ORDER BY `date` ASC [ RunTime:0.000417s ]
[2022-05-16T17:40:43+08:00][sql] SELECT `rule_id` FROM `index_rule_role` WHERE  `role_id` = 2  AND `classify_id` = 2 [ RunTime:0.000280s ]
[2022-05-16T17:40:43+08:00][sql] SELECT `rule_id` FROM `index_rule_role` WHERE  `role_id` = 2  AND `classify_id` = 5 [ RunTime:0.000281s ]
[2022-05-16T17:40:43+08:00][sql] SELECT * FROM `index_admin_classify` WHERE  ( classify_pid=4 ) ORDER BY `date` ASC [ RunTime:0.000317s ]
[2022-05-16T17:40:43+08:00][sql] SELECT `rule_id` FROM `index_rule_role` WHERE  `role_id` = 2  AND `admin_classify_id` = 4 [ RunTime:0.000222s ]
[2022-05-16T17:40:43+08:00][sql] SELECT * FROM `index_admin_classify` WHERE  ( classify_pid=5 ) ORDER BY `date` ASC [ RunTime:0.000266s ]
[2022-05-16T17:40:43+08:00][sql] SELECT `rule_id` FROM `index_rule_role` WHERE  `role_id` = 2  AND `admin_classify_id` = 5 [ RunTime:0.000243s ]
[2022-05-16T17:40:43+08:00][sql] SELECT * FROM `index_admin_classify` WHERE  ( classify_pid=6 ) ORDER BY `date` ASC [ RunTime:0.000206s ]
[2022-05-16T17:40:43+08:00][sql] SELECT `rule_id` FROM `index_rule_role` WHERE  `role_id` = 2  AND `admin_classify_id` = 6 [ RunTime:0.000229s ]
[2022-05-16T17:40:43+08:00][sql] SELECT * FROM `index_admin_classify` WHERE  ( classify_pid=7 ) ORDER BY `date` ASC [ RunTime:0.000240s ]
[2022-05-16T17:40:43+08:00][sql] SELECT `rule_id` FROM `index_rule_role` WHERE  `role_id` = 2  AND `admin_classify_id` = 8 [ RunTime:0.000197s ]
[2022-05-16T17:40:43+08:00][sql] SELECT `rule_id` FROM `index_rule_role` WHERE  `role_id` = 2  AND `admin_classify_id` = 9 [ RunTime:0.000121s ]
[2022-05-16T17:40:43+08:00][sql] SELECT * FROM `index_admin_classify` WHERE  ( classify_pid=10 ) ORDER BY `date` ASC [ RunTime:0.000200s ]
[2022-05-16T17:40:43+08:00][sql] SELECT `rule_id` FROM `index_rule_role` WHERE  `role_id` = 2  AND `admin_classify_id` = 10 [ RunTime:0.000182s ]
[2022-05-16T17:40:43+08:00][sql] SELECT * FROM `index_admin_classify` WHERE  ( classify_pid=11 ) ORDER BY `date` ASC [ RunTime:0.000162s ]
[2022-05-16T17:40:43+08:00][sql] SELECT `rule_id` FROM `index_rule_role` WHERE  `role_id` = 2  AND `admin_classify_id` = 11 [ RunTime:0.000124s ]
[2022-05-16T17:40:43+08:00][sql] SELECT * FROM `index_admin_classify` WHERE  ( classify_pid=12 ) ORDER BY `date` ASC [ RunTime:0.000175s ]
[2022-05-16T17:40:43+08:00][sql] SELECT `rule_id` FROM `index_rule_role` WHERE  `role_id` = 2  AND `admin_classify_id` = 12 [ RunTime:0.000136s ]
[2022-05-16T17:40:43+08:00][sql] SHOW FULL COLUMNS FROM `index_rule` [ RunTime:0.002021s ]
[2022-05-16T17:40:43+08:00][sql] SELECT * FROM `index_rule` [ RunTime:0.000143s ]
[2022-05-16T17:40:47+08:00][sql] CONNECT:[ UseTime:0.015881s ] mysql:host=127.0.0.1;port=3306;dbname=tp;charset=utf8
[2022-05-16T17:40:47+08:00][sql] SHOW FULL COLUMNS FROM `index_user` [ RunTime:0.000655s ]
[2022-05-16T17:40:47+08:00][sql] SELECT COUNT(*) AS think_count FROM `index_user` WHERE  `user_id` > 1 LIMIT 1 [ RunTime:0.000709s ]
[2022-05-16T17:40:47+08:00][sql] SELECT * FROM `index_user` WHERE  `user_id` > 1 LIMIT 0,20 [ RunTime:0.000212s ]
[2022-05-16T17:40:47+08:00][sql] SHOW FULL COLUMNS FROM `index_user_role` [ RunTime:0.000477s ]
[2022-05-16T17:40:47+08:00][sql] SELECT `role_id` FROM `index_user_role` WHERE  ( user_id=2 ) [ RunTime:0.000149s ]
[2022-05-16T17:40:47+08:00][sql] SHOW FULL COLUMNS FROM `index_role` [ RunTime:0.000430s ]
[2022-05-16T17:40:47+08:00][sql] SELECT `role_name` FROM `index_role` WHERE  ( role_id=2 ) LIMIT 1 [ RunTime:0.000124s ]
[2022-05-16T17:40:47+08:00][sql] SELECT `role_id` FROM `index_user_role` WHERE  ( user_id=4 ) [ RunTime:0.000134s ]
[2022-05-16T17:40:47+08:00][sql] SELECT `role_name` FROM `index_role` WHERE  ( role_id=1 ) LIMIT 1 [ RunTime:0.000132s ]
[2022-05-16T17:53:12+08:00][sql] CONNECT:[ UseTime:0.018500s ] mysql:host=127.0.0.1;port=3306;dbname=tp;charset=utf8
[2022-05-16T17:53:12+08:00][sql] SHOW FULL COLUMNS FROM `index_role` [ RunTime:0.001836s ]
[2022-05-16T17:53:12+08:00][sql] SELECT * FROM `index_role` WHERE  ( role_id=2 ) LIMIT 1 [ RunTime:0.000342s ]
[2022-05-16T17:53:12+08:00][sql] SHOW FULL COLUMNS FROM `index_admin_classify` [ RunTime:0.000653s ]
[2022-05-16T17:53:12+08:00][sql] SELECT * FROM `index_admin_classify` WHERE  ( classify_pid=1 ) ORDER BY `date` ASC [ RunTime:0.000195s ]
[2022-05-16T17:53:12+08:00][sql] SELECT * FROM `index_admin_classify` WHERE  ( classify_pid=2 ) ORDER BY `date` ASC [ RunTime:0.000190s ]
[2022-05-16T17:53:12+08:00][sql] SHOW FULL COLUMNS FROM `index_rule_role` [ RunTime:0.000507s ]
[2022-05-16T17:53:12+08:00][sql] SELECT `rule_id` FROM `index_rule_role` WHERE  `role_id` = 2  AND `admin_classify_id` = 2 [ RunTime:0.000227s ]
[2022-05-16T17:53:12+08:00][sql] SHOW FULL COLUMNS FROM `index_classify` [ RunTime:0.000911s ]
[2022-05-16T17:53:12+08:00][sql] SELECT * FROM `index_classify` WHERE  ( classify_pid=1 ) ORDER BY `date` ASC [ RunTime:0.000261s ]
[2022-05-16T17:53:12+08:00][sql] SELECT `rule_id` FROM `index_rule_role` WHERE  `role_id` = 2  AND `classify_id` = 2 [ RunTime:0.000214s ]
[2022-05-16T17:53:12+08:00][sql] SELECT `rule_id` FROM `index_rule_role` WHERE  `role_id` = 2  AND `classify_id` = 5 [ RunTime:0.000216s ]
[2022-05-16T17:53:12+08:00][sql] SELECT * FROM `index_admin_classify` WHERE  ( classify_pid=4 ) ORDER BY `date` ASC [ RunTime:0.000256s ]
[2022-05-16T17:53:12+08:00][sql] SELECT `rule_id` FROM `index_rule_role` WHERE  `role_id` = 2  AND `admin_classify_id` = 4 [ RunTime:0.000212s ]
[2022-05-16T17:53:12+08:00][sql] SELECT * FROM `index_admin_classify` WHERE  ( classify_pid=5 ) ORDER BY `date` ASC [ RunTime:0.000278s ]
[2022-05-16T17:53:12+08:00][sql] SELECT `rule_id` FROM `index_rule_role` WHERE  `role_id` = 2  AND `admin_classify_id` = 5 [ RunTime:0.000293s ]
[2022-05-16T17:53:12+08:00][sql] SELECT * FROM `index_admin_classify` WHERE  ( classify_pid=6 ) ORDER BY `date` ASC [ RunTime:0.000261s ]
[2022-05-16T17:53:12+08:00][sql] SELECT `rule_id` FROM `index_rule_role` WHERE  `role_id` = 2  AND `admin_classify_id` = 6 [ RunTime:0.000225s ]
[2022-05-16T17:53:12+08:00][sql] SELECT * FROM `index_admin_classify` WHERE  ( classify_pid=7 ) ORDER BY `date` ASC [ RunTime:0.000180s ]
[2022-05-16T17:53:12+08:00][sql] SELECT `rule_id` FROM `index_rule_role` WHERE  `role_id` = 2  AND `admin_classify_id` = 8 [ RunTime:0.000166s ]
[2022-05-16T17:53:12+08:00][sql] SELECT `rule_id` FROM `index_rule_role` WHERE  `role_id` = 2  AND `admin_classify_id` = 9 [ RunTime:0.000164s ]
[2022-05-16T17:53:12+08:00][sql] SELECT * FROM `index_admin_classify` WHERE  ( classify_pid=10 ) ORDER BY `date` ASC [ RunTime:0.000173s ]
[2022-05-16T17:53:12+08:00][sql] SELECT `rule_id` FROM `index_rule_role` WHERE  `role_id` = 2  AND `admin_classify_id` = 10 [ RunTime:0.000169s ]
[2022-05-16T17:53:12+08:00][sql] SELECT * FROM `index_admin_classify` WHERE  ( classify_pid=11 ) ORDER BY `date` ASC [ RunTime:0.000124s ]
[2022-05-16T17:53:12+08:00][sql] SELECT `rule_id` FROM `index_rule_role` WHERE  `role_id` = 2  AND `admin_classify_id` = 11 [ RunTime:0.000116s ]
[2022-05-16T17:53:12+08:00][sql] SELECT * FROM `index_admin_classify` WHERE  ( classify_pid=12 ) ORDER BY `date` ASC [ RunTime:0.000121s ]
[2022-05-16T17:53:12+08:00][sql] SELECT `rule_id` FROM `index_rule_role` WHERE  `role_id` = 2  AND `admin_classify_id` = 12 [ RunTime:0.000116s ]
[2022-05-16T17:53:12+08:00][sql] SHOW FULL COLUMNS FROM `index_rule` [ RunTime:0.000556s ]
[2022-05-16T17:53:12+08:00][sql] SELECT * FROM `index_rule` [ RunTime:0.000117s ]
