[2022-06-21T09:22:53+08:00][sql] CONNECT:[ UseTime:0.023506s ] mysql:host=127.0.0.1;port=3306;dbname=tp;charset=utf8
[2022-06-21T09:22:53+08:00][sql] SHOW FULL COLUMNS FROM `index_user` [ RunTime:0.004882s ]
[2022-06-21T09:22:53+08:00][sql] SELECT * FROM `index_user` WHERE  `username` = 'admin' LIMIT 1 [ RunTime:0.000463s ]
[2022-06-21T09:22:53+08:00][sql] UPDATE `index_user`  SET `date` = 1655774573 , `secret` = 864019 , `password` = '99941c287fce5bc8fdddf306d244a1d6'  WHERE  `user_id` = 1 [ RunTime:0.000353s ]
[2022-06-21T09:22:53+08:00][sql] CONNECT:[ UseTime:0.000694s ] mysql:host=127.0.0.1;port=3306;dbname=tp;charset=utf8
[2022-06-21T09:22:53+08:00][sql] SHOW FULL COLUMNS FROM `index_user` [ RunTime:0.000688s ]
[2022-06-21T09:22:53+08:00][sql] SELECT `role_id` FROM `index_user` `u` INNER JOIN `index_user_role` `c` ON `u`.`user_id`=`c`.`user_id` WHERE  ( u.user_id=1 ) LIMIT 1 [ RunTime:0.002881s ]
[2022-06-21T09:22:53+08:00][sql] SHOW FULL COLUMNS FROM `index_admin_classify` [ RunTime:0.002644s ]
[2022-06-21T09:22:53+08:00][sql] SELECT * FROM `index_admin_classify` WHERE  ( classify_pid=1 ) [ RunTime:0.000706s ]
[2022-06-21T09:22:53+08:00][sql] SELECT * FROM `index_admin_classify` WHERE  ( classify_pid=2 ) [ RunTime:0.000232s ]
[2022-06-21T09:22:53+08:00][sql] SELECT * FROM `index_admin_classify` WHERE  ( classify_pid=3 ) [ RunTime:0.000214s ]
[2022-06-21T09:22:53+08:00][sql] SELECT * FROM `index_admin_classify` WHERE  ( classify_pid=4 ) [ RunTime:0.000209s ]
[2022-06-21T09:22:53+08:00][sql] SELECT * FROM `index_admin_classify` WHERE  ( classify_pid=5 ) [ RunTime:0.000191s ]
[2022-06-21T09:22:53+08:00][sql] SELECT * FROM `index_admin_classify` WHERE  ( classify_pid=6 ) [ RunTime:0.000212s ]
[2022-06-21T09:22:53+08:00][sql] SELECT * FROM `index_admin_classify` WHERE  ( classify_pid=7 ) [ RunTime:0.000208s ]
[2022-06-21T09:22:53+08:00][sql] SELECT * FROM `index_admin_classify` WHERE  ( classify_pid=10 ) [ RunTime:0.000211s ]
[2022-06-21T09:22:53+08:00][sql] SELECT * FROM `index_admin_classify` WHERE  ( classify_pid=11 ) [ RunTime:0.000218s ]
[2022-06-21T09:22:53+08:00][sql] SELECT * FROM `index_admin_classify` WHERE  ( classify_pid=12 ) [ RunTime:0.000166s ]
[2022-06-21T09:22:53+08:00][sql] SHOW FULL COLUMNS FROM `index_classify` [ RunTime:0.004251s ]
[2022-06-21T09:22:53+08:00][sql] SELECT * FROM `index_classify` WHERE  ( classify_pid=1 ) [ RunTime:0.000254s ]
[2022-06-21T09:22:54+08:00][sql] CONNECT:[ UseTime:0.021892s ] mysql:host=127.0.0.1;port=3306;dbname=tp;charset=utf8
[2022-06-21T09:22:54+08:00][sql] select version() as ver [ RunTime:0.000457s ]
[2022-06-21T09:22:56+08:00][sql] CONNECT:[ UseTime:0.019023s ] mysql:host=127.0.0.1;port=3306;dbname=tp;charset=utf8
[2022-06-21T09:22:56+08:00][sql] SHOW FULL COLUMNS FROM `index_input` [ RunTime:0.003060s ]
[2022-06-21T09:22:56+08:00][sql] SELECT * FROM `index_input` WHERE  `type_id` = 2  AND `edit_switch` = 2  AND `input_pid` IS NULL ORDER BY `date` ASC [ RunTime:0.000852s ]
[2022-06-21T09:22:56+08:00][sql] SHOW FULL COLUMNS FROM `index_site` [ RunTime:0.002662s ]
[2022-06-21T09:22:56+08:00][sql] SELECT * FROM `index_site` WHERE  ( version_id=1 ) LIMIT 1 [ RunTime:0.000197s ]
[2022-06-21T09:22:56+08:00][sql] SELECT * FROM `index_input` WHERE  ( input_pid=3 ) [ RunTime:0.000198s ]
[2022-06-21T09:22:56+08:00][sql] SELECT * FROM `index_input` WHERE  ( input_pid=4 ) [ RunTime:0.000197s ]
[2022-06-21T09:22:56+08:00][sql] SELECT * FROM `index_input` WHERE  ( input_pid=5 ) [ RunTime:0.000186s ]
[2022-06-21T09:22:58+08:00][sql] CONNECT:[ UseTime:0.014793s ] mysql:host=127.0.0.1;port=3306;dbname=tp;charset=utf8
[2022-06-21T09:22:58+08:00][sql] SHOW FULL COLUMNS FROM `index_classify` [ RunTime:0.001083s ]
[2022-06-21T09:22:58+08:00][sql] SELECT * FROM `index_classify` WHERE  ( classify_id=2 ) LIMIT 1 [ RunTime:0.000216s ]
[2022-06-21T09:22:58+08:00][sql] SELECT COUNT(*) AS think_count FROM `index_classify` WHERE  ( classify_pid=2 ) LIMIT 1 [ RunTime:0.000236s ]
[2022-06-21T09:22:58+08:00][sql] SHOW FULL COLUMNS FROM `index_classify_type` [ RunTime:0.003569s ]
[2022-06-21T09:22:58+08:00][sql] SELECT `type_name` FROM `index_classify_type` WHERE  ( type_id=1 ) LIMIT 1 [ RunTime:0.000292s ]
[2022-06-21T09:22:58+08:00][sql] SELECT * FROM `index_classify` [ RunTime:0.000241s ]
[2022-06-21T09:22:58+08:00][sql] SELECT COUNT(*) AS think_count FROM `index_classify` WHERE  ( classify_pid=1 ) LIMIT 1 [ RunTime:0.000227s ]
[2022-06-21T09:22:58+08:00][sql] SELECT `type_name` FROM `index_classify_type` WHERE  ( type_id=1 ) LIMIT 1 [ RunTime:0.000217s ]
[2022-06-21T09:22:58+08:00][sql] SELECT COUNT(*) AS think_count FROM `index_classify` WHERE  ( classify_pid=2 ) LIMIT 1 [ RunTime:0.000178s ]
[2022-06-21T09:22:58+08:00][sql] SELECT `type_name` FROM `index_classify_type` WHERE  ( type_id=1 ) LIMIT 1 [ RunTime:0.000113s ]
[2022-06-21T09:22:58+08:00][sql] SELECT COUNT(*) AS think_count FROM `index_classify` WHERE  ( classify_pid=3 ) LIMIT 1 [ RunTime:0.000113s ]
[2022-06-21T09:22:58+08:00][sql] SELECT `type_name` FROM `index_classify_type` WHERE  ( type_id=6 ) LIMIT 1 [ RunTime:0.000109s ]
[2022-06-21T09:22:58+08:00][sql] SELECT COUNT(*) AS think_count FROM `index_classify` WHERE  ( classify_pid=5 ) LIMIT 1 [ RunTime:0.000110s ]
[2022-06-21T09:22:58+08:00][sql] SELECT `type_name` FROM `index_classify_type` WHERE  ( type_id=1 ) LIMIT 1 [ RunTime:0.000106s ]
[2022-06-21T09:22:58+08:00][sql] SELECT COUNT(*) AS think_count FROM `index_classify` WHERE  ( classify_pid=6 ) LIMIT 1 [ RunTime:0.000107s ]
[2022-06-21T09:22:58+08:00][sql] SELECT `type_name` FROM `index_classify_type` WHERE  ( type_id=1 ) LIMIT 1 [ RunTime:0.000104s ]
[2022-06-21T09:22:58+08:00][sql] SELECT COUNT(*) AS think_count FROM `index_classify` WHERE  ( classify_pid=7 ) LIMIT 1 [ RunTime:0.000106s ]
[2022-06-21T09:22:58+08:00][sql] SELECT `type_name` FROM `index_classify_type` WHERE  ( type_id=6 ) LIMIT 1 [ RunTime:0.000103s ]
[2022-06-21T09:22:58+08:00][sql] SELECT COUNT(*) AS think_count FROM `index_classify` WHERE  ( classify_pid=8 ) LIMIT 1 [ RunTime:0.000113s ]
[2022-06-21T09:22:58+08:00][sql] SELECT `type_name` FROM `index_classify_type` WHERE  ( type_id=1 ) LIMIT 1 [ RunTime:0.000103s ]
[2022-06-21T09:22:58+08:00][sql] SELECT COUNT(*) AS think_count FROM `index_classify` WHERE  ( classify_pid=9 ) LIMIT 1 [ RunTime:0.000105s ]
[2022-06-21T09:22:58+08:00][sql] SELECT `type_name` FROM `index_classify_type` WHERE  ( type_id=6 ) LIMIT 1 [ RunTime:0.000103s ]
[2022-06-21T09:23:33+08:00][sql] CONNECT:[ UseTime:0.010883s ] mysql:host=127.0.0.1;port=3306;dbname=tp;charset=utf8
[2022-06-21T09:23:33+08:00][sql] SHOW FULL COLUMNS FROM `index_user` [ RunTime:0.001113s ]
[2022-06-21T09:23:33+08:00][sql] SELECT `role_id` FROM `index_user` `u` INNER JOIN `index_user_role` `c` ON `u`.`user_id`=`c`.`user_id` WHERE  ( u.user_id=1 ) LIMIT 1 [ RunTime:0.000347s ]
[2022-06-21T09:23:33+08:00][sql] SHOW FULL COLUMNS FROM `index_admin_classify` [ RunTime:0.000455s ]
[2022-06-21T09:23:33+08:00][sql] SELECT * FROM `index_admin_classify` WHERE  ( classify_pid=1 ) [ RunTime:0.000168s ]
[2022-06-21T09:23:33+08:00][sql] SELECT * FROM `index_admin_classify` WHERE  ( classify_pid=2 ) [ RunTime:0.000180s ]
[2022-06-21T09:23:33+08:00][sql] SELECT * FROM `index_admin_classify` WHERE  ( classify_pid=3 ) [ RunTime:0.000142s ]
[2022-06-21T09:23:33+08:00][sql] SELECT * FROM `index_admin_classify` WHERE  ( classify_pid=4 ) [ RunTime:0.000113s ]
[2022-06-21T09:23:33+08:00][sql] SELECT * FROM `index_admin_classify` WHERE  ( classify_pid=5 ) [ RunTime:0.000164s ]
[2022-06-21T09:23:33+08:00][sql] SELECT * FROM `index_admin_classify` WHERE  ( classify_pid=6 ) [ RunTime:0.000168s ]
[2022-06-21T09:23:33+08:00][sql] SELECT * FROM `index_admin_classify` WHERE  ( classify_pid=7 ) [ RunTime:0.000165s ]
[2022-06-21T09:23:33+08:00][sql] SELECT * FROM `index_admin_classify` WHERE  ( classify_pid=10 ) [ RunTime:0.000137s ]
[2022-06-21T09:23:33+08:00][sql] SELECT * FROM `index_admin_classify` WHERE  ( classify_pid=11 ) [ RunTime:0.000147s ]
[2022-06-21T09:23:33+08:00][sql] SELECT * FROM `index_admin_classify` WHERE  ( classify_pid=12 ) [ RunTime:0.000233s ]
[2022-06-21T09:23:33+08:00][sql] SHOW FULL COLUMNS FROM `index_classify` [ RunTime:0.001357s ]
[2022-06-21T09:23:33+08:00][sql] SELECT * FROM `index_classify` WHERE  ( classify_pid=1 ) [ RunTime:0.000276s ]
[2022-06-21T09:23:33+08:00][sql] CONNECT:[ UseTime:0.014543s ] mysql:host=127.0.0.1;port=3306;dbname=tp;charset=utf8
[2022-06-21T09:23:33+08:00][sql] select version() as ver [ RunTime:0.000203s ]
[2022-06-21T09:23:34+08:00][sql] CONNECT:[ UseTime:0.000535s ] mysql:host=127.0.0.1;port=3306;dbname=tp;charset=utf8
[2022-06-21T09:23:34+08:00][sql] SHOW FULL COLUMNS FROM `index_input` [ RunTime:0.000573s ]
[2022-06-21T09:23:34+08:00][sql] SELECT * FROM `index_input` WHERE  `type_id` = 2  AND `edit_switch` = 2  AND `input_pid` IS NULL ORDER BY `date` ASC [ RunTime:0.000246s ]
[2022-06-21T09:23:34+08:00][sql] SHOW FULL COLUMNS FROM `index_site` [ RunTime:0.000829s ]
[2022-06-21T09:23:34+08:00][sql] SELECT * FROM `index_site` WHERE  ( version_id=1 ) LIMIT 1 [ RunTime:0.000170s ]
[2022-06-21T09:23:34+08:00][sql] SELECT * FROM `index_input` WHERE  ( input_pid=3 ) [ RunTime:0.000189s ]
[2022-06-21T09:23:34+08:00][sql] SELECT * FROM `index_input` WHERE  ( input_pid=4 ) [ RunTime:0.000187s ]
[2022-06-21T09:23:34+08:00][sql] SELECT * FROM `index_input` WHERE  ( input_pid=5 ) [ RunTime:0.000182s ]
[2022-06-21T09:23:34+08:00][sql] CONNECT:[ UseTime:0.000865s ] mysql:host=127.0.0.1;port=3306;dbname=tp;charset=utf8
[2022-06-21T09:23:34+08:00][sql] SHOW FULL COLUMNS FROM `index_classify` [ RunTime:0.001974s ]
[2022-06-21T09:23:34+08:00][sql] SELECT * FROM `index_classify` WHERE  ( classify_id=2 ) LIMIT 1 [ RunTime:0.000316s ]
[2022-06-21T09:23:34+08:00][sql] SELECT COUNT(*) AS think_count FROM `index_classify` WHERE  ( classify_pid=2 ) LIMIT 1 [ RunTime:0.000204s ]
[2022-06-21T09:23:34+08:00][sql] SHOW FULL COLUMNS FROM `index_classify_type` [ RunTime:0.000564s ]
[2022-06-21T09:23:34+08:00][sql] SELECT `type_name` FROM `index_classify_type` WHERE  ( type_id=1 ) LIMIT 1 [ RunTime:0.000183s ]
[2022-06-21T09:23:34+08:00][sql] SELECT * FROM `index_classify` [ RunTime:0.000184s ]
[2022-06-21T09:23:34+08:00][sql] SELECT COUNT(*) AS think_count FROM `index_classify` WHERE  ( classify_pid=1 ) LIMIT 1 [ RunTime:0.000175s ]
[2022-06-21T09:23:34+08:00][sql] SELECT `type_name` FROM `index_classify_type` WHERE  ( type_id=1 ) LIMIT 1 [ RunTime:0.000153s ]
[2022-06-21T09:23:34+08:00][sql] SELECT COUNT(*) AS think_count FROM `index_classify` WHERE  ( classify_pid=2 ) LIMIT 1 [ RunTime:0.000203s ]
[2022-06-21T09:23:34+08:00][sql] SELECT `type_name` FROM `index_classify_type` WHERE  ( type_id=1 ) LIMIT 1 [ RunTime:0.000191s ]
[2022-06-21T09:23:34+08:00][sql] SELECT COUNT(*) AS think_count FROM `index_classify` WHERE  ( classify_pid=3 ) LIMIT 1 [ RunTime:0.000175s ]
[2022-06-21T09:23:34+08:00][sql] SELECT `type_name` FROM `index_classify_type` WHERE  ( type_id=6 ) LIMIT 1 [ RunTime:0.000145s ]
[2022-06-21T09:23:34+08:00][sql] SELECT `table_name` FROM `index_classify_type` WHERE  ( type_id=6 ) LIMIT 1 [ RunTime:0.000202s ]
[2022-06-21T09:23:34+08:00][sql] SHOW FULL COLUMNS FROM `index_goods` [ RunTime:0.003432s ]
[2022-06-21T09:23:34+08:00][sql] SELECT COUNT(*) AS think_count FROM `index_goods` `c` INNER JOIN `index_relevance` `r` ON `r`.`classify_id`=3 and r.content_id=goods_id LIMIT 1 [ RunTime:0.001939s ]
[2022-06-21T09:23:34+08:00][sql] SELECT COUNT(*) AS think_count FROM `index_classify` WHERE  ( classify_pid=5 ) LIMIT 1 [ RunTime:0.000168s ]
[2022-06-21T09:23:34+08:00][sql] SELECT `type_name` FROM `index_classify_type` WHERE  ( type_id=1 ) LIMIT 1 [ RunTime:0.000123s ]
[2022-06-21T09:23:34+08:00][sql] SELECT COUNT(*) AS think_count FROM `index_classify` WHERE  ( classify_pid=6 ) LIMIT 1 [ RunTime:0.000113s ]
[2022-06-21T09:23:34+08:00][sql] SELECT `type_name` FROM `index_classify_type` WHERE  ( type_id=1 ) LIMIT 1 [ RunTime:0.000108s ]
[2022-06-21T09:23:34+08:00][sql] SELECT COUNT(*) AS think_count FROM `index_classify` WHERE  ( classify_pid=7 ) LIMIT 1 [ RunTime:0.000109s ]
[2022-06-21T09:23:34+08:00][sql] SELECT `type_name` FROM `index_classify_type` WHERE  ( type_id=6 ) LIMIT 1 [ RunTime:0.000105s ]
[2022-06-21T09:23:34+08:00][sql] SELECT `table_name` FROM `index_classify_type` WHERE  ( type_id=6 ) LIMIT 1 [ RunTime:0.000104s ]
[2022-06-21T09:23:34+08:00][sql] SELECT COUNT(*) AS think_count FROM `index_goods` `c` INNER JOIN `index_relevance` `r` ON `r`.`classify_id`=7 and r.content_id=goods_id LIMIT 1 [ RunTime:0.000132s ]
[2022-06-21T09:23:34+08:00][sql] SELECT COUNT(*) AS think_count FROM `index_classify` WHERE  ( classify_pid=8 ) LIMIT 1 [ RunTime:0.000111s ]
[2022-06-21T09:23:34+08:00][sql] SELECT `type_name` FROM `index_classify_type` WHERE  ( type_id=1 ) LIMIT 1 [ RunTime:0.000106s ]
[2022-06-21T09:23:34+08:00][sql] SELECT COUNT(*) AS think_count FROM `index_classify` WHERE  ( classify_pid=9 ) LIMIT 1 [ RunTime:0.000107s ]
[2022-06-21T09:23:34+08:00][sql] SELECT `type_name` FROM `index_classify_type` WHERE  ( type_id=6 ) LIMIT 1 [ RunTime:0.000104s ]
[2022-06-21T09:23:34+08:00][sql] SELECT `table_name` FROM `index_classify_type` WHERE  ( type_id=6 ) LIMIT 1 [ RunTime:0.000102s ]
[2022-06-21T09:23:34+08:00][sql] SELECT COUNT(*) AS think_count FROM `index_goods` `c` INNER JOIN `index_relevance` `r` ON `r`.`classify_id`=9 and r.content_id=goods_id LIMIT 1 [ RunTime:0.000125s ]
[2022-06-21T09:23:39+08:00][sql] CONNECT:[ UseTime:0.018244s ] mysql:host=127.0.0.1;port=3306;dbname=tp;charset=utf8
[2022-06-21T09:23:39+08:00][sql] SHOW FULL COLUMNS FROM `index_classify` [ RunTime:0.000962s ]
[2022-06-21T09:23:39+08:00][sql] SELECT * FROM `index_classify` WHERE  ( classify_id=5 ) LIMIT 1 [ RunTime:0.000233s ]
[2022-06-21T09:23:39+08:00][sql] SELECT COUNT(*) AS think_count FROM `index_classify` WHERE  ( classify_pid=5 ) LIMIT 1 [ RunTime:0.000151s ]
[2022-06-21T09:23:39+08:00][sql] SHOW FULL COLUMNS FROM `index_classify_type` [ RunTime:0.000493s ]
[2022-06-21T09:23:39+08:00][sql] SELECT `type_name` FROM `index_classify_type` WHERE  ( type_id=1 ) LIMIT 1 [ RunTime:0.000156s ]
[2022-06-21T09:23:39+08:00][sql] SELECT * FROM `index_classify` [ RunTime:0.000183s ]
[2022-06-21T09:23:39+08:00][sql] SELECT COUNT(*) AS think_count FROM `index_classify` WHERE  ( classify_pid=1 ) LIMIT 1 [ RunTime:0.000172s ]
[2022-06-21T09:23:39+08:00][sql] SELECT `type_name` FROM `index_classify_type` WHERE  ( type_id=1 ) LIMIT 1 [ RunTime:0.000129s ]
[2022-06-21T09:23:39+08:00][sql] SELECT COUNT(*) AS think_count FROM `index_classify` WHERE  ( classify_pid=2 ) LIMIT 1 [ RunTime:0.000129s ]
[2022-06-21T09:23:39+08:00][sql] SELECT `type_name` FROM `index_classify_type` WHERE  ( type_id=1 ) LIMIT 1 [ RunTime:0.000124s ]
[2022-06-21T09:23:39+08:00][sql] SELECT COUNT(*) AS think_count FROM `index_classify` WHERE  ( classify_pid=3 ) LIMIT 1 [ RunTime:0.000128s ]
[2022-06-21T09:23:39+08:00][sql] SELECT `type_name` FROM `index_classify_type` WHERE  ( type_id=6 ) LIMIT 1 [ RunTime:0.000123s ]
[2022-06-21T09:23:39+08:00][sql] SELECT `table_name` FROM `index_classify_type` WHERE  ( type_id=6 ) LIMIT 1 [ RunTime:0.000122s ]
[2022-06-21T09:23:39+08:00][sql] SHOW FULL COLUMNS FROM `index_goods` [ RunTime:0.000809s ]
[2022-06-21T09:23:39+08:00][sql] SELECT COUNT(*) AS think_count FROM `index_goods` `c` INNER JOIN `index_relevance` `r` ON `r`.`classify_id`=3 and r.content_id=goods_id LIMIT 1 [ RunTime:0.000302s ]
[2022-06-21T09:23:39+08:00][sql] SELECT COUNT(*) AS think_count FROM `index_classify` WHERE  ( classify_pid=5 ) LIMIT 1 [ RunTime:0.000139s ]
[2022-06-21T09:23:39+08:00][sql] SELECT `type_name` FROM `index_classify_type` WHERE  ( type_id=1 ) LIMIT 1 [ RunTime:0.000132s ]
[2022-06-21T09:23:39+08:00][sql] SELECT COUNT(*) AS think_count FROM `index_classify` WHERE  ( classify_pid=6 ) LIMIT 1 [ RunTime:0.000133s ]
[2022-06-21T09:23:39+08:00][sql] SELECT `type_name` FROM `index_classify_type` WHERE  ( type_id=1 ) LIMIT 1 [ RunTime:0.000128s ]
[2022-06-21T09:23:39+08:00][sql] SELECT COUNT(*) AS think_count FROM `index_classify` WHERE  ( classify_pid=7 ) LIMIT 1 [ RunTime:0.000132s ]
[2022-06-21T09:23:39+08:00][sql] SELECT `type_name` FROM `index_classify_type` WHERE  ( type_id=6 ) LIMIT 1 [ RunTime:0.000127s ]
[2022-06-21T09:23:39+08:00][sql] SELECT `table_name` FROM `index_classify_type` WHERE  ( type_id=6 ) LIMIT 1 [ RunTime:0.000127s ]
[2022-06-21T09:23:39+08:00][sql] SELECT COUNT(*) AS think_count FROM `index_goods` `c` INNER JOIN `index_relevance` `r` ON `r`.`classify_id`=7 and r.content_id=goods_id LIMIT 1 [ RunTime:0.000151s ]
[2022-06-21T09:23:39+08:00][sql] SELECT COUNT(*) AS think_count FROM `index_classify` WHERE  ( classify_pid=8 ) LIMIT 1 [ RunTime:0.000132s ]
[2022-06-21T09:23:39+08:00][sql] SELECT `type_name` FROM `index_classify_type` WHERE  ( type_id=1 ) LIMIT 1 [ RunTime:0.000126s ]
[2022-06-21T09:23:39+08:00][sql] SELECT COUNT(*) AS think_count FROM `index_classify` WHERE  ( classify_pid=9 ) LIMIT 1 [ RunTime:0.000128s ]
[2022-06-21T09:23:39+08:00][sql] SELECT `type_name` FROM `index_classify_type` WHERE  ( type_id=6 ) LIMIT 1 [ RunTime:0.000125s ]
[2022-06-21T09:23:39+08:00][sql] SELECT `table_name` FROM `index_classify_type` WHERE  ( type_id=6 ) LIMIT 1 [ RunTime:0.000125s ]
[2022-06-21T09:23:39+08:00][sql] SELECT COUNT(*) AS think_count FROM `index_goods` `c` INNER JOIN `index_relevance` `r` ON `r`.`classify_id`=9 and r.content_id=goods_id LIMIT 1 [ RunTime:0.000148s ]
[2022-06-21T09:23:44+08:00][sql] CONNECT:[ UseTime:0.017826s ] mysql:host=127.0.0.1;port=3306;dbname=tp;charset=utf8
[2022-06-21T09:23:44+08:00][sql] SHOW FULL COLUMNS FROM `index_input` [ RunTime:0.000751s ]
[2022-06-21T09:23:44+08:00][sql] SELECT * FROM `index_input` WHERE  `type_id` = 11  AND `list_switch` = 2 [ RunTime:0.000367s ]
[2022-06-21T09:23:44+08:00][sql] SELECT * FROM `index_input` WHERE  ( input_pid=56 ) [ RunTime:0.000347s ]
[2022-06-21T09:23:44+08:00][sql] SHOW FULL COLUMNS FROM `index_order` [ RunTime:0.004733s ]
[2022-06-21T09:23:44+08:00][sql] SELECT COUNT(*) AS think_count FROM `index_order` LIMIT 1 [ RunTime:0.000223s ]
[2022-06-21T09:23:48+08:00][sql] CONNECT:[ UseTime:0.018261s ] mysql:host=127.0.0.1;port=3306;dbname=tp;charset=utf8
[2022-06-21T09:23:48+08:00][sql] SHOW FULL COLUMNS FROM `index_admin_classify` [ RunTime:0.000740s ]
[2022-06-21T09:23:48+08:00][sql] SELECT * FROM `index_admin_classify` WHERE  `classify_pid` > 0 ORDER BY `date` ASC [ RunTime:0.000425s ]
[2022-06-21T09:23:48+08:00][sql] SELECT COUNT(*) AS think_count FROM `index_admin_classify` WHERE  ( classify_pid=2 ) LIMIT 1 [ RunTime:0.000295s ]
[2022-06-21T09:23:48+08:00][sql] SELECT COUNT(*) AS think_count FROM `index_admin_classify` WHERE  ( classify_pid=3 ) LIMIT 1 [ RunTime:0.000216s ]
[2022-06-21T09:23:48+08:00][sql] SELECT COUNT(*) AS think_count FROM `index_admin_classify` WHERE  ( classify_pid=4 ) LIMIT 1 [ RunTime:0.000204s ]
[2022-06-21T09:23:48+08:00][sql] SELECT COUNT(*) AS think_count FROM `index_admin_classify` WHERE  ( classify_pid=5 ) LIMIT 1 [ RunTime:0.000203s ]
[2022-06-21T09:23:48+08:00][sql] SELECT COUNT(*) AS think_count FROM `index_admin_classify` WHERE  ( classify_pid=6 ) LIMIT 1 [ RunTime:0.000198s ]
[2022-06-21T09:23:48+08:00][sql] SELECT COUNT(*) AS think_count FROM `index_admin_classify` WHERE  ( classify_pid=7 ) LIMIT 1 [ RunTime:0.000205s ]
[2022-06-21T09:23:48+08:00][sql] SELECT COUNT(*) AS think_count FROM `index_admin_classify` WHERE  ( classify_pid=8 ) LIMIT 1 [ RunTime:0.000109s ]
[2022-06-21T09:23:48+08:00][sql] SELECT COUNT(*) AS think_count FROM `index_admin_classify` WHERE  ( classify_pid=9 ) LIMIT 1 [ RunTime:0.000133s ]
[2022-06-21T09:23:48+08:00][sql] SELECT COUNT(*) AS think_count FROM `index_admin_classify` WHERE  ( classify_pid=10 ) LIMIT 1 [ RunTime:0.000132s ]
[2022-06-21T09:23:48+08:00][sql] SELECT COUNT(*) AS think_count FROM `index_admin_classify` WHERE  ( classify_pid=11 ) LIMIT 1 [ RunTime:0.000135s ]
[2022-06-21T09:23:48+08:00][sql] SELECT COUNT(*) AS think_count FROM `index_admin_classify` WHERE  ( classify_pid=12 ) LIMIT 1 [ RunTime:0.000133s ]
[2022-06-21T09:23:49+08:00][sql] CONNECT:[ UseTime:0.011141s ] mysql:host=127.0.0.1;port=3306;dbname=tp;charset=utf8
[2022-06-21T09:23:49+08:00][sql] SHOW FULL COLUMNS FROM `index_classify_type` [ RunTime:0.000744s ]
[2022-06-21T09:23:49+08:00][sql] SELECT * FROM `index_classify_type` ORDER BY `type_id` ASC [ RunTime:0.000456s ]
[2022-06-21T09:23:50+08:00][sql] CONNECT:[ UseTime:0.019747s ] mysql:host=127.0.0.1;port=3306;dbname=tp;charset=utf8
[2022-06-21T09:23:50+08:00][sql] SHOW FULL COLUMNS FROM `index_input` [ RunTime:0.000776s ]
[2022-06-21T09:23:50+08:00][sql] SELECT * FROM `index_input` WHERE  `type_id` = 4  AND `edit_switch` = 2  AND `input_pid` IS NULL ORDER BY `date` ASC [ RunTime:0.000342s ]
[2022-06-21T09:23:50+08:00][sql] SHOW FULL COLUMNS FROM `index_function_switch` [ RunTime:0.003399s ]
[2022-06-21T09:23:50+08:00][sql] SELECT * FROM `index_function_switch` WHERE  ( version_id=1 ) LIMIT 1 [ RunTime:0.000239s ]
[2022-06-21T09:23:59+08:00][sql] CONNECT:[ UseTime:0.023811s ] mysql:host=127.0.0.1;port=3306;dbname=tp;charset=utf8
[2022-06-21T09:23:59+08:00][sql] SHOW FULL COLUMNS FROM `index_classify` [ RunTime:0.001059s ]
[2022-06-21T09:23:59+08:00][sql] SELECT * FROM `index_classify` WHERE  ( classify_id=2 ) LIMIT 1 [ RunTime:0.000222s ]
[2022-06-21T09:23:59+08:00][sql] SELECT COUNT(*) AS think_count FROM `index_classify` WHERE  ( classify_pid=2 ) LIMIT 1 [ RunTime:0.000191s ]
[2022-06-21T09:23:59+08:00][sql] SHOW FULL COLUMNS FROM `index_classify_type` [ RunTime:0.000513s ]
[2022-06-21T09:23:59+08:00][sql] SELECT `type_name` FROM `index_classify_type` WHERE  ( type_id=1 ) LIMIT 1 [ RunTime:0.000180s ]
[2022-06-21T09:23:59+08:00][sql] SELECT * FROM `index_classify` [ RunTime:0.000164s ]
[2022-06-21T09:23:59+08:00][sql] SELECT COUNT(*) AS think_count FROM `index_classify` WHERE  ( classify_pid=1 ) LIMIT 1 [ RunTime:0.000189s ]
[2022-06-21T09:23:59+08:00][sql] SELECT `type_name` FROM `index_classify_type` WHERE  ( type_id=1 ) LIMIT 1 [ RunTime:0.000141s ]
[2022-06-21T09:23:59+08:00][sql] SELECT COUNT(*) AS think_count FROM `index_classify` WHERE  ( classify_pid=2 ) LIMIT 1 [ RunTime:0.000142s ]
[2022-06-21T09:23:59+08:00][sql] SELECT `type_name` FROM `index_classify_type` WHERE  ( type_id=1 ) LIMIT 1 [ RunTime:0.000185s ]
[2022-06-21T09:23:59+08:00][sql] SELECT COUNT(*) AS think_count FROM `index_classify` WHERE  ( classify_pid=3 ) LIMIT 1 [ RunTime:0.000166s ]
[2022-06-21T09:23:59+08:00][sql] SELECT `type_name` FROM `index_classify_type` WHERE  ( type_id=6 ) LIMIT 1 [ RunTime:0.000162s ]
[2022-06-21T09:23:59+08:00][sql] SELECT `table_name` FROM `index_classify_type` WHERE  ( type_id=6 ) LIMIT 1 [ RunTime:0.000151s ]
[2022-06-21T09:23:59+08:00][sql] SHOW FULL COLUMNS FROM `index_goods` [ RunTime:0.000867s ]
[2022-06-21T09:23:59+08:00][sql] SELECT COUNT(*) AS think_count FROM `index_goods` `c` INNER JOIN `index_relevance` `r` ON `r`.`classify_id`=3 and r.content_id=goods_id LIMIT 1 [ RunTime:0.000358s ]
[2022-06-21T09:23:59+08:00][sql] SELECT COUNT(*) AS think_count FROM `index_classify` WHERE  ( classify_pid=5 ) LIMIT 1 [ RunTime:0.000269s ]
[2022-06-21T09:23:59+08:00][sql] SELECT `type_name` FROM `index_classify_type` WHERE  ( type_id=1 ) LIMIT 1 [ RunTime:0.000217s ]
[2022-06-21T09:23:59+08:00][sql] SELECT COUNT(*) AS think_count FROM `index_classify` WHERE  ( classify_pid=6 ) LIMIT 1 [ RunTime:0.000259s ]
[2022-06-21T09:23:59+08:00][sql] SELECT `type_name` FROM `index_classify_type` WHERE  ( type_id=1 ) LIMIT 1 [ RunTime:0.000212s ]
[2022-06-21T09:23:59+08:00][sql] SELECT COUNT(*) AS think_count FROM `index_classify` WHERE  ( classify_pid=7 ) LIMIT 1 [ RunTime:0.000354s ]
[2022-06-21T09:23:59+08:00][sql] SELECT `type_name` FROM `index_classify_type` WHERE  ( type_id=6 ) LIMIT 1 [ RunTime:0.000444s ]
[2022-06-21T09:23:59+08:00][sql] SELECT `table_name` FROM `index_classify_type` WHERE  ( type_id=6 ) LIMIT 1 [ RunTime:0.000221s ]
[2022-06-21T09:23:59+08:00][sql] SELECT COUNT(*) AS think_count FROM `index_goods` `c` INNER JOIN `index_relevance` `r` ON `r`.`classify_id`=7 and r.content_id=goods_id LIMIT 1 [ RunTime:0.000217s ]
[2022-06-21T09:23:59+08:00][sql] SELECT COUNT(*) AS think_count FROM `index_classify` WHERE  ( classify_pid=8 ) LIMIT 1 [ RunTime:0.000183s ]
[2022-06-21T09:23:59+08:00][sql] SELECT `type_name` FROM `index_classify_type` WHERE  ( type_id=1 ) LIMIT 1 [ RunTime:0.000168s ]
[2022-06-21T09:23:59+08:00][sql] SELECT COUNT(*) AS think_count FROM `index_classify` WHERE  ( classify_pid=9 ) LIMIT 1 [ RunTime:0.000161s ]
[2022-06-21T09:23:59+08:00][sql] SELECT `type_name` FROM `index_classify_type` WHERE  ( type_id=6 ) LIMIT 1 [ RunTime:0.000159s ]
[2022-06-21T09:23:59+08:00][sql] SELECT `table_name` FROM `index_classify_type` WHERE  ( type_id=6 ) LIMIT 1 [ RunTime:0.000157s ]
[2022-06-21T09:23:59+08:00][sql] SELECT COUNT(*) AS think_count FROM `index_goods` `c` INNER JOIN `index_relevance` `r` ON `r`.`classify_id`=9 and r.content_id=goods_id LIMIT 1 [ RunTime:0.000152s ]
[2022-06-21T09:24:01+08:00][sql] CONNECT:[ UseTime:0.024929s ] mysql:host=127.0.0.1;port=3306;dbname=tp;charset=utf8
[2022-06-21T09:24:01+08:00][sql] SHOW FULL COLUMNS FROM `index_classify` [ RunTime:0.001024s ]
[2022-06-21T09:24:01+08:00][sql] SELECT `type_id` FROM `index_classify` WHERE  ( classify_id=3 ) LIMIT 1 [ RunTime:0.000195s ]
[2022-06-21T09:24:01+08:00][sql] SHOW FULL COLUMNS FROM `index_classify_type` [ RunTime:0.000521s ]
[2022-06-21T09:24:01+08:00][sql] SELECT `table_name` FROM `index_classify_type` WHERE  ( type_id=6 ) LIMIT 1 [ RunTime:0.000165s ]
[2022-06-21T09:24:01+08:00][sql] SHOW FULL COLUMNS FROM `index_input` [ RunTime:0.000491s ]
[2022-06-21T09:24:01+08:00][sql] SELECT * FROM `index_input` WHERE  `type_id` = 6  AND `list_switch` = 2 [ RunTime:0.000206s ]
[2022-06-21T09:24:01+08:00][sql] SELECT * FROM `index_input` WHERE  ( input_pid=38 ) [ RunTime:0.000198s ]
[2022-06-21T09:24:01+08:00][sql] SELECT * FROM `index_input` WHERE  ( input_pid=39 ) [ RunTime:0.000186s ]
[2022-06-21T09:24:01+08:00][sql] SELECT * FROM `index_input` WHERE  ( input_pid=40 ) [ RunTime:0.000183s ]
[2022-06-21T09:24:01+08:00][sql] SHOW FULL COLUMNS FROM `index_goods` [ RunTime:0.000880s ]
[2022-06-21T09:24:01+08:00][sql] SELECT COUNT(*) AS think_count FROM `index_goods` `c` INNER JOIN `index_relevance` `r` ON `r`.`classify_id`=3 and r.content_id=goods_id LIMIT 1 [ RunTime:0.000331s ]
[2022-06-21T09:24:01+08:00][sql] SELECT * FROM `index_goods` `c` INNER JOIN `index_relevance` `r` ON `r`.`classify_id`=3 and r.content_id=goods_id ORDER BY `date` DESC LIMIT 0,2 [ RunTime:0.000352s ]
[2022-06-21T09:24:01+08:00][error] [8]未定义变量: functionSwitch[D:\phpstudy_pro\WWW\tp\runtime\admin\temp\14a8370f59c26a18c4e7c609df3fe25d.php:159]
[2022-06-21T09:39:59+08:00][sql] CONNECT:[ UseTime:0.010916s ] mysql:host=127.0.0.1;port=3306;dbname=tp;charset=utf8
[2022-06-21T09:39:59+08:00][sql] SHOW FULL COLUMNS FROM `index_user` [ RunTime:0.000756s ]
[2022-06-21T09:39:59+08:00][sql] SELECT `role_id` FROM `index_user` `u` INNER JOIN `index_user_role` `c` ON `u`.`user_id`=`c`.`user_id` WHERE  ( u.user_id=1 ) LIMIT 1 [ RunTime:0.000347s ]
[2022-06-21T09:39:59+08:00][sql] SHOW FULL COLUMNS FROM `index_admin_classify` [ RunTime:0.000429s ]
[2022-06-21T09:39:59+08:00][sql] SELECT * FROM `index_admin_classify` WHERE  ( classify_pid=1 ) [ RunTime:0.000141s ]
[2022-06-21T09:39:59+08:00][sql] SELECT * FROM `index_admin_classify` WHERE  ( classify_pid=2 ) [ RunTime:0.000208s ]
[2022-06-21T09:39:59+08:00][sql] SELECT * FROM `index_admin_classify` WHERE  ( classify_pid=3 ) [ RunTime:0.000201s ]
[2022-06-21T09:39:59+08:00][sql] SELECT * FROM `index_admin_classify` WHERE  ( classify_pid=4 ) [ RunTime:0.000177s ]
[2022-06-21T09:39:59+08:00][sql] SELECT * FROM `index_admin_classify` WHERE  ( classify_pid=5 ) [ RunTime:0.000167s ]
[2022-06-21T09:39:59+08:00][sql] SELECT * FROM `index_admin_classify` WHERE  ( classify_pid=6 ) [ RunTime:0.000164s ]
[2022-06-21T09:39:59+08:00][sql] SELECT * FROM `index_admin_classify` WHERE  ( classify_pid=7 ) [ RunTime:0.000176s ]
[2022-06-21T09:39:59+08:00][sql] SELECT * FROM `index_admin_classify` WHERE  ( classify_pid=10 ) [ RunTime:0.000119s ]
[2022-06-21T09:39:59+08:00][sql] SELECT * FROM `index_admin_classify` WHERE  ( classify_pid=11 ) [ RunTime:0.000115s ]
[2022-06-21T09:39:59+08:00][sql] SELECT * FROM `index_admin_classify` WHERE  ( classify_pid=12 ) [ RunTime:0.000118s ]
[2022-06-21T09:39:59+08:00][sql] SHOW FULL COLUMNS FROM `index_classify` [ RunTime:0.000763s ]
[2022-06-21T09:39:59+08:00][sql] SELECT * FROM `index_classify` WHERE  ( classify_pid=1 ) [ RunTime:0.000210s ]
[2022-06-21T09:39:59+08:00][sql] CONNECT:[ UseTime:0.018276s ] mysql:host=127.0.0.1;port=3306;dbname=tp;charset=utf8
[2022-06-21T09:39:59+08:00][sql] select version() as ver [ RunTime:0.000197s ]
[2022-06-21T09:39:59+08:00][sql] CONNECT:[ UseTime:0.016546s ] mysql:host=127.0.0.1;port=3306;dbname=tp;charset=utf8
[2022-06-21T09:39:59+08:00][sql] SHOW FULL COLUMNS FROM `index_classify` [ RunTime:0.001093s ]
[2022-06-21T09:39:59+08:00][sql] SELECT * FROM `index_classify` WHERE  ( classify_id=2 ) LIMIT 1 [ RunTime:0.000262s ]
[2022-06-21T09:39:59+08:00][sql] SELECT COUNT(*) AS think_count FROM `index_classify` WHERE  ( classify_pid=2 ) LIMIT 1 [ RunTime:0.000239s ]
[2022-06-21T09:39:59+08:00][sql] SHOW FULL COLUMNS FROM `index_classify_type` [ RunTime:0.000571s ]
[2022-06-21T09:39:59+08:00][sql] SELECT `type_name` FROM `index_classify_type` WHERE  ( type_id=1 ) LIMIT 1 [ RunTime:0.000258s ]
[2022-06-21T09:39:59+08:00][sql] SELECT * FROM `index_classify` [ RunTime:0.000250s ]
[2022-06-21T09:39:59+08:00][sql] SELECT COUNT(*) AS think_count FROM `index_classify` WHERE  ( classify_pid=1 ) LIMIT 1 [ RunTime:0.000264s ]
[2022-06-21T09:39:59+08:00][sql] SELECT `type_name` FROM `index_classify_type` WHERE  ( type_id=1 ) LIMIT 1 [ RunTime:0.000252s ]
[2022-06-21T09:39:59+08:00][sql] SELECT COUNT(*) AS think_count FROM `index_classify` WHERE  ( classify_pid=2 ) LIMIT 1 [ RunTime:0.000228s ]
[2022-06-21T09:39:59+08:00][sql] SELECT `type_name` FROM `index_classify_type` WHERE  ( type_id=1 ) LIMIT 1 [ RunTime:0.000202s ]
[2022-06-21T09:39:59+08:00][sql] SELECT COUNT(*) AS think_count FROM `index_classify` WHERE  ( classify_pid=3 ) LIMIT 1 [ RunTime:0.000225s ]
[2022-06-21T09:39:59+08:00][sql] SELECT `type_name` FROM `index_classify_type` WHERE  ( type_id=6 ) LIMIT 1 [ RunTime:0.000217s ]
[2022-06-21T09:39:59+08:00][sql] SELECT `table_name` FROM `index_classify_type` WHERE  ( type_id=6 ) LIMIT 1 [ RunTime:0.000128s ]
[2022-06-21T09:39:59+08:00][sql] SHOW FULL COLUMNS FROM `index_goods` [ RunTime:0.000950s ]
[2022-06-21T09:39:59+08:00][sql] SELECT COUNT(*) AS think_count FROM `index_goods` `c` INNER JOIN `index_relevance` `r` ON `r`.`classify_id`=3 and r.content_id=goods_id LIMIT 1 [ RunTime:0.000463s ]
[2022-06-21T09:39:59+08:00][sql] SELECT COUNT(*) AS think_count FROM `index_classify` WHERE  ( classify_pid=5 ) LIMIT 1 [ RunTime:0.000227s ]
[2022-06-21T09:39:59+08:00][sql] SELECT `type_name` FROM `index_classify_type` WHERE  ( type_id=1 ) LIMIT 1 [ RunTime:0.000223s ]
[2022-06-21T09:39:59+08:00][sql] SELECT COUNT(*) AS think_count FROM `index_classify` WHERE  ( classify_pid=6 ) LIMIT 1 [ RunTime:0.000212s ]
[2022-06-21T09:39:59+08:00][sql] SELECT `type_name` FROM `index_classify_type` WHERE  ( type_id=1 ) LIMIT 1 [ RunTime:0.000202s ]
[2022-06-21T09:39:59+08:00][sql] SELECT COUNT(*) AS think_count FROM `index_classify` WHERE  ( classify_pid=7 ) LIMIT 1 [ RunTime:0.000158s ]
[2022-06-21T09:39:59+08:00][sql] SELECT `type_name` FROM `index_classify_type` WHERE  ( type_id=6 ) LIMIT 1 [ RunTime:0.000169s ]
[2022-06-21T09:39:59+08:00][sql] SELECT `table_name` FROM `index_classify_type` WHERE  ( type_id=6 ) LIMIT 1 [ RunTime:0.000132s ]
[2022-06-21T09:39:59+08:00][sql] SELECT COUNT(*) AS think_count FROM `index_goods` `c` INNER JOIN `index_relevance` `r` ON `r`.`classify_id`=7 and r.content_id=goods_id LIMIT 1 [ RunTime:0.000146s ]
[2022-06-21T09:39:59+08:00][sql] SELECT COUNT(*) AS think_count FROM `index_classify` WHERE  ( classify_pid=8 ) LIMIT 1 [ RunTime:0.000159s ]
[2022-06-21T09:39:59+08:00][sql] SELECT `type_name` FROM `index_classify_type` WHERE  ( type_id=1 ) LIMIT 1 [ RunTime:0.000143s ]
[2022-06-21T09:39:59+08:00][sql] SELECT COUNT(*) AS think_count FROM `index_classify` WHERE  ( classify_pid=9 ) LIMIT 1 [ RunTime:0.000141s ]
[2022-06-21T09:39:59+08:00][sql] SELECT `type_name` FROM `index_classify_type` WHERE  ( type_id=6 ) LIMIT 1 [ RunTime:0.000174s ]
[2022-06-21T09:39:59+08:00][sql] SELECT `table_name` FROM `index_classify_type` WHERE  ( type_id=6 ) LIMIT 1 [ RunTime:0.000129s ]
[2022-06-21T09:39:59+08:00][sql] SELECT COUNT(*) AS think_count FROM `index_goods` `c` INNER JOIN `index_relevance` `r` ON `r`.`classify_id`=9 and r.content_id=goods_id LIMIT 1 [ RunTime:0.000231s ]
