[2022-06-22T09:42:18+08:00][sql] CONNECT:[ UseTime:0.024664s ] mysql:host=127.0.0.1;port=3306;dbname=tp;charset=utf8
[2022-06-22T09:42:18+08:00][sql] SHOW FULL COLUMNS FROM `index_user` [ RunTime:0.008320s ]
[2022-06-22T09:42:18+08:00][sql] SELECT * FROM `index_user` WHERE  `username` = 'admin' LIMIT 1 [ RunTime:0.002064s ]
[2022-06-22T09:42:18+08:00][sql] UPDATE `index_user`  SET `date` = 1655862138 , `secret` = 370064 , `password` = '02b13031426c31a9f584aeb498b4cb3d'  WHERE  `user_id` = 1 [ RunTime:0.000337s ]
[2022-06-22T09:42:18+08:00][sql] CONNECT:[ UseTime:0.000737s ] mysql:host=127.0.0.1;port=3306;dbname=tp;charset=utf8
[2022-06-22T09:42:18+08:00][sql] SHOW FULL COLUMNS FROM `index_user` [ RunTime:0.000577s ]
[2022-06-22T09:42:18+08:00][sql] SELECT `role_id` FROM `index_user` `u` INNER JOIN `index_user_role` `c` ON `u`.`user_id`=`c`.`user_id` WHERE  ( u.user_id=1 ) LIMIT 1 [ RunTime:0.003483s ]
[2022-06-22T09:42:18+08:00][sql] SHOW FULL COLUMNS FROM `index_admin_classify` [ RunTime:0.002087s ]
[2022-06-22T09:42:18+08:00][sql] SELECT * FROM `index_admin_classify` WHERE  ( classify_pid=1 ) [ RunTime:0.000608s ]
[2022-06-22T09:42:18+08:00][sql] SELECT * FROM `index_admin_classify` WHERE  ( classify_pid=2 ) [ RunTime:0.000138s ]
[2022-06-22T09:42:18+08:00][sql] SELECT * FROM `index_admin_classify` WHERE  ( classify_pid=3 ) [ RunTime:0.000133s ]
[2022-06-22T09:42:18+08:00][sql] SELECT * FROM `index_admin_classify` WHERE  ( classify_pid=4 ) [ RunTime:0.000118s ]
[2022-06-22T09:42:18+08:00][sql] SELECT * FROM `index_admin_classify` WHERE  ( classify_pid=5 ) [ RunTime:0.000115s ]
[2022-06-22T09:42:18+08:00][sql] SELECT * FROM `index_admin_classify` WHERE  ( classify_pid=6 ) [ RunTime:0.000115s ]
[2022-06-22T09:42:18+08:00][sql] SELECT * FROM `index_admin_classify` WHERE  ( classify_pid=7 ) [ RunTime:0.000120s ]
[2022-06-22T09:42:18+08:00][sql] SELECT * FROM `index_admin_classify` WHERE  ( classify_pid=10 ) [ RunTime:0.000116s ]
[2022-06-22T09:42:18+08:00][sql] SELECT * FROM `index_admin_classify` WHERE  ( classify_pid=11 ) [ RunTime:0.000115s ]
[2022-06-22T09:42:18+08:00][sql] SELECT * FROM `index_admin_classify` WHERE  ( classify_pid=12 ) [ RunTime:0.000186s ]
[2022-06-22T09:42:18+08:00][sql] SHOW FULL COLUMNS FROM `index_classify` [ RunTime:0.003343s ]
[2022-06-22T09:42:18+08:00][sql] SELECT * FROM `index_classify` WHERE  ( classify_pid=1 ) [ RunTime:0.000187s ]
[2022-06-22T09:42:18+08:00][sql] CONNECT:[ UseTime:0.022954s ] mysql:host=127.0.0.1;port=3306;dbname=tp;charset=utf8
[2022-06-22T09:42:18+08:00][sql] select version() as ver [ RunTime:0.001153s ]
[2022-06-22T09:42:19+08:00][sql] CONNECT:[ UseTime:0.019355s ] mysql:host=127.0.0.1;port=3306;dbname=tp;charset=utf8
[2022-06-22T09:42:19+08:00][sql] SHOW FULL COLUMNS FROM `index_classify_type` [ RunTime:0.002311s ]
[2022-06-22T09:42:19+08:00][sql] SELECT * FROM `index_classify_type` ORDER BY `type_id` ASC [ RunTime:0.000345s ]
[2022-06-22T09:42:19+08:00][sql] CONNECT:[ UseTime:0.024812s ] mysql:host=127.0.0.1;port=3306;dbname=tp;charset=utf8
[2022-06-22T09:42:19+08:00][sql] SHOW FULL COLUMNS FROM `index_classify` [ RunTime:0.001275s ]
[2022-06-22T09:42:19+08:00][sql] SELECT * FROM `index_classify` WHERE  ( classify_id=2 ) LIMIT 1 [ RunTime:0.000333s ]
[2022-06-22T09:42:19+08:00][sql] SELECT COUNT(*) AS think_count FROM `index_classify` WHERE  ( classify_pid=2 ) LIMIT 1 [ RunTime:0.000279s ]
[2022-06-22T09:42:19+08:00][sql] SHOW FULL COLUMNS FROM `index_classify_type` [ RunTime:0.000521s ]
[2022-06-22T09:42:19+08:00][sql] SELECT `type_name` FROM `index_classify_type` WHERE  ( type_id=1 ) LIMIT 1 [ RunTime:0.000162s ]
[2022-06-22T09:42:19+08:00][sql] SELECT * FROM `index_classify` [ RunTime:0.000166s ]
[2022-06-22T09:42:19+08:00][sql] SELECT COUNT(*) AS think_count FROM `index_classify` WHERE  ( classify_pid=1 ) LIMIT 1 [ RunTime:0.000180s ]
[2022-06-22T09:42:19+08:00][sql] SELECT `type_name` FROM `index_classify_type` WHERE  ( type_id=1 ) LIMIT 1 [ RunTime:0.000133s ]
[2022-06-22T09:42:19+08:00][sql] SELECT COUNT(*) AS think_count FROM `index_classify` WHERE  ( classify_pid=2 ) LIMIT 1 [ RunTime:0.000137s ]
[2022-06-22T09:42:19+08:00][sql] SELECT `type_name` FROM `index_classify_type` WHERE  ( type_id=1 ) LIMIT 1 [ RunTime:0.000136s ]
[2022-06-22T09:42:19+08:00][sql] SELECT COUNT(*) AS think_count FROM `index_classify` WHERE  ( classify_pid=3 ) LIMIT 1 [ RunTime:0.000132s ]
[2022-06-22T09:42:19+08:00][sql] SELECT `type_name` FROM `index_classify_type` WHERE  ( type_id=6 ) LIMIT 1 [ RunTime:0.000128s ]
[2022-06-22T09:42:19+08:00][sql] SELECT `table_name` FROM `index_classify_type` WHERE  ( type_id=6 ) LIMIT 1 [ RunTime:0.000126s ]
[2022-06-22T09:42:19+08:00][sql] SHOW FULL COLUMNS FROM `index_goods` [ RunTime:0.002488s ]
[2022-06-22T09:42:19+08:00][sql] SELECT COUNT(*) AS think_count FROM `index_goods` `c` INNER JOIN `index_relevance` `r` ON `r`.`classify_id`=3 and r.content_id=goods_id LIMIT 1 [ RunTime:0.001555s ]
[2022-06-22T09:42:19+08:00][sql] SELECT COUNT(*) AS think_count FROM `index_classify` WHERE  ( classify_pid=5 ) LIMIT 1 [ RunTime:0.000171s ]
[2022-06-22T09:42:19+08:00][sql] SELECT `type_name` FROM `index_classify_type` WHERE  ( type_id=1 ) LIMIT 1 [ RunTime:0.000207s ]
[2022-06-22T09:42:19+08:00][sql] SELECT COUNT(*) AS think_count FROM `index_classify` WHERE  ( classify_pid=6 ) LIMIT 1 [ RunTime:0.000160s ]
[2022-06-22T09:42:19+08:00][sql] SELECT `type_name` FROM `index_classify_type` WHERE  ( type_id=6 ) LIMIT 1 [ RunTime:0.000136s ]
[2022-06-22T09:42:19+08:00][sql] SELECT `table_name` FROM `index_classify_type` WHERE  ( type_id=6 ) LIMIT 1 [ RunTime:0.000131s ]
[2022-06-22T09:42:19+08:00][sql] SELECT COUNT(*) AS think_count FROM `index_goods` `c` INNER JOIN `index_relevance` `r` ON `r`.`classify_id`=6 and r.content_id=goods_id LIMIT 1 [ RunTime:0.000163s ]
[2022-06-22T09:42:19+08:00][sql] SELECT COUNT(*) AS think_count FROM `index_classify` WHERE  ( classify_pid=7 ) LIMIT 1 [ RunTime:0.000153s ]
[2022-06-22T09:42:19+08:00][sql] SELECT `type_name` FROM `index_classify_type` WHERE  ( type_id=6 ) LIMIT 1 [ RunTime:0.000132s ]
[2022-06-22T09:42:19+08:00][sql] SELECT `table_name` FROM `index_classify_type` WHERE  ( type_id=6 ) LIMIT 1 [ RunTime:0.000131s ]
[2022-06-22T09:42:19+08:00][sql] SELECT COUNT(*) AS think_count FROM `index_goods` `c` INNER JOIN `index_relevance` `r` ON `r`.`classify_id`=7 and r.content_id=goods_id LIMIT 1 [ RunTime:0.000155s ]
[2022-06-22T09:42:19+08:00][sql] SELECT COUNT(*) AS think_count FROM `index_classify` WHERE  ( classify_pid=8 ) LIMIT 1 [ RunTime:0.000139s ]
[2022-06-22T09:42:19+08:00][sql] SELECT `type_name` FROM `index_classify_type` WHERE  ( type_id=1 ) LIMIT 1 [ RunTime:0.000133s ]
[2022-06-22T09:42:19+08:00][sql] SELECT COUNT(*) AS think_count FROM `index_classify` WHERE  ( classify_pid=9 ) LIMIT 1 [ RunTime:0.000139s ]
[2022-06-22T09:42:19+08:00][sql] SELECT `type_name` FROM `index_classify_type` WHERE  ( type_id=6 ) LIMIT 1 [ RunTime:0.000108s ]
[2022-06-22T09:42:19+08:00][sql] SELECT `table_name` FROM `index_classify_type` WHERE  ( type_id=6 ) LIMIT 1 [ RunTime:0.000113s ]
[2022-06-22T09:42:19+08:00][sql] SELECT COUNT(*) AS think_count FROM `index_goods` `c` INNER JOIN `index_relevance` `r` ON `r`.`classify_id`=9 and r.content_id=goods_id LIMIT 1 [ RunTime:0.000126s ]
[2022-06-22T09:42:19+08:00][sql] SELECT COUNT(*) AS think_count FROM `index_classify` WHERE  ( classify_pid=10 ) LIMIT 1 [ RunTime:0.000112s ]
[2022-06-22T09:42:19+08:00][sql] SELECT `type_name` FROM `index_classify_type` WHERE  ( type_id=1 ) LIMIT 1 [ RunTime:0.000101s ]
[2022-06-22T09:42:19+08:00][sql] SELECT COUNT(*) AS think_count FROM `index_classify` WHERE  ( classify_pid=11 ) LIMIT 1 [ RunTime:0.000114s ]
[2022-06-22T09:42:19+08:00][sql] SELECT `type_name` FROM `index_classify_type` WHERE  ( type_id=6 ) LIMIT 1 [ RunTime:0.000105s ]
[2022-06-22T09:42:19+08:00][sql] SELECT `table_name` FROM `index_classify_type` WHERE  ( type_id=6 ) LIMIT 1 [ RunTime:0.000113s ]
[2022-06-22T09:42:19+08:00][sql] SELECT COUNT(*) AS think_count FROM `index_goods` `c` INNER JOIN `index_relevance` `r` ON `r`.`classify_id`=11 and r.content_id=goods_id LIMIT 1 [ RunTime:0.000178s ]
[2022-06-22T09:42:19+08:00][sql] CONNECT:[ UseTime:0.021228s ] mysql:host=127.0.0.1;port=3306;dbname=tp;charset=utf8
[2022-06-22T09:42:19+08:00][sql] SHOW FULL COLUMNS FROM `index_classify` [ RunTime:0.001273s ]
[2022-06-22T09:42:19+08:00][sql] SELECT * FROM `index_classify` WHERE  ( classify_id=5 ) LIMIT 1 [ RunTime:0.000343s ]
[2022-06-22T09:42:19+08:00][sql] SELECT COUNT(*) AS think_count FROM `index_classify` WHERE  ( classify_pid=5 ) LIMIT 1 [ RunTime:0.000378s ]
[2022-06-22T09:42:19+08:00][sql] SHOW FULL COLUMNS FROM `index_classify_type` [ RunTime:0.000531s ]
[2022-06-22T09:42:19+08:00][sql] SELECT `type_name` FROM `index_classify_type` WHERE  ( type_id=1 ) LIMIT 1 [ RunTime:0.000153s ]
[2022-06-22T09:42:19+08:00][sql] SELECT * FROM `index_classify` [ RunTime:0.000147s ]
[2022-06-22T09:42:19+08:00][sql] SELECT COUNT(*) AS think_count FROM `index_classify` WHERE  ( classify_pid=1 ) LIMIT 1 [ RunTime:0.000153s ]
[2022-06-22T09:42:19+08:00][sql] SELECT `type_name` FROM `index_classify_type` WHERE  ( type_id=1 ) LIMIT 1 [ RunTime:0.000145s ]
[2022-06-22T09:42:19+08:00][sql] SELECT COUNT(*) AS think_count FROM `index_classify` WHERE  ( classify_pid=2 ) LIMIT 1 [ RunTime:0.000136s ]
[2022-06-22T09:42:19+08:00][sql] SELECT `type_name` FROM `index_classify_type` WHERE  ( type_id=1 ) LIMIT 1 [ RunTime:0.000132s ]
[2022-06-22T09:42:19+08:00][sql] SELECT COUNT(*) AS think_count FROM `index_classify` WHERE  ( classify_pid=3 ) LIMIT 1 [ RunTime:0.000136s ]
[2022-06-22T09:42:19+08:00][sql] SELECT `type_name` FROM `index_classify_type` WHERE  ( type_id=6 ) LIMIT 1 [ RunTime:0.000138s ]
[2022-06-22T09:42:19+08:00][sql] SELECT `table_name` FROM `index_classify_type` WHERE  ( type_id=6 ) LIMIT 1 [ RunTime:0.000129s ]
[2022-06-22T09:42:19+08:00][sql] SHOW FULL COLUMNS FROM `index_goods` [ RunTime:0.002477s ]
[2022-06-22T09:42:19+08:00][sql] SELECT COUNT(*) AS think_count FROM `index_goods` `c` INNER JOIN `index_relevance` `r` ON `r`.`classify_id`=3 and r.content_id=goods_id LIMIT 1 [ RunTime:0.001633s ]
[2022-06-22T09:42:19+08:00][sql] SELECT COUNT(*) AS think_count FROM `index_classify` WHERE  ( classify_pid=5 ) LIMIT 1 [ RunTime:0.000147s ]
[2022-06-22T09:42:19+08:00][sql] SELECT `type_name` FROM `index_classify_type` WHERE  ( type_id=1 ) LIMIT 1 [ RunTime:0.000124s ]
[2022-06-22T09:42:19+08:00][sql] SELECT COUNT(*) AS think_count FROM `index_classify` WHERE  ( classify_pid=6 ) LIMIT 1 [ RunTime:0.000122s ]
[2022-06-22T09:42:19+08:00][sql] SELECT `type_name` FROM `index_classify_type` WHERE  ( type_id=6 ) LIMIT 1 [ RunTime:0.000146s ]
[2022-06-22T09:42:19+08:00][sql] SELECT `table_name` FROM `index_classify_type` WHERE  ( type_id=6 ) LIMIT 1 [ RunTime:0.000134s ]
[2022-06-22T09:42:19+08:00][sql] SELECT COUNT(*) AS think_count FROM `index_goods` `c` INNER JOIN `index_relevance` `r` ON `r`.`classify_id`=6 and r.content_id=goods_id LIMIT 1 [ RunTime:0.000160s ]
[2022-06-22T09:42:19+08:00][sql] SELECT COUNT(*) AS think_count FROM `index_classify` WHERE  ( classify_pid=7 ) LIMIT 1 [ RunTime:0.000136s ]
[2022-06-22T09:42:19+08:00][sql] SELECT `type_name` FROM `index_classify_type` WHERE  ( type_id=6 ) LIMIT 1 [ RunTime:0.000172s ]
[2022-06-22T09:42:19+08:00][sql] SELECT `table_name` FROM `index_classify_type` WHERE  ( type_id=6 ) LIMIT 1 [ RunTime:0.000127s ]
[2022-06-22T09:42:19+08:00][sql] SELECT COUNT(*) AS think_count FROM `index_goods` `c` INNER JOIN `index_relevance` `r` ON `r`.`classify_id`=7 and r.content_id=goods_id LIMIT 1 [ RunTime:0.000149s ]
[2022-06-22T09:42:19+08:00][sql] SELECT COUNT(*) AS think_count FROM `index_classify` WHERE  ( classify_pid=8 ) LIMIT 1 [ RunTime:0.000134s ]
[2022-06-22T09:42:19+08:00][sql] SELECT `type_name` FROM `index_classify_type` WHERE  ( type_id=1 ) LIMIT 1 [ RunTime:0.000129s ]
[2022-06-22T09:42:19+08:00][sql] SELECT COUNT(*) AS think_count FROM `index_classify` WHERE  ( classify_pid=9 ) LIMIT 1 [ RunTime:0.000132s ]
[2022-06-22T09:42:19+08:00][sql] SELECT `type_name` FROM `index_classify_type` WHERE  ( type_id=6 ) LIMIT 1 [ RunTime:0.000127s ]
[2022-06-22T09:42:19+08:00][sql] SELECT `table_name` FROM `index_classify_type` WHERE  ( type_id=6 ) LIMIT 1 [ RunTime:0.000160s ]
[2022-06-22T09:42:19+08:00][sql] SELECT COUNT(*) AS think_count FROM `index_goods` `c` INNER JOIN `index_relevance` `r` ON `r`.`classify_id`=9 and r.content_id=goods_id LIMIT 1 [ RunTime:0.000149s ]
[2022-06-22T09:42:19+08:00][sql] SELECT COUNT(*) AS think_count FROM `index_classify` WHERE  ( classify_pid=10 ) LIMIT 1 [ RunTime:0.000137s ]
[2022-06-22T09:42:19+08:00][sql] SELECT `type_name` FROM `index_classify_type` WHERE  ( type_id=1 ) LIMIT 1 [ RunTime:0.000141s ]
[2022-06-22T09:42:19+08:00][sql] SELECT COUNT(*) AS think_count FROM `index_classify` WHERE  ( classify_pid=11 ) LIMIT 1 [ RunTime:0.000133s ]
[2022-06-22T09:42:19+08:00][sql] SELECT `type_name` FROM `index_classify_type` WHERE  ( type_id=6 ) LIMIT 1 [ RunTime:0.000158s ]
[2022-06-22T09:42:19+08:00][sql] SELECT `table_name` FROM `index_classify_type` WHERE  ( type_id=6 ) LIMIT 1 [ RunTime:0.000137s ]
[2022-06-22T09:42:19+08:00][sql] SELECT COUNT(*) AS think_count FROM `index_goods` `c` INNER JOIN `index_relevance` `r` ON `r`.`classify_id`=11 and r.content_id=goods_id LIMIT 1 [ RunTime:0.000164s ]
[2022-06-22T09:42:19+08:00][error] [2]file_put_contents(D:\phpstudy_pro\WWW\tp\runtime\admin\temp\d54a810b0fa77e289e431c6af98294dd.php): failed to open stream: Permission denied[D:\phpstudy_pro\WWW\tp\vendor\topthink\think-template\src\template\driver\File.php:37]
[2022-06-22T09:42:41+08:00][sql] CONNECT:[ UseTime:0.014861s ] mysql:host=127.0.0.1;port=3306;dbname=tp;charset=utf8
[2022-06-22T09:42:41+08:00][sql] SHOW FULL COLUMNS FROM `index_user` [ RunTime:0.000604s ]
[2022-06-22T09:42:41+08:00][sql] SELECT `role_id` FROM `index_user` `u` INNER JOIN `index_user_role` `c` ON `u`.`user_id`=`c`.`user_id` WHERE  ( u.user_id=1 ) LIMIT 1 [ RunTime:0.000323s ]
[2022-06-22T09:42:41+08:00][sql] SHOW FULL COLUMNS FROM `index_admin_classify` [ RunTime:0.000422s ]
[2022-06-22T09:42:41+08:00][sql] SELECT * FROM `index_admin_classify` WHERE  ( classify_pid=1 ) [ RunTime:0.000161s ]
[2022-06-22T09:42:41+08:00][sql] SELECT * FROM `index_admin_classify` WHERE  ( classify_pid=2 ) [ RunTime:0.000178s ]
[2022-06-22T09:42:41+08:00][sql] SELECT * FROM `index_admin_classify` WHERE  ( classify_pid=3 ) [ RunTime:0.000170s ]
[2022-06-22T09:42:41+08:00][sql] SELECT * FROM `index_admin_classify` WHERE  ( classify_pid=4 ) [ RunTime:0.000169s ]
[2022-06-22T09:42:41+08:00][sql] SELECT * FROM `index_admin_classify` WHERE  ( classify_pid=5 ) [ RunTime:0.000138s ]
[2022-06-22T09:42:41+08:00][sql] SELECT * FROM `index_admin_classify` WHERE  ( classify_pid=6 ) [ RunTime:0.000113s ]
[2022-06-22T09:42:41+08:00][sql] SELECT * FROM `index_admin_classify` WHERE  ( classify_pid=7 ) [ RunTime:0.000172s ]
[2022-06-22T09:42:41+08:00][sql] SELECT * FROM `index_admin_classify` WHERE  ( classify_pid=10 ) [ RunTime:0.000165s ]
[2022-06-22T09:42:41+08:00][sql] SELECT * FROM `index_admin_classify` WHERE  ( classify_pid=11 ) [ RunTime:0.000165s ]
[2022-06-22T09:42:41+08:00][sql] SELECT * FROM `index_admin_classify` WHERE  ( classify_pid=12 ) [ RunTime:0.000137s ]
[2022-06-22T09:42:41+08:00][sql] SHOW FULL COLUMNS FROM `index_classify` [ RunTime:0.000858s ]
[2022-06-22T09:42:41+08:00][sql] SELECT * FROM `index_classify` WHERE  ( classify_pid=1 ) [ RunTime:0.000275s ]
[2022-06-22T09:42:41+08:00][sql] CONNECT:[ UseTime:0.010867s ] mysql:host=127.0.0.1;port=3306;dbname=tp;charset=utf8
[2022-06-22T09:42:41+08:00][sql] select version() as ver [ RunTime:0.000196s ]
[2022-06-22T09:42:41+08:00][sql] CONNECT:[ UseTime:0.023534s ] mysql:host=127.0.0.1;port=3306;dbname=tp;charset=utf8
[2022-06-22T09:42:41+08:00][sql] SHOW FULL COLUMNS FROM `index_classify` [ RunTime:0.001761s ]
[2022-06-22T09:42:41+08:00][sql] SELECT * FROM `index_classify` WHERE  ( classify_id=5 ) LIMIT 1 [ RunTime:0.000238s ]
[2022-06-22T09:42:41+08:00][sql] SELECT COUNT(*) AS think_count FROM `index_classify` WHERE  ( classify_pid=5 ) LIMIT 1 [ RunTime:0.000202s ]
[2022-06-22T09:42:41+08:00][sql] SHOW FULL COLUMNS FROM `index_classify_type` [ RunTime:0.000534s ]
[2022-06-22T09:42:41+08:00][sql] SELECT `type_name` FROM `index_classify_type` WHERE  ( type_id=1 ) LIMIT 1 [ RunTime:0.000135s ]
[2022-06-22T09:42:41+08:00][sql] SELECT * FROM `index_classify` [ RunTime:0.000191s ]
[2022-06-22T09:42:41+08:00][sql] SELECT COUNT(*) AS think_count FROM `index_classify` WHERE  ( classify_pid=1 ) LIMIT 1 [ RunTime:0.000165s ]
[2022-06-22T09:42:41+08:00][sql] SELECT `type_name` FROM `index_classify_type` WHERE  ( type_id=1 ) LIMIT 1 [ RunTime:0.000152s ]
[2022-06-22T09:42:41+08:00][sql] SELECT COUNT(*) AS think_count FROM `index_classify` WHERE  ( classify_pid=2 ) LIMIT 1 [ RunTime:0.000117s ]
[2022-06-22T09:42:41+08:00][sql] SELECT `type_name` FROM `index_classify_type` WHERE  ( type_id=1 ) LIMIT 1 [ RunTime:0.000109s ]
[2022-06-22T09:42:41+08:00][sql] SELECT COUNT(*) AS think_count FROM `index_classify` WHERE  ( classify_pid=3 ) LIMIT 1 [ RunTime:0.000121s ]
[2022-06-22T09:42:41+08:00][sql] SELECT `type_name` FROM `index_classify_type` WHERE  ( type_id=6 ) LIMIT 1 [ RunTime:0.000108s ]
[2022-06-22T09:42:41+08:00][sql] SELECT `table_name` FROM `index_classify_type` WHERE  ( type_id=6 ) LIMIT 1 [ RunTime:0.000137s ]
[2022-06-22T09:42:41+08:00][sql] SHOW FULL COLUMNS FROM `index_goods` [ RunTime:0.000957s ]
[2022-06-22T09:42:41+08:00][sql] SELECT COUNT(*) AS think_count FROM `index_goods` `c` INNER JOIN `index_relevance` `r` ON `r`.`classify_id`=3 and r.content_id=goods_id LIMIT 1 [ RunTime:0.000309s ]
[2022-06-22T09:42:41+08:00][sql] SELECT COUNT(*) AS think_count FROM `index_classify` WHERE  ( classify_pid=5 ) LIMIT 1 [ RunTime:0.000145s ]
[2022-06-22T09:42:41+08:00][sql] SELECT `type_name` FROM `index_classify_type` WHERE  ( type_id=1 ) LIMIT 1 [ RunTime:0.000139s ]
[2022-06-22T09:42:41+08:00][sql] SELECT COUNT(*) AS think_count FROM `index_classify` WHERE  ( classify_pid=6 ) LIMIT 1 [ RunTime:0.000141s ]
[2022-06-22T09:42:41+08:00][sql] SELECT `type_name` FROM `index_classify_type` WHERE  ( type_id=6 ) LIMIT 1 [ RunTime:0.000138s ]
[2022-06-22T09:42:41+08:00][sql] SELECT `table_name` FROM `index_classify_type` WHERE  ( type_id=6 ) LIMIT 1 [ RunTime:0.000132s ]
[2022-06-22T09:42:41+08:00][sql] SELECT COUNT(*) AS think_count FROM `index_goods` `c` INNER JOIN `index_relevance` `r` ON `r`.`classify_id`=6 and r.content_id=goods_id LIMIT 1 [ RunTime:0.000135s ]
[2022-06-22T09:42:41+08:00][sql] SELECT COUNT(*) AS think_count FROM `index_classify` WHERE  ( classify_pid=7 ) LIMIT 1 [ RunTime:0.000115s ]
[2022-06-22T09:42:41+08:00][sql] SELECT `type_name` FROM `index_classify_type` WHERE  ( type_id=6 ) LIMIT 1 [ RunTime:0.000110s ]
[2022-06-22T09:42:41+08:00][sql] SELECT `table_name` FROM `index_classify_type` WHERE  ( type_id=6 ) LIMIT 1 [ RunTime:0.000114s ]
[2022-06-22T09:42:41+08:00][sql] SELECT COUNT(*) AS think_count FROM `index_goods` `c` INNER JOIN `index_relevance` `r` ON `r`.`classify_id`=7 and r.content_id=goods_id LIMIT 1 [ RunTime:0.000168s ]
[2022-06-22T09:42:41+08:00][sql] SELECT COUNT(*) AS think_count FROM `index_classify` WHERE  ( classify_pid=8 ) LIMIT 1 [ RunTime:0.000145s ]
[2022-06-22T09:42:41+08:00][sql] SELECT `type_name` FROM `index_classify_type` WHERE  ( type_id=1 ) LIMIT 1 [ RunTime:0.000111s ]
[2022-06-22T09:42:41+08:00][sql] SELECT COUNT(*) AS think_count FROM `index_classify` WHERE  ( classify_pid=9 ) LIMIT 1 [ RunTime:0.000110s ]
[2022-06-22T09:42:41+08:00][sql] SELECT `type_name` FROM `index_classify_type` WHERE  ( type_id=6 ) LIMIT 1 [ RunTime:0.000108s ]
[2022-06-22T09:42:41+08:00][sql] SELECT `table_name` FROM `index_classify_type` WHERE  ( type_id=6 ) LIMIT 1 [ RunTime:0.000106s ]
[2022-06-22T09:42:41+08:00][sql] SELECT COUNT(*) AS think_count FROM `index_goods` `c` INNER JOIN `index_relevance` `r` ON `r`.`classify_id`=9 and r.content_id=goods_id LIMIT 1 [ RunTime:0.000124s ]
[2022-06-22T09:42:41+08:00][sql] SELECT COUNT(*) AS think_count FROM `index_classify` WHERE  ( classify_pid=10 ) LIMIT 1 [ RunTime:0.000110s ]
[2022-06-22T09:42:41+08:00][sql] SELECT `type_name` FROM `index_classify_type` WHERE  ( type_id=1 ) LIMIT 1 [ RunTime:0.000106s ]
[2022-06-22T09:42:41+08:00][sql] SELECT COUNT(*) AS think_count FROM `index_classify` WHERE  ( classify_pid=11 ) LIMIT 1 [ RunTime:0.000107s ]
[2022-06-22T09:42:41+08:00][sql] SELECT `type_name` FROM `index_classify_type` WHERE  ( type_id=6 ) LIMIT 1 [ RunTime:0.000107s ]
[2022-06-22T09:42:41+08:00][sql] SELECT `table_name` FROM `index_classify_type` WHERE  ( type_id=6 ) LIMIT 1 [ RunTime:0.000104s ]
[2022-06-22T09:42:41+08:00][sql] SELECT COUNT(*) AS think_count FROM `index_goods` `c` INNER JOIN `index_relevance` `r` ON `r`.`classify_id`=11 and r.content_id=goods_id LIMIT 1 [ RunTime:0.000124s ]
[2022-06-22T09:42:41+08:00][sql] CONNECT:[ UseTime:0.023622s ] mysql:host=127.0.0.1;port=3306;dbname=tp;charset=utf8
[2022-06-22T09:42:41+08:00][sql] SHOW FULL COLUMNS FROM `index_classify` [ RunTime:0.001744s ]
[2022-06-22T09:42:41+08:00][sql] SELECT * FROM `index_classify` WHERE  ( classify_id=2 ) LIMIT 1 [ RunTime:0.000198s ]
[2022-06-22T09:42:41+08:00][sql] SELECT COUNT(*) AS think_count FROM `index_classify` WHERE  ( classify_pid=2 ) LIMIT 1 [ RunTime:0.000203s ]
[2022-06-22T09:42:41+08:00][sql] SHOW FULL COLUMNS FROM `index_classify_type` [ RunTime:0.000634s ]
[2022-06-22T09:42:41+08:00][sql] SELECT `type_name` FROM `index_classify_type` WHERE  ( type_id=1 ) LIMIT 1 [ RunTime:0.000128s ]
[2022-06-22T09:42:41+08:00][sql] SELECT * FROM `index_classify` [ RunTime:0.000226s ]
[2022-06-22T09:42:41+08:00][sql] SELECT COUNT(*) AS think_count FROM `index_classify` WHERE  ( classify_pid=1 ) LIMIT 1 [ RunTime:0.000123s ]
[2022-06-22T09:42:41+08:00][sql] SELECT `type_name` FROM `index_classify_type` WHERE  ( type_id=1 ) LIMIT 1 [ RunTime:0.000174s ]
[2022-06-22T09:42:41+08:00][sql] SELECT COUNT(*) AS think_count FROM `index_classify` WHERE  ( classify_pid=2 ) LIMIT 1 [ RunTime:0.000172s ]
[2022-06-22T09:42:41+08:00][sql] SELECT `type_name` FROM `index_classify_type` WHERE  ( type_id=1 ) LIMIT 1 [ RunTime:0.000167s ]
[2022-06-22T09:42:41+08:00][sql] SELECT COUNT(*) AS think_count FROM `index_classify` WHERE  ( classify_pid=3 ) LIMIT 1 [ RunTime:0.000168s ]
[2022-06-22T09:42:41+08:00][sql] SELECT `type_name` FROM `index_classify_type` WHERE  ( type_id=6 ) LIMIT 1 [ RunTime:0.000105s ]
[2022-06-22T09:42:41+08:00][sql] SELECT `table_name` FROM `index_classify_type` WHERE  ( type_id=6 ) LIMIT 1 [ RunTime:0.000105s ]
[2022-06-22T09:42:41+08:00][sql] SHOW FULL COLUMNS FROM `index_goods` [ RunTime:0.000878s ]
[2022-06-22T09:42:41+08:00][sql] SELECT COUNT(*) AS think_count FROM `index_goods` `c` INNER JOIN `index_relevance` `r` ON `r`.`classify_id`=3 and r.content_id=goods_id LIMIT 1 [ RunTime:0.000299s ]
[2022-06-22T09:42:41+08:00][sql] SELECT COUNT(*) AS think_count FROM `index_classify` WHERE  ( classify_pid=5 ) LIMIT 1 [ RunTime:0.000147s ]
[2022-06-22T09:42:41+08:00][sql] SELECT `type_name` FROM `index_classify_type` WHERE  ( type_id=1 ) LIMIT 1 [ RunTime:0.000112s ]
[2022-06-22T09:42:41+08:00][sql] SELECT COUNT(*) AS think_count FROM `index_classify` WHERE  ( classify_pid=6 ) LIMIT 1 [ RunTime:0.000144s ]
[2022-06-22T09:42:41+08:00][sql] SELECT `type_name` FROM `index_classify_type` WHERE  ( type_id=6 ) LIMIT 1 [ RunTime:0.000155s ]
[2022-06-22T09:42:41+08:00][sql] SELECT `table_name` FROM `index_classify_type` WHERE  ( type_id=6 ) LIMIT 1 [ RunTime:0.000103s ]
[2022-06-22T09:42:41+08:00][sql] SELECT COUNT(*) AS think_count FROM `index_goods` `c` INNER JOIN `index_relevance` `r` ON `r`.`classify_id`=6 and r.content_id=goods_id LIMIT 1 [ RunTime:0.000143s ]
[2022-06-22T09:42:41+08:00][sql] SELECT COUNT(*) AS think_count FROM `index_classify` WHERE  ( classify_pid=7 ) LIMIT 1 [ RunTime:0.000166s ]
[2022-06-22T09:42:41+08:00][sql] SELECT `type_name` FROM `index_classify_type` WHERE  ( type_id=6 ) LIMIT 1 [ RunTime:0.000161s ]
[2022-06-22T09:42:41+08:00][sql] SELECT `table_name` FROM `index_classify_type` WHERE  ( type_id=6 ) LIMIT 1 [ RunTime:0.000135s ]
[2022-06-22T09:42:41+08:00][sql] SELECT COUNT(*) AS think_count FROM `index_goods` `c` INNER JOIN `index_relevance` `r` ON `r`.`classify_id`=7 and r.content_id=goods_id LIMIT 1 [ RunTime:0.000131s ]
[2022-06-22T09:42:41+08:00][sql] SELECT COUNT(*) AS think_count FROM `index_classify` WHERE  ( classify_pid=8 ) LIMIT 1 [ RunTime:0.000113s ]
[2022-06-22T09:42:41+08:00][sql] SELECT `type_name` FROM `index_classify_type` WHERE  ( type_id=1 ) LIMIT 1 [ RunTime:0.000108s ]
[2022-06-22T09:42:41+08:00][sql] SELECT COUNT(*) AS think_count FROM `index_classify` WHERE  ( classify_pid=9 ) LIMIT 1 [ RunTime:0.000108s ]
[2022-06-22T09:42:41+08:00][sql] SELECT `type_name` FROM `index_classify_type` WHERE  ( type_id=6 ) LIMIT 1 [ RunTime:0.000106s ]
[2022-06-22T09:42:41+08:00][sql] SELECT `table_name` FROM `index_classify_type` WHERE  ( type_id=6 ) LIMIT 1 [ RunTime:0.000104s ]
[2022-06-22T09:42:41+08:00][sql] SELECT COUNT(*) AS think_count FROM `index_goods` `c` INNER JOIN `index_relevance` `r` ON `r`.`classify_id`=9 and r.content_id=goods_id LIMIT 1 [ RunTime:0.000123s ]
[2022-06-22T09:42:41+08:00][sql] SELECT COUNT(*) AS think_count FROM `index_classify` WHERE  ( classify_pid=10 ) LIMIT 1 [ RunTime:0.000107s ]
[2022-06-22T09:42:41+08:00][sql] SELECT `type_name` FROM `index_classify_type` WHERE  ( type_id=1 ) LIMIT 1 [ RunTime:0.000108s ]
[2022-06-22T09:42:41+08:00][sql] SELECT COUNT(*) AS think_count FROM `index_classify` WHERE  ( classify_pid=11 ) LIMIT 1 [ RunTime:0.000108s ]
[2022-06-22T09:42:41+08:00][sql] SELECT `type_name` FROM `index_classify_type` WHERE  ( type_id=6 ) LIMIT 1 [ RunTime:0.000101s ]
[2022-06-22T09:42:41+08:00][sql] SELECT `table_name` FROM `index_classify_type` WHERE  ( type_id=6 ) LIMIT 1 [ RunTime:0.000106s ]
[2022-06-22T09:42:41+08:00][sql] SELECT COUNT(*) AS think_count FROM `index_goods` `c` INNER JOIN `index_relevance` `r` ON `r`.`classify_id`=11 and r.content_id=goods_id LIMIT 1 [ RunTime:0.000122s ]
[2022-06-22T09:42:42+08:00][sql] CONNECT:[ UseTime:0.000570s ] mysql:host=127.0.0.1;port=3306;dbname=tp;charset=utf8
[2022-06-22T09:42:42+08:00][sql] SHOW FULL COLUMNS FROM `index_classify_type` [ RunTime:0.000776s ]
[2022-06-22T09:42:42+08:00][sql] SELECT * FROM `index_classify_type` ORDER BY `type_id` ASC [ RunTime:0.000470s ]
[2022-06-22T09:42:45+08:00][sql] CONNECT:[ UseTime:0.015709s ] mysql:host=127.0.0.1;port=3306;dbname=tp;charset=utf8
[2022-06-22T09:42:45+08:00][sql] SHOW FULL COLUMNS FROM `index_classify` [ RunTime:0.001337s ]
[2022-06-22T09:42:45+08:00][sql] SELECT `type_id` FROM `index_classify` WHERE  ( classify_id=3 ) LIMIT 1 [ RunTime:0.000209s ]
[2022-06-22T09:42:45+08:00][sql] SELECT `classify_name` FROM `index_classify` WHERE  ( classify_id=3 ) LIMIT 1 [ RunTime:0.000186s ]
[2022-06-22T09:42:45+08:00][sql] SHOW FULL COLUMNS FROM `index_classify_type` [ RunTime:0.000542s ]
[2022-06-22T09:42:45+08:00][sql] SELECT `table_name` FROM `index_classify_type` WHERE  ( type_id=6 ) LIMIT 1 [ RunTime:0.000187s ]
[2022-06-22T09:42:45+08:00][sql] SHOW FULL COLUMNS FROM `index_input` [ RunTime:0.002024s ]
[2022-06-22T09:42:45+08:00][sql] SELECT * FROM `index_input` WHERE  `type_id` = 6  AND `list_switch` = 2 [ RunTime:0.000703s ]
[2022-06-22T09:42:45+08:00][sql] SELECT * FROM `index_input` WHERE  ( input_pid=38 ) [ RunTime:0.000254s ]
[2022-06-22T09:42:45+08:00][sql] SELECT * FROM `index_input` WHERE  ( input_pid=39 ) [ RunTime:0.000233s ]
[2022-06-22T09:42:45+08:00][sql] SELECT * FROM `index_input` WHERE  ( input_pid=40 ) [ RunTime:0.000224s ]
[2022-06-22T09:42:45+08:00][sql] SELECT `table_name`,`type_name` FROM `index_classify_type` WHERE  ( glids=6 ) [ RunTime:0.000228s ]
[2022-06-22T09:42:45+08:00][sql] SHOW FULL COLUMNS FROM `index_goods` [ RunTime:0.000914s ]
[2022-06-22T09:42:45+08:00][sql] SELECT COUNT(*) AS think_count FROM `index_goods` `c` INNER JOIN `index_relevance` `r` ON `r`.`classify_id`=3 and r.content_id=goods_id LIMIT 1 [ RunTime:0.000397s ]
[2022-06-22T09:42:45+08:00][sql] SELECT * FROM `index_goods` `c` INNER JOIN `index_relevance` `r` ON `r`.`classify_id`=3 and r.content_id=goods_id ORDER BY `date` DESC LIMIT 0,20 [ RunTime:0.000235s ]
[2022-06-22T09:42:45+08:00][sql] SELECT `table_name` FROM `index_classify_type` WHERE  ( type_id=6 ) LIMIT 1 [ RunTime:0.000255s ]
[2022-06-22T09:42:45+08:00][sql] SELECT `type_id`,`table_name`,`type_name` FROM `index_classify_type` WHERE  ( glids=6 ) [ RunTime:0.000279s ]
[2022-06-22T09:42:45+08:00][sql] SHOW FULL COLUMNS FROM `index_imgs` [ RunTime:0.003610s ]
[2022-06-22T09:42:45+08:00][sql] SELECT COUNT(*) AS think_count FROM `index_imgs` WHERE  ( goods_id=9 ) LIMIT 1 [ RunTime:0.000280s ]
[2022-06-22T09:42:45+08:00][sql] SHOW FULL COLUMNS FROM `index_img2` [ RunTime:0.002565s ]
[2022-06-22T09:42:45+08:00][sql] SELECT COUNT(*) AS think_count FROM `index_img2` WHERE  ( goods_id=9 ) LIMIT 1 [ RunTime:0.000226s ]
[2022-06-22T09:42:45+08:00][sql] SHOW FULL COLUMNS FROM `index_function_switch` [ RunTime:0.003470s ]
[2022-06-22T09:42:45+08:00][sql] SELECT * FROM `index_function_switch` WHERE  ( function_switch_id=1 ) LIMIT 1 [ RunTime:0.000241s ]
[2022-06-22T09:42:45+08:00][sql] SELECT `classify_id`,`level_id`,`classify_pid`,`type_id`,`classify_name` FROM `index_classify` WHERE  ( version_id=1 ) [ RunTime:0.000229s ]
[2022-06-22T09:42:51+08:00][sql] CONNECT:[ UseTime:0.018914s ] mysql:host=127.0.0.1;port=3306;dbname=tp;charset=utf8
[2022-06-22T09:42:51+08:00][sql] SHOW FULL COLUMNS FROM `index_classify` [ RunTime:0.000998s ]
[2022-06-22T09:42:51+08:00][sql] SELECT `type_id` FROM `index_classify` WHERE  ( classify_id=3 ) LIMIT 1 [ RunTime:0.000225s ]
[2022-06-22T09:42:51+08:00][sql] SELECT `classify_name` FROM `index_classify` WHERE  ( classify_id=3 ) LIMIT 1 [ RunTime:0.000141s ]
[2022-06-22T09:42:51+08:00][sql] SHOW FULL COLUMNS FROM `index_classify_type` [ RunTime:0.000540s ]
[2022-06-22T09:42:51+08:00][sql] SELECT `table_name` FROM `index_classify_type` WHERE  ( type_id=6 ) LIMIT 1 [ RunTime:0.000191s ]
[2022-06-22T09:42:51+08:00][sql] SHOW FULL COLUMNS FROM `index_input` [ RunTime:0.000510s ]
[2022-06-22T09:42:51+08:00][sql] SELECT * FROM `index_input` WHERE  `type_id` = 6  AND `list_switch` = 2 [ RunTime:0.000222s ]
[2022-06-22T09:42:51+08:00][sql] SELECT * FROM `index_input` WHERE  ( input_pid=38 ) [ RunTime:0.000201s ]
[2022-06-22T09:42:51+08:00][sql] SELECT * FROM `index_input` WHERE  ( input_pid=39 ) [ RunTime:0.000192s ]
[2022-06-22T09:42:51+08:00][sql] SELECT * FROM `index_input` WHERE  ( input_pid=40 ) [ RunTime:0.000187s ]
[2022-06-22T09:42:51+08:00][sql] SELECT `table_name`,`type_name` FROM `index_classify_type` WHERE  ( glids=6 ) [ RunTime:0.000120s ]
[2022-06-22T09:42:51+08:00][sql] SHOW FULL COLUMNS FROM `index_goods` [ RunTime:0.000837s ]
[2022-06-22T09:42:51+08:00][sql] SELECT COUNT(*) AS think_count FROM `index_goods` `c` INNER JOIN `index_relevance` `r` ON `r`.`classify_id`=3 and r.content_id=goods_id LIMIT 1 [ RunTime:0.000297s ]
[2022-06-22T09:42:51+08:00][sql] SELECT * FROM `index_goods` `c` INNER JOIN `index_relevance` `r` ON `r`.`classify_id`=3 and r.content_id=goods_id ORDER BY `date` DESC LIMIT 0,20 [ RunTime:0.000212s ]
[2022-06-22T09:42:51+08:00][sql] SELECT `table_name` FROM `index_classify_type` WHERE  ( type_id=6 ) LIMIT 1 [ RunTime:0.000177s ]
[2022-06-22T09:42:51+08:00][sql] SELECT `type_id`,`table_name`,`type_name` FROM `index_classify_type` WHERE  ( glids=6 ) [ RunTime:0.000174s ]
[2022-06-22T09:42:51+08:00][sql] SHOW FULL COLUMNS FROM `index_imgs` [ RunTime:0.000883s ]
[2022-06-22T09:42:51+08:00][sql] SELECT COUNT(*) AS think_count FROM `index_imgs` WHERE  ( goods_id=9 ) LIMIT 1 [ RunTime:0.000186s ]
[2022-06-22T09:42:51+08:00][sql] SHOW FULL COLUMNS FROM `index_img2` [ RunTime:0.000774s ]
[2022-06-22T09:42:51+08:00][sql] SELECT COUNT(*) AS think_count FROM `index_img2` WHERE  ( goods_id=9 ) LIMIT 1 [ RunTime:0.000145s ]
[2022-06-22T09:42:51+08:00][sql] SHOW FULL COLUMNS FROM `index_function_switch` [ RunTime:0.000796s ]
[2022-06-22T09:42:51+08:00][sql] SELECT * FROM `index_function_switch` WHERE  ( function_switch_id=1 ) LIMIT 1 [ RunTime:0.000194s ]
[2022-06-22T09:42:51+08:00][sql] SELECT `classify_id`,`level_id`,`classify_pid`,`type_id`,`classify_name` FROM `index_classify` WHERE  ( version_id=1 ) [ RunTime:0.000184s ]
[2022-06-22T09:57:10+08:00][sql] CONNECT:[ UseTime:0.024195s ] mysql:host=127.0.0.1;port=3306;dbname=tp;charset=utf8
[2022-06-22T09:57:10+08:00][sql] SHOW FULL COLUMNS FROM `index_classify_type` [ RunTime:0.000755s ]
[2022-06-22T09:57:10+08:00][sql] SELECT `table_name`,`glids` FROM `index_classify_type` WHERE  ( type_id=15 ) LIMIT 1 [ RunTime:0.000210s ]
[2022-06-22T09:57:10+08:00][error] [10500]method not exist:think\db\Query->wehre[D:\phpstudy_pro\WWW\tp\vendor\topthink\think-orm\src\db\BaseQuery.php:117]
[2022-06-22T09:58:01+08:00][sql] CONNECT:[ UseTime:0.024795s ] mysql:host=127.0.0.1;port=3306;dbname=tp;charset=utf8
[2022-06-22T09:58:01+08:00][sql] SHOW FULL COLUMNS FROM `index_classify` [ RunTime:0.001064s ]
[2022-06-22T09:58:01+08:00][sql] SELECT `type_id` FROM `index_classify` WHERE  ( classify_id=3 ) LIMIT 1 [ RunTime:0.000167s ]
[2022-06-22T09:58:01+08:00][sql] SELECT `classify_name` FROM `index_classify` WHERE  ( classify_id=3 ) LIMIT 1 [ RunTime:0.000288s ]
[2022-06-22T09:58:01+08:00][sql] SHOW FULL COLUMNS FROM `index_classify_type` [ RunTime:0.001043s ]
[2022-06-22T09:58:01+08:00][sql] SELECT `table_name` FROM `index_classify_type` WHERE  ( type_id=6 ) LIMIT 1 [ RunTime:0.000226s ]
[2022-06-22T09:58:01+08:00][sql] SHOW FULL COLUMNS FROM `index_input` [ RunTime:0.000510s ]
[2022-06-22T09:58:01+08:00][sql] SELECT * FROM `index_input` WHERE  `type_id` = 6  AND `list_switch` = 2 [ RunTime:0.000241s ]
[2022-06-22T09:58:01+08:00][sql] SELECT * FROM `index_input` WHERE  ( input_pid=38 ) [ RunTime:0.000197s ]
[2022-06-22T09:58:01+08:00][sql] SELECT * FROM `index_input` WHERE  ( input_pid=39 ) [ RunTime:0.000226s ]
[2022-06-22T09:58:01+08:00][sql] SELECT * FROM `index_input` WHERE  ( input_pid=40 ) [ RunTime:0.000161s ]
[2022-06-22T09:58:01+08:00][sql] SELECT `table_name`,`type_name` FROM `index_classify_type` WHERE  ( glids=6 ) [ RunTime:0.000143s ]
[2022-06-22T09:58:01+08:00][sql] SHOW FULL COLUMNS FROM `index_goods` [ RunTime:0.000813s ]
[2022-06-22T09:58:01+08:00][sql] SELECT COUNT(*) AS think_count FROM `index_goods` `c` INNER JOIN `index_relevance` `r` ON `r`.`classify_id`=3 and r.content_id=goods_id LIMIT 1 [ RunTime:0.000339s ]
[2022-06-22T09:58:01+08:00][sql] SELECT * FROM `index_goods` `c` INNER JOIN `index_relevance` `r` ON `r`.`classify_id`=3 and r.content_id=goods_id ORDER BY `date` DESC LIMIT 0,20 [ RunTime:0.000215s ]
[2022-06-22T09:58:01+08:00][sql] SELECT `table_name` FROM `index_classify_type` WHERE  ( type_id=6 ) LIMIT 1 [ RunTime:0.000151s ]
[2022-06-22T09:58:01+08:00][sql] SELECT `type_id`,`table_name`,`type_name` FROM `index_classify_type` WHERE  ( glids=6 ) [ RunTime:0.000143s ]
[2022-06-22T09:58:01+08:00][sql] SHOW FULL COLUMNS FROM `index_imgs` [ RunTime:0.000809s ]
[2022-06-22T09:58:01+08:00][sql] SELECT COUNT(*) AS think_count FROM `index_imgs` WHERE  ( goods_id=9 ) LIMIT 1 [ RunTime:0.000154s ]
[2022-06-22T09:58:01+08:00][sql] SHOW FULL COLUMNS FROM `index_img2` [ RunTime:0.000866s ]
[2022-06-22T09:58:01+08:00][sql] SELECT COUNT(*) AS think_count FROM `index_img2` WHERE  ( goods_id=9 ) LIMIT 1 [ RunTime:0.000225s ]
[2022-06-22T09:58:01+08:00][sql] SHOW FULL COLUMNS FROM `index_function_switch` [ RunTime:0.001834s ]
[2022-06-22T09:58:01+08:00][sql] SELECT * FROM `index_function_switch` WHERE  ( function_switch_id=1 ) LIMIT 1 [ RunTime:0.000403s ]
[2022-06-22T09:58:01+08:00][sql] SELECT `classify_id`,`level_id`,`classify_pid`,`type_id`,`classify_name` FROM `index_classify` WHERE  ( version_id=1 ) [ RunTime:0.000250s ]
[2022-06-22T09:58:03+08:00][sql] CONNECT:[ UseTime:0.021116s ] mysql:host=127.0.0.1;port=3306;dbname=tp;charset=utf8
[2022-06-22T09:58:03+08:00][sql] SHOW FULL COLUMNS FROM `index_classify_type` [ RunTime:0.000740s ]
[2022-06-22T09:58:03+08:00][sql] SELECT `table_name`,`glids` FROM `index_classify_type` WHERE  ( type_id=15 ) LIMIT 1 [ RunTime:0.000249s ]
[2022-06-22T09:58:03+08:00][sql] SELECT `table_name` FROM `index_classify_type` WHERE  ( type_id=6 ) LIMIT 1 [ RunTime:0.000207s ]
[2022-06-22T09:58:03+08:00][sql] SHOW FULL COLUMNS FROM `index_input` [ RunTime:0.000551s ]
[2022-06-22T09:58:03+08:00][sql] SELECT * FROM `index_input` WHERE  `type_id` = 15  AND `list_switch` = 2 [ RunTime:0.000266s ]
[2022-06-22T09:58:03+08:00][sql] SELECT `table_name`,`type_name` FROM `index_classify_type` WHERE  ( glids=15 ) [ RunTime:0.000210s ]
[2022-06-22T09:58:03+08:00][sql] SHOW FULL COLUMNS FROM `index_imgs` [ RunTime:0.000886s ]
[2022-06-22T09:58:03+08:00][sql] SELECT COUNT(*) AS think_count FROM `index_imgs` WHERE  ( goods_id=9 ) LIMIT 1 [ RunTime:0.000188s ]
[2022-06-22T09:58:03+08:00][sql] SHOW FULL COLUMNS FROM `index_function_switch` [ RunTime:0.000884s ]
[2022-06-22T09:58:03+08:00][sql] SELECT * FROM `index_function_switch` WHERE  ( function_switch_id=1 ) LIMIT 1 [ RunTime:0.000267s ]
[2022-06-22T09:58:03+08:00][sql] SHOW FULL COLUMNS FROM `index_classify` [ RunTime:0.001954s ]
[2022-06-22T09:58:03+08:00][sql] SELECT `classify_id`,`level_id`,`classify_pid`,`type_id`,`classify_name` FROM `index_classify` WHERE  ( version_id=1 ) [ RunTime:0.000428s ]
[2022-06-22T09:58:03+08:00][error] [8]未定义变量: table_name[D:\phpstudy_pro\WWW\tp\app\admin\controller\Content.php:350]
[2022-06-22T10:00:34+08:00][sql] CONNECT:[ UseTime:0.000593s ] mysql:host=127.0.0.1;port=3306;dbname=tp;charset=utf8
[2022-06-22T10:00:34+08:00][sql] SHOW FULL COLUMNS FROM `index_classify_type` [ RunTime:0.000961s ]
[2022-06-22T10:00:34+08:00][sql] SELECT `table_name`,`glids` FROM `index_classify_type` WHERE  ( type_id=15 ) LIMIT 1 [ RunTime:0.000216s ]
[2022-06-22T10:00:34+08:00][sql] SELECT `table_name` FROM `index_classify_type` WHERE  ( type_id=6 ) LIMIT 1 [ RunTime:0.000168s ]
[2022-06-22T10:00:34+08:00][sql] SHOW FULL COLUMNS FROM `index_input` [ RunTime:0.000497s ]
[2022-06-22T10:00:34+08:00][sql] SELECT * FROM `index_input` WHERE  `type_id` = 15  AND `list_switch` = 2 [ RunTime:0.000224s ]
[2022-06-22T10:00:34+08:00][sql] SELECT `table_name`,`type_name` FROM `index_classify_type` WHERE  ( glids=15 ) [ RunTime:0.000157s ]
[2022-06-22T10:00:34+08:00][sql] SHOW FULL COLUMNS FROM `index_imgs` [ RunTime:0.000863s ]
[2022-06-22T10:00:34+08:00][sql] SELECT COUNT(*) AS think_count FROM `index_imgs` WHERE  ( goods_id=9 ) LIMIT 1 [ RunTime:0.000151s ]
[2022-06-22T10:00:34+08:00][sql] SHOW FULL COLUMNS FROM `index_function_switch` [ RunTime:0.000836s ]
[2022-06-22T10:00:34+08:00][sql] SELECT * FROM `index_function_switch` WHERE  ( function_switch_id=1 ) LIMIT 1 [ RunTime:0.000222s ]
[2022-06-22T10:00:34+08:00][sql] SHOW FULL COLUMNS FROM `index_classify` [ RunTime:0.000367s ]
[2022-06-22T10:00:34+08:00][sql] SELECT `classify_id`,`level_id`,`classify_pid`,`type_id`,`classify_name` FROM `index_classify` WHERE  ( version_id=1 ) [ RunTime:0.000282s ]
[2022-06-22T10:00:34+08:00][error] [8]未定义变量: classify_id[D:\phpstudy_pro\WWW\tp\runtime\admin\temp\b4836917df217dd0054b9a537ba7f306.php:86]
[2022-06-22T10:02:14+08:00][sql] CONNECT:[ UseTime:0.000585s ] mysql:host=127.0.0.1;port=3306;dbname=tp;charset=utf8
[2022-06-22T10:02:14+08:00][sql] SHOW FULL COLUMNS FROM `index_classify_type` [ RunTime:0.000482s ]
[2022-06-22T10:02:14+08:00][sql] SELECT `table_name`,`glids` FROM `index_classify_type` WHERE  ( type_id=15 ) LIMIT 1 [ RunTime:0.000216s ]
[2022-06-22T10:02:14+08:00][sql] SELECT `table_name` FROM `index_classify_type` WHERE  ( type_id=6 ) LIMIT 1 [ RunTime:0.000169s ]
[2022-06-22T10:02:14+08:00][sql] SHOW FULL COLUMNS FROM `index_input` [ RunTime:0.000547s ]
[2022-06-22T10:02:14+08:00][sql] SELECT * FROM `index_input` WHERE  `type_id` = 15  AND `list_switch` = 2 [ RunTime:0.000236s ]
[2022-06-22T10:02:14+08:00][sql] SELECT `table_name`,`type_name` FROM `index_classify_type` WHERE  ( glids=15 ) [ RunTime:0.000180s ]
[2022-06-22T10:02:14+08:00][sql] SHOW FULL COLUMNS FROM `index_imgs` [ RunTime:0.000897s ]
[2022-06-22T10:02:14+08:00][sql] SELECT COUNT(*) AS think_count FROM `index_imgs` WHERE  ( goods_id=9 ) LIMIT 1 [ RunTime:0.000186s ]
[2022-06-22T10:02:14+08:00][sql] SHOW FULL COLUMNS FROM `index_function_switch` [ RunTime:0.000871s ]
[2022-06-22T10:02:14+08:00][sql] SELECT * FROM `index_function_switch` WHERE  ( function_switch_id=1 ) LIMIT 1 [ RunTime:0.000196s ]
[2022-06-22T10:02:14+08:00][sql] SHOW FULL COLUMNS FROM `index_classify` [ RunTime:0.000390s ]
[2022-06-22T10:02:14+08:00][sql] SELECT `classify_id`,`level_id`,`classify_pid`,`type_id`,`classify_name` FROM `index_classify` WHERE  ( version_id=1 ) [ RunTime:0.000193s ]
[2022-06-22T10:02:14+08:00][error] [8]未定义变量: classify_id[D:\phpstudy_pro\WWW\tp\runtime\admin\temp\b4836917df217dd0054b9a537ba7f306.php:86]
[2022-06-22T10:03:02+08:00][sql] CONNECT:[ UseTime:0.001107s ] mysql:host=127.0.0.1;port=3306;dbname=tp;charset=utf8
[2022-06-22T10:03:02+08:00][sql] SHOW FULL COLUMNS FROM `index_classify_type` [ RunTime:0.001193s ]
[2022-06-22T10:03:02+08:00][sql] SELECT `table_name`,`glids` FROM `index_classify_type` WHERE  ( type_id=15 ) LIMIT 1 [ RunTime:0.000314s ]
[2022-06-22T10:03:02+08:00][sql] SELECT `table_name` FROM `index_classify_type` WHERE  ( type_id=6 ) LIMIT 1 [ RunTime:0.000213s ]
[2022-06-22T10:03:02+08:00][sql] SHOW FULL COLUMNS FROM `index_input` [ RunTime:0.000798s ]
[2022-06-22T10:03:02+08:00][sql] SELECT * FROM `index_input` WHERE  `type_id` = 15  AND `list_switch` = 2 [ RunTime:0.000277s ]
[2022-06-22T10:03:02+08:00][sql] SELECT `table_name`,`type_name` FROM `index_classify_type` WHERE  ( glids=15 ) [ RunTime:0.000224s ]
[2022-06-22T10:03:02+08:00][sql] SHOW FULL COLUMNS FROM `index_imgs` [ RunTime:0.000910s ]
[2022-06-22T10:03:02+08:00][sql] SELECT COUNT(*) AS think_count FROM `index_imgs` WHERE  ( goods_id=9 ) LIMIT 1 [ RunTime:0.000220s ]
[2022-06-22T10:03:02+08:00][sql] SHOW FULL COLUMNS FROM `index_function_switch` [ RunTime:0.000898s ]
[2022-06-22T10:03:02+08:00][sql] SELECT * FROM `index_function_switch` WHERE  ( function_switch_id=1 ) LIMIT 1 [ RunTime:0.000234s ]
[2022-06-22T10:03:02+08:00][sql] SHOW FULL COLUMNS FROM `index_classify` [ RunTime:0.000427s ]
[2022-06-22T10:03:02+08:00][sql] SELECT `classify_id`,`level_id`,`classify_pid`,`type_id`,`classify_name` FROM `index_classify` WHERE  ( version_id=1 ) [ RunTime:0.000222s ]
[2022-06-22T10:03:02+08:00][error] [8]未定义变量: classify_id[D:\phpstudy_pro\WWW\tp\runtime\admin\temp\b4836917df217dd0054b9a537ba7f306.php:86]
[2022-06-22T10:03:23+08:00][sql] CONNECT:[ UseTime:0.013686s ] mysql:host=127.0.0.1;port=3306;dbname=tp;charset=utf8
[2022-06-22T10:03:23+08:00][sql] SHOW FULL COLUMNS FROM `index_classify_type` [ RunTime:0.000777s ]
[2022-06-22T10:03:23+08:00][sql] SELECT `table_name`,`glids` FROM `index_classify_type` WHERE  ( type_id=15 ) LIMIT 1 [ RunTime:0.000251s ]
[2022-06-22T10:03:23+08:00][sql] SELECT `table_name` FROM `index_classify_type` WHERE  ( type_id=6 ) LIMIT 1 [ RunTime:0.000208s ]
[2022-06-22T10:03:23+08:00][sql] SHOW FULL COLUMNS FROM `index_input` [ RunTime:0.000566s ]
[2022-06-22T10:03:23+08:00][sql] SELECT * FROM `index_input` WHERE  `type_id` = 15  AND `list_switch` = 2 [ RunTime:0.000289s ]
[2022-06-22T10:03:23+08:00][sql] SELECT `table_name`,`type_name` FROM `index_classify_type` WHERE  ( glids=15 ) [ RunTime:0.000364s ]
[2022-06-22T10:03:23+08:00][sql] SHOW FULL COLUMNS FROM `index_imgs` [ RunTime:0.001506s ]
[2022-06-22T10:03:23+08:00][sql] SELECT COUNT(*) AS think_count FROM `index_imgs` WHERE  ( goods_id=9 ) LIMIT 1 [ RunTime:0.000245s ]
[2022-06-22T10:03:23+08:00][sql] SHOW FULL COLUMNS FROM `index_function_switch` [ RunTime:0.000899s ]
[2022-06-22T10:03:23+08:00][sql] SELECT * FROM `index_function_switch` WHERE  ( function_switch_id=1 ) LIMIT 1 [ RunTime:0.000249s ]
[2022-06-22T10:03:23+08:00][sql] SHOW FULL COLUMNS FROM `index_classify` [ RunTime:0.000436s ]
[2022-06-22T10:03:23+08:00][sql] SELECT `classify_id`,`level_id`,`classify_pid`,`type_id`,`classify_name` FROM `index_classify` WHERE  ( version_id=1 ) [ RunTime:0.000236s ]
[2022-06-22T10:11:46+08:00][sql] CONNECT:[ UseTime:0.023510s ] mysql:host=127.0.0.1;port=3306;dbname=tp;charset=utf8
[2022-06-22T10:11:46+08:00][sql] SHOW FULL COLUMNS FROM `index_input` [ RunTime:0.001089s ]
[2022-06-22T10:11:46+08:00][sql] SELECT * FROM `index_input` WHERE  `type_id` = 4  AND `edit_switch` = 2  AND `input_pid` IS NULL ORDER BY `date` ASC [ RunTime:0.000380s ]
[2022-06-22T10:11:46+08:00][sql] SHOW FULL COLUMNS FROM `index_function_switch` [ RunTime:0.001023s ]
[2022-06-22T10:11:46+08:00][sql] SELECT * FROM `index_function_switch` WHERE  ( version_id=1 ) LIMIT 1 [ RunTime:0.000238s ]
[2022-06-22T10:11:47+08:00][sql] CONNECT:[ UseTime:0.013915s ] mysql:host=127.0.0.1;port=3306;dbname=tp;charset=utf8
[2022-06-22T10:11:47+08:00][sql] SHOW FULL COLUMNS FROM `index_classify_type` [ RunTime:0.000612s ]
[2022-06-22T10:11:47+08:00][sql] SELECT * FROM `index_classify_type` ORDER BY `type_id` ASC [ RunTime:0.000286s ]
[2022-06-22T10:12:07+08:00][sql] CONNECT:[ UseTime:0.020675s ] mysql:host=127.0.0.1;port=3306;dbname=tp;charset=utf8
[2022-06-22T10:12:07+08:00][sql] SHOW FULL COLUMNS FROM `index_classify_type` [ RunTime:0.000556s ]
[2022-06-22T10:12:07+08:00][sql] SELECT `table_name`,`glids` FROM `index_classify_type` WHERE  ( type_id=15 ) LIMIT 1 [ RunTime:0.000246s ]
[2022-06-22T10:12:07+08:00][sql] SELECT `table_name` FROM `index_classify_type` WHERE  ( type_id=6 ) LIMIT 1 [ RunTime:0.000219s ]
[2022-06-22T10:12:07+08:00][sql] SHOW FULL COLUMNS FROM `index_input` [ RunTime:0.000555s ]
[2022-06-22T10:12:07+08:00][sql] SELECT * FROM `index_input` WHERE  `type_id` = 15  AND `list_switch` = 2 [ RunTime:0.000374s ]
[2022-06-22T10:12:07+08:00][sql] SELECT `table_name`,`type_name` FROM `index_classify_type` WHERE  ( glids=15 ) [ RunTime:0.000242s ]
[2022-06-22T10:12:07+08:00][sql] SHOW FULL COLUMNS FROM `index_imgs` [ RunTime:0.000473s ]
[2022-06-22T10:12:07+08:00][sql] SELECT COUNT(*) AS think_count FROM `index_imgs` WHERE  ( goods_id=9 ) LIMIT 1 [ RunTime:0.000243s ]
[2022-06-22T10:12:07+08:00][sql] SELECT * FROM `index_imgs` WHERE  ( goods_id=9 ) ORDER BY `date` DESC LIMIT 0,20 [ RunTime:0.000247s ]
[2022-06-22T10:12:07+08:00][sql] SHOW FULL COLUMNS FROM `index_function_switch` [ RunTime:0.000438s ]
[2022-06-22T10:12:07+08:00][sql] SELECT * FROM `index_function_switch` WHERE  ( function_switch_id=1 ) LIMIT 1 [ RunTime:0.000234s ]
[2022-06-22T10:12:07+08:00][sql] SHOW FULL COLUMNS FROM `index_classify` [ RunTime:0.000436s ]
[2022-06-22T10:12:07+08:00][sql] SELECT `classify_id`,`level_id`,`classify_pid`,`type_id`,`classify_name` FROM `index_classify` WHERE  ( version_id=1 ) [ RunTime:0.000234s ]
[2022-06-22T10:12:07+08:00][error] [8]未定义变量: table_id[D:\phpstudy_pro\WWW\tp\runtime\admin\temp\b4836917df217dd0054b9a537ba7f306.php:114]
[2022-06-22T10:14:15+08:00][sql] CONNECT:[ UseTime:0.017842s ] mysql:host=127.0.0.1;port=3306;dbname=tp;charset=utf8
[2022-06-22T10:14:15+08:00][sql] SHOW FULL COLUMNS FROM `index_classify_type` [ RunTime:0.001187s ]
[2022-06-22T10:14:15+08:00][sql] SELECT `table_name`,`glids` FROM `index_classify_type` WHERE  ( type_id=15 ) LIMIT 1 [ RunTime:0.000326s ]
[2022-06-22T10:14:15+08:00][sql] SELECT `table_name` FROM `index_classify_type` WHERE  ( type_id=6 ) LIMIT 1 [ RunTime:0.000212s ]
[2022-06-22T10:14:15+08:00][sql] SHOW FULL COLUMNS FROM `index_input` [ RunTime:0.000434s ]
[2022-06-22T10:14:15+08:00][sql] SELECT * FROM `index_input` WHERE  `type_id` = 15  AND `list_switch` = 2 [ RunTime:0.000266s ]
[2022-06-22T10:14:15+08:00][sql] SELECT `table_name`,`type_name` FROM `index_classify_type` WHERE  ( glids=15 ) [ RunTime:0.000223s ]
[2022-06-22T10:14:15+08:00][sql] SHOW FULL COLUMNS FROM `index_imgs` [ RunTime:0.000412s ]
[2022-06-22T10:14:15+08:00][sql] SELECT COUNT(*) AS think_count FROM `index_imgs` WHERE  ( goods_id=9 ) LIMIT 1 [ RunTime:0.000217s ]
[2022-06-22T10:14:15+08:00][sql] SELECT * FROM `index_imgs` WHERE  ( goods_id=9 ) ORDER BY `date` DESC LIMIT 0,20 [ RunTime:0.000287s ]
[2022-06-22T10:14:15+08:00][sql] SHOW FULL COLUMNS FROM `index_function_switch` [ RunTime:0.000429s ]
[2022-06-22T10:14:15+08:00][sql] SELECT * FROM `index_function_switch` WHERE  ( function_switch_id=1 ) LIMIT 1 [ RunTime:0.000236s ]
[2022-06-22T10:14:15+08:00][sql] SHOW FULL COLUMNS FROM `index_classify` [ RunTime:0.000427s ]
[2022-06-22T10:14:15+08:00][sql] SELECT `classify_id`,`level_id`,`classify_pid`,`type_id`,`classify_name` FROM `index_classify` WHERE  ( version_id=1 ) [ RunTime:0.000218s ]
[2022-06-22T10:14:15+08:00][error] [8]未定义变量: classify_name[D:\phpstudy_pro\WWW\tp\runtime\admin\temp\b4836917df217dd0054b9a537ba7f306.php:153]
[2022-06-22T10:14:30+08:00][sql] CONNECT:[ UseTime:0.012607s ] mysql:host=127.0.0.1;port=3306;dbname=tp;charset=utf8
[2022-06-22T10:14:30+08:00][sql] SHOW FULL COLUMNS FROM `index_classify_type` [ RunTime:0.000609s ]
[2022-06-22T10:14:30+08:00][sql] SELECT `table_name`,`glids` FROM `index_classify_type` WHERE  ( type_id=15 ) LIMIT 1 [ RunTime:0.000231s ]
[2022-06-22T10:14:30+08:00][sql] SELECT `table_name` FROM `index_classify_type` WHERE  ( type_id=6 ) LIMIT 1 [ RunTime:0.000200s ]
[2022-06-22T10:14:30+08:00][sql] SHOW FULL COLUMNS FROM `index_input` [ RunTime:0.000515s ]
[2022-06-22T10:14:30+08:00][sql] SELECT * FROM `index_input` WHERE  `type_id` = 15  AND `list_switch` = 2 [ RunTime:0.000228s ]
[2022-06-22T10:14:30+08:00][sql] SELECT `table_name`,`type_name` FROM `index_classify_type` WHERE  ( glids=15 ) [ RunTime:0.000180s ]
[2022-06-22T10:14:30+08:00][sql] SHOW FULL COLUMNS FROM `index_imgs` [ RunTime:0.000843s ]
[2022-06-22T10:14:30+08:00][sql] SELECT COUNT(*) AS think_count FROM `index_imgs` WHERE  ( goods_id=9 ) LIMIT 1 [ RunTime:0.000161s ]
[2022-06-22T10:14:30+08:00][sql] SELECT * FROM `index_imgs` WHERE  ( goods_id=9 ) ORDER BY `date` DESC LIMIT 0,20 [ RunTime:0.000159s ]
[2022-06-22T10:14:30+08:00][sql] SHOW FULL COLUMNS FROM `index_function_switch` [ RunTime:0.000837s ]
[2022-06-22T10:14:30+08:00][sql] SELECT * FROM `index_function_switch` WHERE  ( function_switch_id=1 ) LIMIT 1 [ RunTime:0.000276s ]
[2022-06-22T10:14:30+08:00][sql] SHOW FULL COLUMNS FROM `index_classify` [ RunTime:0.001653s ]
[2022-06-22T10:14:30+08:00][sql] SELECT `classify_id`,`level_id`,`classify_pid`,`type_id`,`classify_name` FROM `index_classify` WHERE  ( version_id=1 ) [ RunTime:0.000366s ]
[2022-06-22T10:14:30+08:00][error] [8]未定义数组索引: child[D:\phpstudy_pro\WWW\tp\runtime\admin\temp\b4836917df217dd0054b9a537ba7f306.php:155]
[2022-06-22T10:14:40+08:00][sql] CONNECT:[ UseTime:0.018597s ] mysql:host=127.0.0.1;port=3306;dbname=tp;charset=utf8
[2022-06-22T10:14:40+08:00][sql] SHOW FULL COLUMNS FROM `index_classify_type` [ RunTime:0.000461s ]
[2022-06-22T10:14:40+08:00][sql] SELECT `table_name`,`glids` FROM `index_classify_type` WHERE  ( type_id=15 ) LIMIT 1 [ RunTime:0.000153s ]
[2022-06-22T10:14:40+08:00][sql] SELECT `table_name` FROM `index_classify_type` WHERE  ( type_id=6 ) LIMIT 1 [ RunTime:0.000116s ]
[2022-06-22T10:14:40+08:00][sql] SHOW FULL COLUMNS FROM `index_input` [ RunTime:0.000331s ]
[2022-06-22T10:14:40+08:00][sql] SELECT * FROM `index_input` WHERE  `type_id` = 15  AND `list_switch` = 2 [ RunTime:0.000176s ]
[2022-06-22T10:14:40+08:00][sql] SELECT `table_name`,`type_name` FROM `index_classify_type` WHERE  ( glids=15 ) [ RunTime:0.000127s ]
[2022-06-22T10:14:40+08:00][sql] SHOW FULL COLUMNS FROM `index_imgs` [ RunTime:0.000307s ]
[2022-06-22T10:14:40+08:00][sql] SELECT COUNT(*) AS think_count FROM `index_imgs` WHERE  ( goods_id=9 ) LIMIT 1 [ RunTime:0.000131s ]
[2022-06-22T10:14:40+08:00][sql] SELECT * FROM `index_imgs` WHERE  ( goods_id=9 ) ORDER BY `date` DESC LIMIT 0,20 [ RunTime:0.000186s ]
[2022-06-22T10:14:40+08:00][sql] SELECT `table_name` FROM `index_classify_type` WHERE  ( type_id=15 ) LIMIT 1 [ RunTime:0.000522s ]
[2022-06-22T10:14:40+08:00][sql] SELECT `type_id`,`table_name`,`type_name` FROM `index_classify_type` WHERE  ( glids=15 ) [ RunTime:0.000159s ]
[2022-06-22T10:14:40+08:00][sql] SHOW FULL COLUMNS FROM `index_function_switch` [ RunTime:0.000454s ]
[2022-06-22T10:14:40+08:00][sql] SELECT * FROM `index_function_switch` WHERE  ( function_switch_id=1 ) LIMIT 1 [ RunTime:0.000152s ]
[2022-06-22T10:14:40+08:00][sql] SHOW FULL COLUMNS FROM `index_classify` [ RunTime:0.000331s ]
[2022-06-22T10:14:40+08:00][sql] SELECT `classify_id`,`level_id`,`classify_pid`,`type_id`,`classify_name` FROM `index_classify` WHERE  ( version_id=1 ) [ RunTime:0.000146s ]
[2022-06-22T10:15:24+08:00][sql] CONNECT:[ UseTime:0.021147s ] mysql:host=127.0.0.1;port=3306;dbname=tp;charset=utf8
[2022-06-22T10:15:24+08:00][sql] SHOW FULL COLUMNS FROM `index_classify_type` [ RunTime:0.000570s ]
[2022-06-22T10:15:24+08:00][sql] SELECT `table_name`,`glids` FROM `index_classify_type` WHERE  ( type_id=15 ) LIMIT 1 [ RunTime:0.000204s ]
[2022-06-22T10:15:24+08:00][sql] SELECT `table_name` FROM `index_classify_type` WHERE  ( type_id=6 ) LIMIT 1 [ RunTime:0.000136s ]
[2022-06-22T10:15:24+08:00][sql] SHOW FULL COLUMNS FROM `index_input` [ RunTime:0.000367s ]
[2022-06-22T10:15:24+08:00][sql] SELECT * FROM `index_input` WHERE  `type_id` = 15  AND `list_switch` = 2 [ RunTime:0.000243s ]
[2022-06-22T10:15:24+08:00][sql] SELECT `table_name`,`type_name` FROM `index_classify_type` WHERE  ( glids=15 ) [ RunTime:0.000179s ]
[2022-06-22T10:15:24+08:00][sql] SHOW FULL COLUMNS FROM `index_imgs` [ RunTime:0.000328s ]
[2022-06-22T10:15:24+08:00][sql] SELECT COUNT(*) AS think_count FROM `index_imgs` WHERE  ( goods_id=9 ) LIMIT 1 [ RunTime:0.000157s ]
[2022-06-22T10:15:24+08:00][sql] SELECT * FROM `index_imgs` WHERE  ( goods_id=9 ) ORDER BY `date` DESC LIMIT 0,20 [ RunTime:0.000192s ]
[2022-06-22T10:15:24+08:00][sql] SELECT `table_name` FROM `index_classify_type` WHERE  ( type_id=15 ) LIMIT 1 [ RunTime:0.000149s ]
[2022-06-22T10:15:24+08:00][sql] SELECT `type_id`,`table_name`,`type_name` FROM `index_classify_type` WHERE  ( glids=15 ) [ RunTime:0.000142s ]
[2022-06-22T10:15:24+08:00][sql] SHOW FULL COLUMNS FROM `index_function_switch` [ RunTime:0.000350s ]
[2022-06-22T10:15:24+08:00][sql] SELECT * FROM `index_function_switch` WHERE  ( function_switch_id=1 ) LIMIT 1 [ RunTime:0.000177s ]
[2022-06-22T10:15:24+08:00][sql] SHOW FULL COLUMNS FROM `index_classify` [ RunTime:0.000434s ]
[2022-06-22T10:15:24+08:00][sql] SELECT `classify_id`,`level_id`,`classify_pid`,`type_id`,`classify_name` FROM `index_classify` WHERE  ( version_id=1 ) [ RunTime:0.000406s ]
[2022-06-22T10:15:50+08:00][sql] CONNECT:[ UseTime:0.022781s ] mysql:host=127.0.0.1;port=3306;dbname=tp;charset=utf8
[2022-06-22T10:15:50+08:00][sql] SHOW FULL COLUMNS FROM `index_classify_type` [ RunTime:0.000488s ]
[2022-06-22T10:15:50+08:00][sql] SELECT `table_name`,`glids` FROM `index_classify_type` WHERE  ( type_id=15 ) LIMIT 1 [ RunTime:0.000208s ]
[2022-06-22T10:15:50+08:00][sql] SELECT `table_name` FROM `index_classify_type` WHERE  ( type_id=6 ) LIMIT 1 [ RunTime:0.000151s ]
[2022-06-22T10:15:50+08:00][sql] SHOW FULL COLUMNS FROM `index_input` [ RunTime:0.000443s ]
[2022-06-22T10:15:50+08:00][sql] SELECT * FROM `index_input` WHERE  `type_id` = 15  AND `list_switch` = 2 [ RunTime:0.000337s ]
[2022-06-22T10:15:50+08:00][sql] SELECT `table_name`,`type_name` FROM `index_classify_type` WHERE  ( glids=15 ) [ RunTime:0.000252s ]
[2022-06-22T10:15:50+08:00][sql] SHOW FULL COLUMNS FROM `index_imgs` [ RunTime:0.000958s ]
[2022-06-22T10:15:50+08:00][sql] SELECT COUNT(*) AS think_count FROM `index_imgs` WHERE  ( goods_id=9 ) LIMIT 1 [ RunTime:0.000163s ]
[2022-06-22T10:15:50+08:00][sql] SELECT * FROM `index_imgs` WHERE  ( goods_id=9 ) ORDER BY `date` DESC LIMIT 0,20 [ RunTime:0.000197s ]
[2022-06-22T10:15:50+08:00][sql] SELECT `table_name` FROM `index_classify_type` WHERE  ( type_id=15 ) LIMIT 1 [ RunTime:0.000176s ]
[2022-06-22T10:15:50+08:00][sql] SELECT `type_id`,`table_name`,`type_name` FROM `index_classify_type` WHERE  ( glids=15 ) [ RunTime:0.000142s ]
[2022-06-22T10:15:50+08:00][sql] SHOW FULL COLUMNS FROM `index_function_switch` [ RunTime:0.000832s ]
[2022-06-22T10:15:50+08:00][sql] SELECT * FROM `index_function_switch` WHERE  ( function_switch_id=1 ) LIMIT 1 [ RunTime:0.000190s ]
[2022-06-22T10:15:50+08:00][sql] SHOW FULL COLUMNS FROM `index_classify` [ RunTime:0.000816s ]
[2022-06-22T10:15:50+08:00][sql] SELECT `classify_id`,`level_id`,`classify_pid`,`type_id`,`classify_name` FROM `index_classify` WHERE  ( version_id=1 ) [ RunTime:0.000155s ]
[2022-06-22T10:15:51+08:00][sql] CONNECT:[ UseTime:0.015551s ] mysql:host=127.0.0.1;port=3306;dbname=tp;charset=utf8
[2022-06-22T10:15:51+08:00][sql] SHOW FULL COLUMNS FROM `index_classify_type` [ RunTime:0.000526s ]
[2022-06-22T10:15:51+08:00][sql] SELECT `table_name`,`glids` FROM `index_classify_type` WHERE  ( type_id=15 ) LIMIT 1 [ RunTime:0.000207s ]
[2022-06-22T10:15:51+08:00][sql] SELECT `table_name` FROM `index_classify_type` WHERE  ( type_id=6 ) LIMIT 1 [ RunTime:0.000199s ]
[2022-06-22T10:15:51+08:00][sql] SHOW FULL COLUMNS FROM `index_input` [ RunTime:0.000391s ]
[2022-06-22T10:15:51+08:00][sql] SELECT * FROM `index_input` WHERE  `type_id` = 15  AND `list_switch` = 2 [ RunTime:0.000251s ]
[2022-06-22T10:15:51+08:00][sql] SELECT `table_name`,`type_name` FROM `index_classify_type` WHERE  ( glids=15 ) [ RunTime:0.000239s ]
[2022-06-22T10:15:51+08:00][sql] SHOW FULL COLUMNS FROM `index_imgs` [ RunTime:0.000768s ]
[2022-06-22T10:15:51+08:00][sql] SELECT COUNT(*) AS think_count FROM `index_imgs` WHERE  ( goods_id=9 ) LIMIT 1 [ RunTime:0.000262s ]
[2022-06-22T10:15:51+08:00][sql] SELECT * FROM `index_imgs` WHERE  ( goods_id=9 ) ORDER BY `date` DESC LIMIT 0,20 [ RunTime:0.000203s ]
[2022-06-22T10:15:51+08:00][sql] SELECT `table_name` FROM `index_classify_type` WHERE  ( type_id=15 ) LIMIT 1 [ RunTime:0.000137s ]
[2022-06-22T10:15:51+08:00][sql] SELECT `type_id`,`table_name`,`type_name` FROM `index_classify_type` WHERE  ( glids=15 ) [ RunTime:0.000125s ]
[2022-06-22T10:15:51+08:00][sql] SHOW FULL COLUMNS FROM `index_function_switch` [ RunTime:0.000355s ]
[2022-06-22T10:15:51+08:00][sql] SELECT * FROM `index_function_switch` WHERE  ( function_switch_id=1 ) LIMIT 1 [ RunTime:0.000191s ]
[2022-06-22T10:15:51+08:00][sql] SHOW FULL COLUMNS FROM `index_classify` [ RunTime:0.000451s ]
[2022-06-22T10:15:51+08:00][sql] SELECT `classify_id`,`level_id`,`classify_pid`,`type_id`,`classify_name` FROM `index_classify` WHERE  ( version_id=1 ) [ RunTime:0.000189s ]
[2022-06-22T10:16:10+08:00][sql] CONNECT:[ UseTime:0.011142s ] mysql:host=127.0.0.1;port=3306;dbname=tp;charset=utf8
[2022-06-22T10:16:10+08:00][sql] SHOW FULL COLUMNS FROM `index_classify_type` [ RunTime:0.000715s ]
[2022-06-22T10:16:10+08:00][sql] SELECT `table_name`,`glids` FROM `index_classify_type` WHERE  ( type_id=15 ) LIMIT 1 [ RunTime:0.000411s ]
[2022-06-22T10:16:10+08:00][sql] SELECT `table_name` FROM `index_classify_type` WHERE  ( type_id=6 ) LIMIT 1 [ RunTime:0.000393s ]
[2022-06-22T10:16:10+08:00][sql] SHOW FULL COLUMNS FROM `index_input` [ RunTime:0.000909s ]
[2022-06-22T10:16:10+08:00][sql] SELECT * FROM `index_input` WHERE  `type_id` = 15  AND `list_switch` = 2 [ RunTime:0.000336s ]
[2022-06-22T10:16:10+08:00][sql] SELECT `table_name`,`type_name` FROM `index_classify_type` WHERE  ( glids=15 ) [ RunTime:0.000228s ]
[2022-06-22T10:16:10+08:00][sql] SHOW FULL COLUMNS FROM `index_imgs` [ RunTime:0.000924s ]
[2022-06-22T10:16:10+08:00][sql] SELECT COUNT(*) AS think_count FROM `index_imgs` WHERE  ( goods_id=9 ) LIMIT 1 [ RunTime:0.000240s ]
[2022-06-22T10:16:10+08:00][sql] SELECT * FROM `index_imgs` WHERE  ( goods_id=9 ) ORDER BY `date` DESC LIMIT 0,20 [ RunTime:0.000236s ]
[2022-06-22T10:16:10+08:00][sql] SELECT `table_name` FROM `index_classify_type` WHERE  ( type_id=15 ) LIMIT 1 [ RunTime:0.000176s ]
[2022-06-22T10:16:10+08:00][sql] SELECT `type_id`,`table_name`,`type_name` FROM `index_classify_type` WHERE  ( glids=15 ) [ RunTime:0.000214s ]
[2022-06-22T10:16:10+08:00][sql] SHOW FULL COLUMNS FROM `index_function_switch` [ RunTime:0.000902s ]
[2022-06-22T10:16:10+08:00][sql] SELECT * FROM `index_function_switch` WHERE  ( function_switch_id=1 ) LIMIT 1 [ RunTime:0.000264s ]
[2022-06-22T10:16:10+08:00][sql] SHOW FULL COLUMNS FROM `index_classify` [ RunTime:0.001453s ]
[2022-06-22T10:16:10+08:00][sql] SELECT `classify_id`,`level_id`,`classify_pid`,`type_id`,`classify_name` FROM `index_classify` WHERE  ( version_id=1 ) [ RunTime:0.000261s ]
